TimeQuest Timing Analyzer report for Practica6
Thu Feb 25 21:23:09 2021
Quartus II 64-Bit Version 13.0.1 Build 232 06/12/2013 Service Pack 1 SJ Web Edition


---------------------
; Table of Contents ;
---------------------
  1. Legal Notice
  2. TimeQuest Timing Analyzer Summary
  3. Parallel Compilation
  4. Clocks
  5. Slow Model Fmax Summary
  6. Slow Model Setup Summary
  7. Slow Model Hold Summary
  8. Slow Model Recovery Summary
  9. Slow Model Removal Summary
 10. Slow Model Minimum Pulse Width Summary
 11. Propagation Delay
 12. Minimum Propagation Delay
 13. Fast Model Setup Summary
 14. Fast Model Hold Summary
 15. Fast Model Recovery Summary
 16. Fast Model Removal Summary
 17. Fast Model Minimum Pulse Width Summary
 18. Propagation Delay
 19. Minimum Propagation Delay
 20. Multicorner Timing Analysis Summary
 21. Progagation Delay
 22. Minimum Progagation Delay
 23. Clock Transfers
 24. Report TCCS
 25. Report RSKM
 26. Unconstrained Paths
 27. TimeQuest Timing Analyzer Messages



----------------
; Legal Notice ;
----------------
Copyright (C) 1991-2013 Altera Corporation
Your use of Altera Corporation's design tools, logic functions 
and other software and tools, and its AMPP partner logic 
functions, and any output files from any of the foregoing 
(including device programming or simulation files), and any 
associated documentation or information are expressly subject 
to the terms and conditions of the Altera Program License 
Subscription Agreement, Altera MegaCore Function License 
Agreement, or other applicable license agreement, including, 
without limitation, that your use is for the sole purpose of 
programming logic devices manufactured by Altera and sold by 
Altera or its authorized distributors.  Please refer to the 
applicable agreement for further details.



+----------------------------------------------------------------------------------------+
; TimeQuest Timing Analyzer Summary                                                      ;
+--------------------+-------------------------------------------------------------------+
; Quartus II Version ; Version 13.0.1 Build 232 06/12/2013 Service Pack 1 SJ Web Edition ;
; Revision Name      ; Practica6                                                         ;
; Device Family      ; Cyclone II                                                        ;
; Device Name        ; EP2C20F484C7                                                      ;
; Timing Models      ; Final                                                             ;
; Delay Model        ; Combined                                                          ;
; Rise/Fall Delays   ; Unavailable                                                       ;
+--------------------+-------------------------------------------------------------------+


Parallel compilation was disabled, but you have multiple processors available. Enable parallel compilation to reduce compilation time.
+-------------------------------------+
; Parallel Compilation                ;
+----------------------------+--------+
; Processors                 ; Number ;
+----------------------------+--------+
; Number detected on machine ; 8      ;
; Maximum allowed            ; 1      ;
+----------------------------+--------+


----------
; Clocks ;
----------
No clocks to report.


---------------------------
; Slow Model Fmax Summary ;
---------------------------
No paths to report.


----------------------------
; Slow Model Setup Summary ;
----------------------------
No paths to report.


---------------------------
; Slow Model Hold Summary ;
---------------------------
No paths to report.


-------------------------------
; Slow Model Recovery Summary ;
-------------------------------
No paths to report.


------------------------------
; Slow Model Removal Summary ;
------------------------------
No paths to report.


------------------------------------------
; Slow Model Minimum Pulse Width Summary ;
------------------------------------------
No paths to report.


+--------------------------------------------------------------+
; Propagation Delay                                            ;
+------------+-------------+--------+--------+--------+--------+
; Input Port ; Output Port ; RR     ; RF     ; FR     ; FF     ;
+------------+-------------+--------+--------+--------+--------+
; a[0]       ; disp1[0]    ; 14.788 ; 14.788 ; 14.788 ; 14.788 ;
; a[0]       ; disp1[1]    ; 14.371 ; 14.371 ; 14.371 ; 14.371 ;
; a[0]       ; disp1[2]    ; 14.358 ; 14.358 ; 14.358 ; 14.358 ;
; a[0]       ; disp1[3]    ; 14.421 ; 14.421 ; 14.421 ; 14.421 ;
; a[0]       ; disp1[4]    ; 14.658 ; 14.658 ; 14.658 ; 14.658 ;
; a[0]       ; disp1[5]    ; 14.787 ; 14.787 ; 14.787 ; 14.787 ;
; a[0]       ; disp1[6]    ; 14.368 ; 14.368 ; 14.368 ; 14.368 ;
; a[0]       ; disp2[0]    ; 16.400 ; 16.400 ; 16.400 ; 16.400 ;
; a[0]       ; disp2[1]    ; 16.511 ; 16.511 ; 16.511 ; 16.511 ;
; a[0]       ; disp2[2]    ; 16.263 ; 16.263 ; 16.263 ; 16.263 ;
; a[0]       ; disp2[3]    ; 16.405 ; 16.405 ; 16.405 ; 16.405 ;
; a[0]       ; disp2[4]    ; 16.837 ; 16.837 ; 16.837 ; 16.837 ;
; a[0]       ; disp2[5]    ; 16.428 ; 16.428 ; 16.428 ; 16.428 ;
; a[0]       ; disp2[6]    ; 16.748 ; 16.748 ; 16.748 ; 16.748 ;
; a[0]       ; disp3[0]    ; 17.142 ; 17.142 ; 17.142 ; 17.142 ;
; a[0]       ; disp3[1]    ; 19.609 ; 19.609 ; 19.609 ; 19.609 ;
; a[0]       ; disp3[2]    ; 16.581 ; 16.581 ; 16.581 ; 16.581 ;
; a[0]       ; disp3[3]    ; 19.864 ; 19.864 ; 19.864 ; 19.864 ;
; a[0]       ; disp3[4]    ; 19.598 ; 19.598 ; 19.598 ; 19.598 ;
; a[0]       ; disp3[6]    ; 19.864 ; 19.864 ; 19.864 ; 19.864 ;
; a[1]       ; disp1[0]    ; 15.009 ; 15.009 ; 15.009 ; 15.009 ;
; a[1]       ; disp1[1]    ; 14.592 ; 14.592 ; 14.592 ; 14.592 ;
; a[1]       ; disp1[2]    ; 14.579 ; 14.579 ; 14.579 ; 14.579 ;
; a[1]       ; disp1[3]    ; 14.642 ; 14.642 ; 14.642 ; 14.642 ;
; a[1]       ; disp1[4]    ; 14.879 ; 14.879 ; 14.879 ; 14.879 ;
; a[1]       ; disp1[5]    ; 15.008 ; 15.008 ; 15.008 ; 15.008 ;
; a[1]       ; disp1[6]    ; 14.589 ; 14.589 ; 14.589 ; 14.589 ;
; a[1]       ; disp2[0]    ; 16.621 ; 16.621 ; 16.621 ; 16.621 ;
; a[1]       ; disp2[1]    ; 16.732 ; 16.732 ; 16.732 ; 16.732 ;
; a[1]       ; disp2[2]    ; 16.484 ; 16.484 ; 16.484 ; 16.484 ;
; a[1]       ; disp2[3]    ; 16.626 ; 16.626 ; 16.626 ; 16.626 ;
; a[1]       ; disp2[4]    ; 17.058 ; 17.058 ; 17.058 ; 17.058 ;
; a[1]       ; disp2[5]    ; 16.649 ; 16.649 ; 16.649 ; 16.649 ;
; a[1]       ; disp2[6]    ; 16.969 ; 16.969 ; 16.969 ; 16.969 ;
; a[1]       ; disp3[0]    ; 17.363 ; 17.363 ; 17.363 ; 17.363 ;
; a[1]       ; disp3[1]    ; 19.830 ; 19.830 ; 19.830 ; 19.830 ;
; a[1]       ; disp3[2]    ; 16.802 ; 16.802 ; 16.802 ; 16.802 ;
; a[1]       ; disp3[3]    ; 20.085 ; 20.085 ; 20.085 ; 20.085 ;
; a[1]       ; disp3[4]    ; 19.819 ; 19.819 ; 19.819 ; 19.819 ;
; a[1]       ; disp3[6]    ; 20.085 ; 20.085 ; 20.085 ; 20.085 ;
; a[2]       ; disp1[0]    ; 14.089 ; 14.089 ; 14.089 ; 14.089 ;
; a[2]       ; disp1[1]    ; 13.672 ; 13.672 ; 13.672 ; 13.672 ;
; a[2]       ; disp1[2]    ; 13.659 ; 13.659 ; 13.659 ; 13.659 ;
; a[2]       ; disp1[3]    ; 13.722 ; 13.722 ; 13.722 ; 13.722 ;
; a[2]       ; disp1[4]    ; 13.959 ; 13.959 ; 13.959 ; 13.959 ;
; a[2]       ; disp1[5]    ; 14.088 ; 14.088 ; 14.088 ; 14.088 ;
; a[2]       ; disp1[6]    ; 13.669 ; 13.669 ; 13.669 ; 13.669 ;
; a[2]       ; disp2[0]    ; 16.215 ; 16.215 ; 16.215 ; 16.215 ;
; a[2]       ; disp2[1]    ; 16.326 ; 16.326 ; 16.326 ; 16.326 ;
; a[2]       ; disp2[2]    ; 16.078 ; 16.078 ; 16.078 ; 16.078 ;
; a[2]       ; disp2[3]    ; 16.220 ; 16.220 ; 16.220 ; 16.220 ;
; a[2]       ; disp2[4]    ; 16.652 ; 16.652 ; 16.652 ; 16.652 ;
; a[2]       ; disp2[5]    ; 16.243 ; 16.243 ; 16.243 ; 16.243 ;
; a[2]       ; disp2[6]    ; 16.563 ; 16.563 ; 16.563 ; 16.563 ;
; a[2]       ; disp3[0]    ; 16.965 ; 16.965 ; 16.965 ; 16.965 ;
; a[2]       ; disp3[1]    ; 19.424 ; 19.424 ; 19.424 ; 19.424 ;
; a[2]       ; disp3[2]    ; 16.396 ; 16.396 ; 16.396 ; 16.396 ;
; a[2]       ; disp3[3]    ; 19.679 ; 19.679 ; 19.679 ; 19.679 ;
; a[2]       ; disp3[4]    ; 19.413 ; 19.413 ; 19.413 ; 19.413 ;
; a[2]       ; disp3[6]    ; 19.679 ; 19.679 ; 19.679 ; 19.679 ;
; a[3]       ; disp1[0]    ; 13.688 ; 13.688 ; 13.688 ; 13.688 ;
; a[3]       ; disp1[1]    ; 13.271 ; 13.271 ; 13.271 ; 13.271 ;
; a[3]       ; disp1[2]    ; 13.258 ; 13.258 ; 13.258 ; 13.258 ;
; a[3]       ; disp1[3]    ; 13.321 ; 13.321 ; 13.321 ; 13.321 ;
; a[3]       ; disp1[4]    ; 13.558 ; 13.558 ; 13.558 ; 13.558 ;
; a[3]       ; disp1[5]    ; 13.687 ; 13.687 ; 13.687 ; 13.687 ;
; a[3]       ; disp1[6]    ; 13.268 ; 13.268 ; 13.268 ; 13.268 ;
; a[3]       ; disp2[0]    ; 15.950 ; 15.950 ; 15.950 ; 15.950 ;
; a[3]       ; disp2[1]    ; 16.061 ; 16.061 ; 16.061 ; 16.061 ;
; a[3]       ; disp2[2]    ; 15.813 ; 15.813 ; 15.813 ; 15.813 ;
; a[3]       ; disp2[3]    ; 15.955 ; 15.955 ; 15.955 ; 15.955 ;
; a[3]       ; disp2[4]    ; 16.387 ; 16.387 ; 16.387 ; 16.387 ;
; a[3]       ; disp2[5]    ; 15.978 ; 15.978 ; 15.978 ; 15.978 ;
; a[3]       ; disp2[6]    ; 16.298 ; 16.298 ; 16.298 ; 16.298 ;
; a[3]       ; disp3[0]    ; 16.700 ; 16.700 ; 16.700 ; 16.700 ;
; a[3]       ; disp3[1]    ; 19.159 ; 19.159 ; 19.159 ; 19.159 ;
; a[3]       ; disp3[2]    ; 16.131 ; 16.131 ; 16.131 ; 16.131 ;
; a[3]       ; disp3[3]    ; 19.414 ; 19.414 ; 19.414 ; 19.414 ;
; a[3]       ; disp3[4]    ; 19.148 ; 19.148 ; 19.148 ; 19.148 ;
; a[3]       ; disp3[6]    ; 19.414 ; 19.414 ; 19.414 ; 19.414 ;
; a[4]       ; disp2[0]    ; 16.039 ; 16.039 ; 16.039 ; 16.039 ;
; a[4]       ; disp2[1]    ; 16.150 ; 16.150 ; 16.150 ; 16.150 ;
; a[4]       ; disp2[2]    ; 15.902 ; 15.902 ; 15.902 ; 15.902 ;
; a[4]       ; disp2[3]    ; 16.044 ; 16.044 ; 16.044 ; 16.044 ;
; a[4]       ; disp2[4]    ; 16.476 ; 16.476 ; 16.476 ; 16.476 ;
; a[4]       ; disp2[5]    ; 16.067 ; 16.067 ; 16.067 ; 16.067 ;
; a[4]       ; disp2[6]    ; 16.387 ; 16.387 ; 16.387 ; 16.387 ;
; a[4]       ; disp3[0]    ; 16.945 ; 16.945 ; 16.945 ; 16.945 ;
; a[4]       ; disp3[1]    ; 19.323 ; 19.323 ; 19.323 ; 19.323 ;
; a[4]       ; disp3[2]    ; 16.295 ; 16.295 ; 16.295 ; 16.295 ;
; a[4]       ; disp3[3]    ; 19.578 ; 19.578 ; 19.578 ; 19.578 ;
; a[4]       ; disp3[4]    ; 19.312 ; 19.312 ; 19.312 ; 19.312 ;
; a[4]       ; disp3[6]    ; 19.578 ; 19.578 ; 19.578 ; 19.578 ;
; b[0]       ; disp1[0]    ; 14.628 ; 14.628 ; 14.628 ; 14.628 ;
; b[0]       ; disp1[1]    ; 14.211 ; 14.211 ; 14.211 ; 14.211 ;
; b[0]       ; disp1[2]    ; 14.198 ; 14.198 ; 14.198 ; 14.198 ;
; b[0]       ; disp1[3]    ; 14.261 ; 14.261 ; 14.261 ; 14.261 ;
; b[0]       ; disp1[4]    ; 14.498 ; 14.498 ; 14.498 ; 14.498 ;
; b[0]       ; disp1[5]    ; 14.627 ; 14.627 ; 14.627 ; 14.627 ;
; b[0]       ; disp1[6]    ; 14.208 ; 14.208 ; 14.208 ; 14.208 ;
; b[0]       ; disp2[0]    ; 16.468 ; 16.468 ; 16.468 ; 16.468 ;
; b[0]       ; disp2[1]    ; 16.579 ; 16.579 ; 16.579 ; 16.579 ;
; b[0]       ; disp2[2]    ; 16.331 ; 16.331 ; 16.331 ; 16.331 ;
; b[0]       ; disp2[3]    ; 16.473 ; 16.473 ; 16.473 ; 16.473 ;
; b[0]       ; disp2[4]    ; 16.905 ; 16.905 ; 16.905 ; 16.905 ;
; b[0]       ; disp2[5]    ; 16.496 ; 16.496 ; 16.496 ; 16.496 ;
; b[0]       ; disp2[6]    ; 16.816 ; 16.816 ; 16.816 ; 16.816 ;
; b[0]       ; disp3[0]    ; 17.210 ; 17.210 ; 17.210 ; 17.210 ;
; b[0]       ; disp3[1]    ; 19.677 ; 19.677 ; 19.677 ; 19.677 ;
; b[0]       ; disp3[2]    ; 16.649 ; 16.649 ; 16.649 ; 16.649 ;
; b[0]       ; disp3[3]    ; 19.932 ; 19.932 ; 19.932 ; 19.932 ;
; b[0]       ; disp3[4]    ; 19.666 ; 19.666 ; 19.666 ; 19.666 ;
; b[0]       ; disp3[6]    ; 19.932 ; 19.932 ; 19.932 ; 19.932 ;
; b[1]       ; disp1[0]    ; 14.799 ; 14.799 ; 14.799 ; 14.799 ;
; b[1]       ; disp1[1]    ; 14.382 ; 14.382 ; 14.382 ; 14.382 ;
; b[1]       ; disp1[2]    ; 14.369 ; 14.369 ; 14.369 ; 14.369 ;
; b[1]       ; disp1[3]    ; 14.432 ; 14.432 ; 14.432 ; 14.432 ;
; b[1]       ; disp1[4]    ; 14.669 ; 14.669 ; 14.669 ; 14.669 ;
; b[1]       ; disp1[5]    ; 14.798 ; 14.798 ; 14.798 ; 14.798 ;
; b[1]       ; disp1[6]    ; 14.379 ; 14.379 ; 14.379 ; 14.379 ;
; b[1]       ; disp2[0]    ; 16.411 ; 16.411 ; 16.411 ; 16.411 ;
; b[1]       ; disp2[1]    ; 16.522 ; 16.522 ; 16.522 ; 16.522 ;
; b[1]       ; disp2[2]    ; 16.274 ; 16.274 ; 16.274 ; 16.274 ;
; b[1]       ; disp2[3]    ; 16.416 ; 16.416 ; 16.416 ; 16.416 ;
; b[1]       ; disp2[4]    ; 16.848 ; 16.848 ; 16.848 ; 16.848 ;
; b[1]       ; disp2[5]    ; 16.439 ; 16.439 ; 16.439 ; 16.439 ;
; b[1]       ; disp2[6]    ; 16.759 ; 16.759 ; 16.759 ; 16.759 ;
; b[1]       ; disp3[0]    ; 17.153 ; 17.153 ; 17.153 ; 17.153 ;
; b[1]       ; disp3[1]    ; 19.620 ; 19.620 ; 19.620 ; 19.620 ;
; b[1]       ; disp3[2]    ; 16.592 ; 16.592 ; 16.592 ; 16.592 ;
; b[1]       ; disp3[3]    ; 19.875 ; 19.875 ; 19.875 ; 19.875 ;
; b[1]       ; disp3[4]    ; 19.609 ; 19.609 ; 19.609 ; 19.609 ;
; b[1]       ; disp3[6]    ; 19.875 ; 19.875 ; 19.875 ; 19.875 ;
; b[2]       ; disp1[0]    ; 14.154 ; 14.154 ; 14.154 ; 14.154 ;
; b[2]       ; disp1[1]    ; 13.737 ; 13.737 ; 13.737 ; 13.737 ;
; b[2]       ; disp1[2]    ; 13.724 ; 13.724 ; 13.724 ; 13.724 ;
; b[2]       ; disp1[3]    ; 13.787 ; 13.787 ; 13.787 ; 13.787 ;
; b[2]       ; disp1[4]    ; 14.024 ; 14.024 ; 14.024 ; 14.024 ;
; b[2]       ; disp1[5]    ; 14.153 ; 14.153 ; 14.153 ; 14.153 ;
; b[2]       ; disp1[6]    ; 13.734 ; 13.734 ; 13.734 ; 13.734 ;
; b[2]       ; disp2[0]    ; 16.439 ; 16.439 ; 16.439 ; 16.439 ;
; b[2]       ; disp2[1]    ; 16.550 ; 16.550 ; 16.550 ; 16.550 ;
; b[2]       ; disp2[2]    ; 16.302 ; 16.302 ; 16.302 ; 16.302 ;
; b[2]       ; disp2[3]    ; 16.444 ; 16.444 ; 16.444 ; 16.444 ;
; b[2]       ; disp2[4]    ; 16.876 ; 16.876 ; 16.876 ; 16.876 ;
; b[2]       ; disp2[5]    ; 16.467 ; 16.467 ; 16.467 ; 16.467 ;
; b[2]       ; disp2[6]    ; 16.787 ; 16.787 ; 16.787 ; 16.787 ;
; b[2]       ; disp3[0]    ; 17.181 ; 17.181 ; 17.181 ; 17.181 ;
; b[2]       ; disp3[1]    ; 19.648 ; 19.648 ; 19.648 ; 19.648 ;
; b[2]       ; disp3[2]    ; 16.620 ; 16.620 ; 16.620 ; 16.620 ;
; b[2]       ; disp3[3]    ; 19.903 ; 19.903 ; 19.903 ; 19.903 ;
; b[2]       ; disp3[4]    ; 19.637 ; 19.637 ; 19.637 ; 19.637 ;
; b[2]       ; disp3[6]    ; 19.903 ; 19.903 ; 19.903 ; 19.903 ;
; b[3]       ; disp1[0]    ; 13.880 ; 13.880 ; 13.880 ; 13.880 ;
; b[3]       ; disp1[1]    ; 13.463 ; 13.463 ; 13.463 ; 13.463 ;
; b[3]       ; disp1[2]    ; 13.450 ; 13.450 ; 13.450 ; 13.450 ;
; b[3]       ; disp1[3]    ; 13.513 ; 13.513 ; 13.513 ; 13.513 ;
; b[3]       ; disp1[4]    ; 13.750 ; 13.750 ; 13.750 ; 13.750 ;
; b[3]       ; disp1[5]    ; 13.879 ; 13.879 ; 13.879 ; 13.879 ;
; b[3]       ; disp1[6]    ; 13.460 ; 13.460 ; 13.460 ; 13.460 ;
; b[3]       ; disp2[0]    ; 16.166 ; 16.166 ; 16.166 ; 16.166 ;
; b[3]       ; disp2[1]    ; 16.277 ; 16.277 ; 16.277 ; 16.277 ;
; b[3]       ; disp2[2]    ; 16.029 ; 16.029 ; 16.029 ; 16.029 ;
; b[3]       ; disp2[3]    ; 16.171 ; 16.171 ; 16.171 ; 16.171 ;
; b[3]       ; disp2[4]    ; 16.603 ; 16.603 ; 16.603 ; 16.603 ;
; b[3]       ; disp2[5]    ; 16.194 ; 16.194 ; 16.194 ; 16.194 ;
; b[3]       ; disp2[6]    ; 16.514 ; 16.514 ; 16.514 ; 16.514 ;
; b[3]       ; disp3[0]    ; 16.908 ; 16.908 ; 16.908 ; 16.908 ;
; b[3]       ; disp3[1]    ; 19.375 ; 19.375 ; 19.375 ; 19.375 ;
; b[3]       ; disp3[2]    ; 16.347 ; 16.347 ; 16.347 ; 16.347 ;
; b[3]       ; disp3[3]    ; 19.630 ; 19.630 ; 19.630 ; 19.630 ;
; b[3]       ; disp3[4]    ; 19.364 ; 19.364 ; 19.364 ; 19.364 ;
; b[3]       ; disp3[6]    ; 19.630 ; 19.630 ; 19.630 ; 19.630 ;
; b[4]       ; disp2[0]    ; 13.634 ; 13.634 ; 13.634 ; 13.634 ;
; b[4]       ; disp2[1]    ; 13.745 ; 13.745 ; 13.745 ; 13.745 ;
; b[4]       ; disp2[2]    ; 13.497 ; 13.497 ; 13.497 ; 13.497 ;
; b[4]       ; disp2[3]    ; 13.639 ; 13.639 ; 13.639 ; 13.639 ;
; b[4]       ; disp2[4]    ; 14.071 ; 14.071 ; 14.071 ; 14.071 ;
; b[4]       ; disp2[5]    ; 13.662 ; 13.662 ; 13.662 ; 13.662 ;
; b[4]       ; disp2[6]    ; 13.982 ; 13.982 ; 13.982 ; 13.982 ;
; b[4]       ; disp3[0]    ;        ; 14.114 ; 14.114 ;        ;
; b[4]       ; disp3[1]    ; 16.843 ; 16.843 ; 16.843 ; 16.843 ;
; b[4]       ; disp3[2]    ; 13.815 ; 13.815 ; 13.815 ; 13.815 ;
; b[4]       ; disp3[3]    ; 17.098 ; 17.098 ; 17.098 ; 17.098 ;
; b[4]       ; disp3[4]    ; 16.832 ; 16.832 ; 16.832 ; 16.832 ;
; b[4]       ; disp3[6]    ; 17.098 ; 17.098 ; 17.098 ; 17.098 ;
+------------+-------------+--------+--------+--------+--------+


+--------------------------------------------------------------+
; Minimum Propagation Delay                                    ;
+------------+-------------+--------+--------+--------+--------+
; Input Port ; Output Port ; RR     ; RF     ; FR     ; FF     ;
+------------+-------------+--------+--------+--------+--------+
; a[0]       ; disp1[0]    ; 12.870 ; 12.870 ; 12.870 ; 12.870 ;
; a[0]       ; disp1[1]    ; 10.787 ; 12.516 ; 12.516 ; 10.787 ;
; a[0]       ; disp1[2]    ; 10.753 ; 12.484 ; 12.484 ; 10.753 ;
; a[0]       ; disp1[3]    ; 10.777 ; 10.777 ; 10.777 ; 10.777 ;
; a[0]       ; disp1[4]    ; 11.009 ; 11.009 ; 11.009 ; 11.009 ;
; a[0]       ; disp1[5]    ; 11.139 ; 11.139 ; 11.139 ; 11.139 ;
; a[0]       ; disp1[6]    ; 10.760 ; 10.760 ; 10.760 ; 10.760 ;
; a[0]       ; disp2[0]    ; 12.981 ; 12.981 ; 12.981 ; 12.981 ;
; a[0]       ; disp2[1]    ; 12.872 ; 12.872 ; 12.872 ; 12.872 ;
; a[0]       ; disp2[2]    ; 12.559 ; 12.559 ; 12.559 ; 12.559 ;
; a[0]       ; disp2[3]    ; 12.726 ; 12.726 ; 12.726 ; 12.726 ;
; a[0]       ; disp2[4]    ; 13.129 ; 13.129 ; 13.129 ; 13.129 ;
; a[0]       ; disp2[5]    ; 12.719 ; 12.719 ; 12.719 ; 12.719 ;
; a[0]       ; disp2[6]    ; 13.039 ; 13.039 ; 13.039 ; 13.039 ;
; a[0]       ; disp3[0]    ; 15.233 ; 13.964 ; 13.964 ; 15.233 ;
; a[0]       ; disp3[1]    ; 15.113 ; 16.382 ; 16.382 ; 15.113 ;
; a[0]       ; disp3[2]    ; 13.665 ; 13.665 ; 13.665 ; 13.665 ;
; a[0]       ; disp3[3]    ; 16.682 ; 15.413 ; 15.413 ; 16.682 ;
; a[0]       ; disp3[4]    ; 15.146 ; 16.415 ; 16.415 ; 15.146 ;
; a[0]       ; disp3[6]    ; 16.682 ; 15.413 ; 15.413 ; 16.682 ;
; a[1]       ; disp1[0]    ; 13.391 ; 13.391 ; 13.391 ; 13.391 ;
; a[1]       ; disp1[1]    ; 13.036 ; 13.036 ; 13.036 ; 13.036 ;
; a[1]       ; disp1[2]    ; 12.954 ; 12.954 ; 12.954 ; 12.954 ;
; a[1]       ; disp1[3]    ; 13.025 ; 13.025 ; 13.025 ; 13.025 ;
; a[1]       ; disp1[4]    ; 13.249 ; 13.249 ; 13.249 ; 13.249 ;
; a[1]       ; disp1[5]    ; 13.381 ; 13.381 ; 13.381 ; 13.381 ;
; a[1]       ; disp1[6]    ; 12.980 ; 12.980 ; 12.980 ; 12.980 ;
; a[1]       ; disp2[0]    ; 12.417 ; 12.417 ; 12.417 ; 12.417 ;
; a[1]       ; disp2[1]    ; 12.596 ; 12.596 ; 12.596 ; 12.596 ;
; a[1]       ; disp2[2]    ; 12.285 ; 12.285 ; 12.285 ; 12.285 ;
; a[1]       ; disp2[3]    ; 12.452 ; 12.452 ; 12.452 ; 12.452 ;
; a[1]       ; disp2[4]    ; 12.852 ; 12.852 ; 12.852 ; 12.852 ;
; a[1]       ; disp2[5]    ; 12.445 ; 12.445 ; 12.445 ; 12.445 ;
; a[1]       ; disp2[6]    ; 12.763 ; 12.763 ; 12.763 ; 12.763 ;
; a[1]       ; disp3[0]    ; 16.243 ; 13.757 ; 13.757 ; 16.243 ;
; a[1]       ; disp3[1]    ; 14.906 ; 16.486 ; 16.486 ; 14.906 ;
; a[1]       ; disp3[2]    ; 13.458 ; 13.458 ; 13.458 ; 13.458 ;
; a[1]       ; disp3[3]    ; 16.741 ; 15.206 ; 15.206 ; 16.741 ;
; a[1]       ; disp3[4]    ; 14.939 ; 16.475 ; 16.475 ; 14.939 ;
; a[1]       ; disp3[6]    ; 16.741 ; 15.206 ; 15.206 ; 16.741 ;
; a[2]       ; disp1[0]    ; 13.660 ; 13.660 ; 13.660 ; 13.660 ;
; a[2]       ; disp1[1]    ; 13.306 ; 13.306 ; 13.306 ; 13.306 ;
; a[2]       ; disp1[2]    ; 13.274 ; 13.274 ; 13.274 ; 13.274 ;
; a[2]       ; disp1[3]    ; 13.294 ; 13.294 ; 13.294 ; 13.294 ;
; a[2]       ; disp1[4]    ; 13.530 ; 13.530 ; 13.530 ; 13.530 ;
; a[2]       ; disp1[5]    ; 13.660 ; 13.660 ; 13.660 ; 13.660 ;
; a[2]       ; disp1[6]    ; 13.276 ; 13.276 ; 13.276 ; 13.276 ;
; a[2]       ; disp2[0]    ; 11.956 ; 11.956 ; 11.956 ; 11.956 ;
; a[2]       ; disp2[1]    ; 12.289 ; 12.289 ; 12.289 ; 12.289 ;
; a[2]       ; disp2[2]    ; 12.066 ; 12.066 ; 12.066 ; 12.066 ;
; a[2]       ; disp2[3]    ; 12.230 ; 12.230 ; 12.230 ; 12.230 ;
; a[2]       ; disp2[4]    ; 12.631 ; 12.631 ; 12.631 ; 12.631 ;
; a[2]       ; disp2[5]    ; 12.226 ; 12.226 ; 12.226 ; 12.226 ;
; a[2]       ; disp2[6]    ; 12.545 ; 12.545 ; 12.545 ; 12.545 ;
; a[2]       ; disp3[0]    ; 15.940 ; 13.072 ; 13.072 ; 15.940 ;
; a[2]       ; disp3[1]    ; 14.221 ; 15.801 ; 15.801 ; 14.221 ;
; a[2]       ; disp3[2]    ; 12.773 ; 12.773 ; 12.773 ; 12.773 ;
; a[2]       ; disp3[3]    ; 16.056 ; 14.521 ; 14.521 ; 16.056 ;
; a[2]       ; disp3[4]    ; 14.254 ; 15.790 ; 15.790 ; 14.254 ;
; a[2]       ; disp3[6]    ; 16.056 ; 14.521 ; 14.521 ; 16.056 ;
; a[3]       ; disp1[0]    ; 13.688 ; 13.688 ; 13.688 ; 13.688 ;
; a[3]       ; disp1[1]    ; 13.271 ; 13.271 ; 13.271 ; 13.271 ;
; a[3]       ; disp1[2]    ; 13.258 ; 13.258 ; 13.258 ; 13.258 ;
; a[3]       ; disp1[3]    ; 13.321 ; 13.321 ; 13.321 ; 13.321 ;
; a[3]       ; disp1[4]    ; 13.558 ; 13.558 ; 13.558 ; 13.558 ;
; a[3]       ; disp1[5]    ; 13.687 ; 13.687 ; 13.687 ; 13.687 ;
; a[3]       ; disp1[6]    ; 13.268 ; 13.268 ; 13.268 ; 13.268 ;
; a[3]       ; disp2[0]    ; 12.238 ; 12.238 ; 12.238 ; 12.238 ;
; a[3]       ; disp2[1]    ; 12.349 ; 12.349 ; 12.349 ; 12.349 ;
; a[3]       ; disp2[2]    ; 12.101 ; 12.101 ; 12.101 ; 12.101 ;
; a[3]       ; disp2[3]    ; 12.243 ; 12.243 ; 12.243 ; 12.243 ;
; a[3]       ; disp2[4]    ; 12.675 ; 12.675 ; 12.675 ; 12.675 ;
; a[3]       ; disp2[5]    ; 12.266 ; 12.266 ; 12.266 ; 12.266 ;
; a[3]       ; disp2[6]    ; 12.586 ; 12.586 ; 12.586 ; 12.586 ;
; a[3]       ; disp3[0]    ; 15.265 ; 13.071 ; 13.071 ; 15.265 ;
; a[3]       ; disp3[1]    ; 14.220 ; 15.800 ; 15.800 ; 14.220 ;
; a[3]       ; disp3[2]    ; 12.772 ; 12.772 ; 12.772 ; 12.772 ;
; a[3]       ; disp3[3]    ; 16.055 ; 14.520 ; 14.520 ; 16.055 ;
; a[3]       ; disp3[4]    ; 14.253 ; 15.789 ; 15.789 ; 14.253 ;
; a[3]       ; disp3[6]    ; 16.055 ; 14.520 ; 14.520 ; 16.055 ;
; a[4]       ; disp2[0]    ; 13.400 ; 13.400 ; 13.400 ; 13.400 ;
; a[4]       ; disp2[1]    ; 13.579 ; 13.579 ; 13.579 ; 13.579 ;
; a[4]       ; disp2[2]    ; 13.268 ; 13.268 ; 13.268 ; 13.268 ;
; a[4]       ; disp2[3]    ; 13.435 ; 13.435 ; 13.435 ; 13.435 ;
; a[4]       ; disp2[4]    ; 13.835 ; 13.835 ; 13.835 ; 13.835 ;
; a[4]       ; disp2[5]    ; 13.428 ; 13.428 ; 13.428 ; 13.428 ;
; a[4]       ; disp2[6]    ; 13.746 ; 13.746 ; 13.746 ; 13.746 ;
; a[4]       ; disp3[0]    ; 14.672 ; 12.609 ; 12.609 ; 14.672 ;
; a[4]       ; disp3[1]    ; 13.758 ; 14.986 ; 14.986 ; 13.758 ;
; a[4]       ; disp3[2]    ; 11.958 ; 11.958 ; 11.958 ; 11.958 ;
; a[4]       ; disp3[3]    ; 15.241 ; 14.058 ; 14.058 ; 15.241 ;
; a[4]       ; disp3[4]    ; 13.791 ; 14.975 ; 14.975 ; 13.791 ;
; a[4]       ; disp3[6]    ; 15.241 ; 14.058 ; 14.058 ; 15.241 ;
; b[0]       ; disp1[0]    ; 13.010 ; 13.010 ; 13.010 ; 13.010 ;
; b[0]       ; disp1[1]    ; 11.256 ; 12.655 ; 12.655 ; 11.256 ;
; b[0]       ; disp1[2]    ; 11.222 ; 12.573 ; 12.573 ; 11.222 ;
; b[0]       ; disp1[3]    ; 11.246 ; 11.246 ; 11.246 ; 11.246 ;
; b[0]       ; disp1[4]    ; 11.478 ; 11.478 ; 11.478 ; 11.478 ;
; b[0]       ; disp1[5]    ; 11.608 ; 11.608 ; 11.608 ; 11.608 ;
; b[0]       ; disp1[6]    ; 11.229 ; 11.229 ; 11.229 ; 11.229 ;
; b[0]       ; disp2[0]    ; 14.660 ; 14.660 ; 14.660 ; 14.660 ;
; b[0]       ; disp2[1]    ; 14.550 ; 14.550 ; 14.550 ; 14.550 ;
; b[0]       ; disp2[2]    ; 14.237 ; 14.237 ; 14.237 ; 14.237 ;
; b[0]       ; disp2[3]    ; 14.404 ; 14.404 ; 14.404 ; 14.404 ;
; b[0]       ; disp2[4]    ; 14.807 ; 14.807 ; 14.807 ; 14.807 ;
; b[0]       ; disp2[5]    ; 14.397 ; 14.397 ; 14.397 ; 14.397 ;
; b[0]       ; disp2[6]    ; 14.717 ; 14.717 ; 14.717 ; 14.717 ;
; b[0]       ; disp3[0]    ; 15.643 ; 15.643 ; 15.643 ; 15.643 ;
; b[0]       ; disp3[1]    ; 16.792 ; 16.792 ; 16.792 ; 16.792 ;
; b[0]       ; disp3[2]    ; 15.344 ; 15.344 ; 15.344 ; 15.344 ;
; b[0]       ; disp3[3]    ; 17.092 ; 17.092 ; 17.092 ; 17.092 ;
; b[0]       ; disp3[4]    ; 16.825 ; 16.825 ; 16.825 ; 16.825 ;
; b[0]       ; disp3[6]    ; 17.092 ; 17.092 ; 17.092 ; 17.092 ;
; b[1]       ; disp1[0]    ; 13.182 ; 13.182 ; 13.182 ; 13.182 ;
; b[1]       ; disp1[1]    ; 12.827 ; 12.827 ; 12.827 ; 12.827 ;
; b[1]       ; disp1[2]    ; 12.745 ; 12.745 ; 12.745 ; 12.745 ;
; b[1]       ; disp1[3]    ; 12.816 ; 12.816 ; 12.816 ; 12.816 ;
; b[1]       ; disp1[4]    ; 13.040 ; 13.040 ; 13.040 ; 13.040 ;
; b[1]       ; disp1[5]    ; 13.172 ; 13.172 ; 13.172 ; 13.172 ;
; b[1]       ; disp1[6]    ; 12.771 ; 12.771 ; 12.771 ; 12.771 ;
; b[1]       ; disp2[0]    ; 13.336 ; 13.336 ; 13.336 ; 13.336 ;
; b[1]       ; disp2[1]    ; 13.515 ; 13.515 ; 13.515 ; 13.515 ;
; b[1]       ; disp2[2]    ; 13.204 ; 13.204 ; 13.204 ; 13.204 ;
; b[1]       ; disp2[3]    ; 13.371 ; 13.371 ; 13.371 ; 13.371 ;
; b[1]       ; disp2[4]    ; 13.771 ; 13.771 ; 13.771 ; 13.771 ;
; b[1]       ; disp2[5]    ; 13.364 ; 13.364 ; 13.364 ; 13.364 ;
; b[1]       ; disp2[6]    ; 13.682 ; 13.682 ; 13.682 ; 13.682 ;
; b[1]       ; disp3[0]    ; 14.672 ; 14.672 ; 14.672 ; 14.672 ;
; b[1]       ; disp3[1]    ; 15.821 ; 15.821 ; 15.821 ; 15.821 ;
; b[1]       ; disp3[2]    ; 14.373 ; 14.373 ; 14.373 ; 14.373 ;
; b[1]       ; disp3[3]    ; 16.121 ; 16.121 ; 16.121 ; 16.121 ;
; b[1]       ; disp3[4]    ; 15.854 ; 15.854 ; 15.854 ; 15.854 ;
; b[1]       ; disp3[6]    ; 16.121 ; 16.121 ; 16.121 ; 16.121 ;
; b[2]       ; disp1[0]    ; 13.088 ; 13.088 ; 13.088 ; 13.088 ;
; b[2]       ; disp1[1]    ; 12.734 ; 12.734 ; 12.734 ; 12.734 ;
; b[2]       ; disp1[2]    ; 12.702 ; 12.702 ; 12.702 ; 12.702 ;
; b[2]       ; disp1[3]    ; 12.722 ; 12.722 ; 12.722 ; 12.722 ;
; b[2]       ; disp1[4]    ; 12.958 ; 12.958 ; 12.958 ; 12.958 ;
; b[2]       ; disp1[5]    ; 13.088 ; 13.088 ; 13.088 ; 13.088 ;
; b[2]       ; disp1[6]    ; 12.704 ; 12.704 ; 12.704 ; 12.704 ;
; b[2]       ; disp2[0]    ; 14.178 ; 14.178 ; 14.178 ; 14.178 ;
; b[2]       ; disp2[1]    ; 14.357 ; 14.357 ; 14.357 ; 14.357 ;
; b[2]       ; disp2[2]    ; 14.045 ; 14.045 ; 14.045 ; 14.045 ;
; b[2]       ; disp2[3]    ; 14.212 ; 14.212 ; 14.212 ; 14.212 ;
; b[2]       ; disp2[4]    ; 14.613 ; 14.613 ; 14.613 ; 14.613 ;
; b[2]       ; disp2[5]    ; 14.205 ; 14.205 ; 14.205 ; 14.205 ;
; b[2]       ; disp2[6]    ; 14.524 ; 14.524 ; 14.524 ; 14.524 ;
; b[2]       ; disp3[0]    ; 15.451 ; 15.451 ; 15.451 ; 15.451 ;
; b[2]       ; disp3[1]    ; 16.600 ; 16.600 ; 16.600 ; 16.600 ;
; b[2]       ; disp3[2]    ; 15.126 ; 15.126 ; 15.126 ; 15.126 ;
; b[2]       ; disp3[3]    ; 16.900 ; 16.900 ; 16.900 ; 16.900 ;
; b[2]       ; disp3[4]    ; 16.633 ; 16.633 ; 16.633 ; 16.633 ;
; b[2]       ; disp3[6]    ; 16.900 ; 16.900 ; 16.900 ; 16.900 ;
; b[3]       ; disp1[0]    ; 13.880 ; 13.880 ; 13.880 ; 13.880 ;
; b[3]       ; disp1[1]    ; 13.463 ; 13.463 ; 13.463 ; 13.463 ;
; b[3]       ; disp1[2]    ; 13.450 ; 13.450 ; 13.450 ; 13.450 ;
; b[3]       ; disp1[3]    ; 13.513 ; 13.513 ; 13.513 ; 13.513 ;
; b[3]       ; disp1[4]    ; 13.750 ; 13.750 ; 13.750 ; 13.750 ;
; b[3]       ; disp1[5]    ; 13.879 ; 13.879 ; 13.879 ; 13.879 ;
; b[3]       ; disp1[6]    ; 13.460 ; 13.460 ; 13.460 ; 13.460 ;
; b[3]       ; disp2[0]    ; 13.868 ; 13.868 ; 13.868 ; 13.868 ;
; b[3]       ; disp2[1]    ; 13.979 ; 13.979 ; 13.979 ; 13.979 ;
; b[3]       ; disp2[2]    ; 13.731 ; 13.731 ; 13.731 ; 13.731 ;
; b[3]       ; disp2[3]    ; 13.873 ; 13.873 ; 13.873 ; 13.873 ;
; b[3]       ; disp2[4]    ; 14.305 ; 14.305 ; 14.305 ; 14.305 ;
; b[3]       ; disp2[5]    ; 13.896 ; 13.896 ; 13.896 ; 13.896 ;
; b[3]       ; disp2[6]    ; 14.216 ; 14.216 ; 14.216 ; 14.216 ;
; b[3]       ; disp3[0]    ; 14.705 ; 14.705 ; 14.705 ; 14.705 ;
; b[3]       ; disp3[1]    ; 15.854 ; 15.854 ; 15.854 ; 15.854 ;
; b[3]       ; disp3[2]    ; 14.378 ; 14.378 ; 14.378 ; 14.378 ;
; b[3]       ; disp3[3]    ; 16.154 ; 16.154 ; 16.154 ; 16.154 ;
; b[3]       ; disp3[4]    ; 15.887 ; 15.887 ; 15.887 ; 15.887 ;
; b[3]       ; disp3[6]    ; 16.154 ; 16.154 ; 16.154 ; 16.154 ;
; b[4]       ; disp2[0]    ; 11.812 ; 11.812 ; 11.812 ; 11.812 ;
; b[4]       ; disp2[1]    ; 12.145 ; 12.145 ; 12.145 ; 12.145 ;
; b[4]       ; disp2[2]    ; 11.916 ; 11.916 ; 11.916 ; 11.916 ;
; b[4]       ; disp2[3]    ; 12.058 ; 12.058 ; 12.058 ; 12.058 ;
; b[4]       ; disp2[4]    ; 12.487 ; 12.487 ; 12.487 ; 12.487 ;
; b[4]       ; disp2[5]    ; 12.081 ; 12.081 ; 12.081 ; 12.081 ;
; b[4]       ; disp2[6]    ; 12.401 ; 12.401 ; 12.401 ; 12.401 ;
; b[4]       ; disp3[0]    ;        ; 12.766 ; 12.766 ;        ;
; b[4]       ; disp3[1]    ; 13.915 ; 15.143 ; 15.143 ; 13.915 ;
; b[4]       ; disp3[2]    ; 12.115 ; 12.115 ; 12.115 ; 12.115 ;
; b[4]       ; disp3[3]    ; 15.398 ; 14.215 ; 14.215 ; 15.398 ;
; b[4]       ; disp3[4]    ; 13.948 ; 15.132 ; 15.132 ; 13.948 ;
; b[4]       ; disp3[6]    ; 15.398 ; 14.215 ; 14.215 ; 15.398 ;
+------------+-------------+--------+--------+--------+--------+


----------------------------
; Fast Model Setup Summary ;
----------------------------
No paths to report.


---------------------------
; Fast Model Hold Summary ;
---------------------------
No paths to report.


-------------------------------
; Fast Model Recovery Summary ;
-------------------------------
No paths to report.


------------------------------
; Fast Model Removal Summary ;
------------------------------
No paths to report.


------------------------------------------
; Fast Model Minimum Pulse Width Summary ;
------------------------------------------
No paths to report.


+----------------------------------------------------------+
; Propagation Delay                                        ;
+------------+-------------+-------+-------+-------+-------+
; Input Port ; Output Port ; RR    ; RF    ; FR    ; FF    ;
+------------+-------------+-------+-------+-------+-------+
; a[0]       ; disp1[0]    ; 6.795 ; 6.795 ; 6.795 ; 6.795 ;
; a[0]       ; disp1[1]    ; 6.650 ; 6.650 ; 6.650 ; 6.650 ;
; a[0]       ; disp1[2]    ; 6.736 ; 6.736 ; 6.736 ; 6.736 ;
; a[0]       ; disp1[3]    ; 6.645 ; 6.645 ; 6.645 ; 6.645 ;
; a[0]       ; disp1[4]    ; 6.820 ; 6.820 ; 6.820 ; 6.820 ;
; a[0]       ; disp1[5]    ; 6.783 ; 6.783 ; 6.783 ; 6.783 ;
; a[0]       ; disp1[6]    ; 6.626 ; 6.626 ; 6.626 ; 6.626 ;
; a[0]       ; disp2[0]    ; 7.371 ; 7.371 ; 7.371 ; 7.371 ;
; a[0]       ; disp2[1]    ; 7.513 ; 7.513 ; 7.513 ; 7.513 ;
; a[0]       ; disp2[2]    ; 7.378 ; 7.378 ; 7.378 ; 7.378 ;
; a[0]       ; disp2[3]    ; 7.403 ; 7.403 ; 7.403 ; 7.403 ;
; a[0]       ; disp2[4]    ; 7.569 ; 7.569 ; 7.569 ; 7.569 ;
; a[0]       ; disp2[5]    ; 7.391 ; 7.391 ; 7.391 ; 7.391 ;
; a[0]       ; disp2[6]    ; 7.497 ; 7.497 ; 7.497 ; 7.497 ;
; a[0]       ; disp3[0]    ; 7.800 ; 7.800 ; 7.800 ; 7.800 ;
; a[0]       ; disp3[1]    ; 8.651 ; 8.651 ; 8.651 ; 8.651 ;
; a[0]       ; disp3[2]    ; 7.496 ; 7.496 ; 7.496 ; 7.496 ;
; a[0]       ; disp3[3]    ; 8.741 ; 8.741 ; 8.741 ; 8.741 ;
; a[0]       ; disp3[4]    ; 8.640 ; 8.640 ; 8.640 ; 8.640 ;
; a[0]       ; disp3[6]    ; 8.741 ; 8.741 ; 8.741 ; 8.741 ;
; a[1]       ; disp1[0]    ; 6.896 ; 6.896 ; 6.896 ; 6.896 ;
; a[1]       ; disp1[1]    ; 6.751 ; 6.751 ; 6.751 ; 6.751 ;
; a[1]       ; disp1[2]    ; 6.837 ; 6.837 ; 6.837 ; 6.837 ;
; a[1]       ; disp1[3]    ; 6.746 ; 6.746 ; 6.746 ; 6.746 ;
; a[1]       ; disp1[4]    ; 6.921 ; 6.921 ; 6.921 ; 6.921 ;
; a[1]       ; disp1[5]    ; 6.884 ; 6.884 ; 6.884 ; 6.884 ;
; a[1]       ; disp1[6]    ; 6.727 ; 6.727 ; 6.727 ; 6.727 ;
; a[1]       ; disp2[0]    ; 7.472 ; 7.472 ; 7.472 ; 7.472 ;
; a[1]       ; disp2[1]    ; 7.614 ; 7.614 ; 7.614 ; 7.614 ;
; a[1]       ; disp2[2]    ; 7.479 ; 7.479 ; 7.479 ; 7.479 ;
; a[1]       ; disp2[3]    ; 7.504 ; 7.504 ; 7.504 ; 7.504 ;
; a[1]       ; disp2[4]    ; 7.670 ; 7.670 ; 7.670 ; 7.670 ;
; a[1]       ; disp2[5]    ; 7.492 ; 7.492 ; 7.492 ; 7.492 ;
; a[1]       ; disp2[6]    ; 7.598 ; 7.598 ; 7.598 ; 7.598 ;
; a[1]       ; disp3[0]    ; 7.901 ; 7.901 ; 7.901 ; 7.901 ;
; a[1]       ; disp3[1]    ; 8.752 ; 8.752 ; 8.752 ; 8.752 ;
; a[1]       ; disp3[2]    ; 7.597 ; 7.597 ; 7.597 ; 7.597 ;
; a[1]       ; disp3[3]    ; 8.842 ; 8.842 ; 8.842 ; 8.842 ;
; a[1]       ; disp3[4]    ; 8.741 ; 8.741 ; 8.741 ; 8.741 ;
; a[1]       ; disp3[6]    ; 8.842 ; 8.842 ; 8.842 ; 8.842 ;
; a[2]       ; disp1[0]    ; 6.608 ; 6.608 ; 6.608 ; 6.608 ;
; a[2]       ; disp1[1]    ; 6.463 ; 6.463 ; 6.463 ; 6.463 ;
; a[2]       ; disp1[2]    ; 6.549 ; 6.549 ; 6.549 ; 6.549 ;
; a[2]       ; disp1[3]    ; 6.458 ; 6.458 ; 6.458 ; 6.458 ;
; a[2]       ; disp1[4]    ; 6.633 ; 6.633 ; 6.633 ; 6.633 ;
; a[2]       ; disp1[5]    ; 6.596 ; 6.596 ; 6.596 ; 6.596 ;
; a[2]       ; disp1[6]    ; 6.439 ; 6.439 ; 6.439 ; 6.439 ;
; a[2]       ; disp2[0]    ; 7.293 ; 7.293 ; 7.293 ; 7.293 ;
; a[2]       ; disp2[1]    ; 7.435 ; 7.435 ; 7.435 ; 7.435 ;
; a[2]       ; disp2[2]    ; 7.300 ; 7.300 ; 7.300 ; 7.300 ;
; a[2]       ; disp2[3]    ; 7.325 ; 7.325 ; 7.325 ; 7.325 ;
; a[2]       ; disp2[4]    ; 7.491 ; 7.491 ; 7.491 ; 7.491 ;
; a[2]       ; disp2[5]    ; 7.313 ; 7.313 ; 7.313 ; 7.313 ;
; a[2]       ; disp2[6]    ; 7.419 ; 7.419 ; 7.419 ; 7.419 ;
; a[2]       ; disp3[0]    ; 7.726 ; 7.726 ; 7.726 ; 7.726 ;
; a[2]       ; disp3[1]    ; 8.573 ; 8.573 ; 8.573 ; 8.573 ;
; a[2]       ; disp3[2]    ; 7.418 ; 7.418 ; 7.418 ; 7.418 ;
; a[2]       ; disp3[3]    ; 8.663 ; 8.663 ; 8.663 ; 8.663 ;
; a[2]       ; disp3[4]    ; 8.562 ; 8.562 ; 8.562 ; 8.562 ;
; a[2]       ; disp3[6]    ; 8.663 ; 8.663 ; 8.663 ; 8.663 ;
; a[3]       ; disp1[0]    ; 6.449 ; 6.449 ; 6.449 ; 6.449 ;
; a[3]       ; disp1[1]    ; 6.304 ; 6.304 ; 6.304 ; 6.304 ;
; a[3]       ; disp1[2]    ; 6.390 ; 6.390 ; 6.390 ; 6.390 ;
; a[3]       ; disp1[3]    ; 6.299 ; 6.299 ; 6.299 ; 6.299 ;
; a[3]       ; disp1[4]    ; 6.474 ; 6.474 ; 6.474 ; 6.474 ;
; a[3]       ; disp1[5]    ; 6.437 ; 6.437 ; 6.437 ; 6.437 ;
; a[3]       ; disp1[6]    ; 6.280 ; 6.280 ; 6.280 ; 6.280 ;
; a[3]       ; disp2[0]    ; 7.213 ; 7.213 ; 7.213 ; 7.213 ;
; a[3]       ; disp2[1]    ; 7.355 ; 7.355 ; 7.355 ; 7.355 ;
; a[3]       ; disp2[2]    ; 7.220 ; 7.220 ; 7.220 ; 7.220 ;
; a[3]       ; disp2[3]    ; 7.245 ; 7.245 ; 7.245 ; 7.245 ;
; a[3]       ; disp2[4]    ; 7.411 ; 7.411 ; 7.411 ; 7.411 ;
; a[3]       ; disp2[5]    ; 7.233 ; 7.233 ; 7.233 ; 7.233 ;
; a[3]       ; disp2[6]    ; 7.339 ; 7.339 ; 7.339 ; 7.339 ;
; a[3]       ; disp3[0]    ; 7.646 ; 7.646 ; 7.646 ; 7.646 ;
; a[3]       ; disp3[1]    ; 8.493 ; 8.493 ; 8.493 ; 8.493 ;
; a[3]       ; disp3[2]    ; 7.338 ; 7.338 ; 7.338 ; 7.338 ;
; a[3]       ; disp3[3]    ; 8.583 ; 8.583 ; 8.583 ; 8.583 ;
; a[3]       ; disp3[4]    ; 8.482 ; 8.482 ; 8.482 ; 8.482 ;
; a[3]       ; disp3[6]    ; 8.583 ; 8.583 ; 8.583 ; 8.583 ;
; a[4]       ; disp2[0]    ; 7.235 ; 7.235 ; 7.235 ; 7.235 ;
; a[4]       ; disp2[1]    ; 7.377 ; 7.377 ; 7.377 ; 7.377 ;
; a[4]       ; disp2[2]    ; 7.242 ; 7.242 ; 7.242 ; 7.242 ;
; a[4]       ; disp2[3]    ; 7.267 ; 7.267 ; 7.267 ; 7.267 ;
; a[4]       ; disp2[4]    ; 7.433 ; 7.433 ; 7.433 ; 7.433 ;
; a[4]       ; disp2[5]    ; 7.255 ; 7.255 ; 7.255 ; 7.255 ;
; a[4]       ; disp2[6]    ; 7.361 ; 7.361 ; 7.361 ; 7.361 ;
; a[4]       ; disp3[0]    ; 7.718 ; 7.718 ; 7.718 ; 7.718 ;
; a[4]       ; disp3[1]    ; 8.558 ; 8.558 ; 8.558 ; 8.558 ;
; a[4]       ; disp3[2]    ; 7.403 ; 7.403 ; 7.403 ; 7.403 ;
; a[4]       ; disp3[3]    ; 8.648 ; 8.648 ; 8.648 ; 8.648 ;
; a[4]       ; disp3[4]    ; 8.547 ; 8.547 ; 8.547 ; 8.547 ;
; a[4]       ; disp3[6]    ; 8.648 ; 8.648 ; 8.648 ; 8.648 ;
; b[0]       ; disp1[0]    ; 6.746 ; 6.746 ; 6.746 ; 6.746 ;
; b[0]       ; disp1[1]    ; 6.601 ; 6.601 ; 6.601 ; 6.601 ;
; b[0]       ; disp1[2]    ; 6.687 ; 6.687 ; 6.687 ; 6.687 ;
; b[0]       ; disp1[3]    ; 6.596 ; 6.596 ; 6.596 ; 6.596 ;
; b[0]       ; disp1[4]    ; 6.771 ; 6.771 ; 6.771 ; 6.771 ;
; b[0]       ; disp1[5]    ; 6.734 ; 6.734 ; 6.734 ; 6.734 ;
; b[0]       ; disp1[6]    ; 6.577 ; 6.577 ; 6.577 ; 6.577 ;
; b[0]       ; disp2[0]    ; 7.410 ; 7.410 ; 7.410 ; 7.410 ;
; b[0]       ; disp2[1]    ; 7.552 ; 7.552 ; 7.552 ; 7.552 ;
; b[0]       ; disp2[2]    ; 7.417 ; 7.417 ; 7.417 ; 7.417 ;
; b[0]       ; disp2[3]    ; 7.442 ; 7.442 ; 7.442 ; 7.442 ;
; b[0]       ; disp2[4]    ; 7.608 ; 7.608 ; 7.608 ; 7.608 ;
; b[0]       ; disp2[5]    ; 7.430 ; 7.430 ; 7.430 ; 7.430 ;
; b[0]       ; disp2[6]    ; 7.536 ; 7.536 ; 7.536 ; 7.536 ;
; b[0]       ; disp3[0]    ; 7.839 ; 7.839 ; 7.839 ; 7.839 ;
; b[0]       ; disp3[1]    ; 8.690 ; 8.690 ; 8.690 ; 8.690 ;
; b[0]       ; disp3[2]    ; 7.535 ; 7.535 ; 7.535 ; 7.535 ;
; b[0]       ; disp3[3]    ; 8.780 ; 8.780 ; 8.780 ; 8.780 ;
; b[0]       ; disp3[4]    ; 8.679 ; 8.679 ; 8.679 ; 8.679 ;
; b[0]       ; disp3[6]    ; 8.780 ; 8.780 ; 8.780 ; 8.780 ;
; b[1]       ; disp1[0]    ; 6.826 ; 6.826 ; 6.826 ; 6.826 ;
; b[1]       ; disp1[1]    ; 6.681 ; 6.681 ; 6.681 ; 6.681 ;
; b[1]       ; disp1[2]    ; 6.767 ; 6.767 ; 6.767 ; 6.767 ;
; b[1]       ; disp1[3]    ; 6.676 ; 6.676 ; 6.676 ; 6.676 ;
; b[1]       ; disp1[4]    ; 6.851 ; 6.851 ; 6.851 ; 6.851 ;
; b[1]       ; disp1[5]    ; 6.814 ; 6.814 ; 6.814 ; 6.814 ;
; b[1]       ; disp1[6]    ; 6.657 ; 6.657 ; 6.657 ; 6.657 ;
; b[1]       ; disp2[0]    ; 7.402 ; 7.402 ; 7.402 ; 7.402 ;
; b[1]       ; disp2[1]    ; 7.544 ; 7.544 ; 7.544 ; 7.544 ;
; b[1]       ; disp2[2]    ; 7.409 ; 7.409 ; 7.409 ; 7.409 ;
; b[1]       ; disp2[3]    ; 7.434 ; 7.434 ; 7.434 ; 7.434 ;
; b[1]       ; disp2[4]    ; 7.600 ; 7.600 ; 7.600 ; 7.600 ;
; b[1]       ; disp2[5]    ; 7.422 ; 7.422 ; 7.422 ; 7.422 ;
; b[1]       ; disp2[6]    ; 7.528 ; 7.528 ; 7.528 ; 7.528 ;
; b[1]       ; disp3[0]    ; 7.831 ; 7.831 ; 7.831 ; 7.831 ;
; b[1]       ; disp3[1]    ; 8.682 ; 8.682 ; 8.682 ; 8.682 ;
; b[1]       ; disp3[2]    ; 7.527 ; 7.527 ; 7.527 ; 7.527 ;
; b[1]       ; disp3[3]    ; 8.772 ; 8.772 ; 8.772 ; 8.772 ;
; b[1]       ; disp3[4]    ; 8.671 ; 8.671 ; 8.671 ; 8.671 ;
; b[1]       ; disp3[6]    ; 8.772 ; 8.772 ; 8.772 ; 8.772 ;
; b[2]       ; disp1[0]    ; 6.583 ; 6.583 ; 6.583 ; 6.583 ;
; b[2]       ; disp1[1]    ; 6.438 ; 6.438 ; 6.438 ; 6.438 ;
; b[2]       ; disp1[2]    ; 6.524 ; 6.524 ; 6.524 ; 6.524 ;
; b[2]       ; disp1[3]    ; 6.433 ; 6.433 ; 6.433 ; 6.433 ;
; b[2]       ; disp1[4]    ; 6.608 ; 6.608 ; 6.608 ; 6.608 ;
; b[2]       ; disp1[5]    ; 6.571 ; 6.571 ; 6.571 ; 6.571 ;
; b[2]       ; disp1[6]    ; 6.414 ; 6.414 ; 6.414 ; 6.414 ;
; b[2]       ; disp2[0]    ; 7.350 ; 7.350 ; 7.350 ; 7.350 ;
; b[2]       ; disp2[1]    ; 7.492 ; 7.492 ; 7.492 ; 7.492 ;
; b[2]       ; disp2[2]    ; 7.357 ; 7.357 ; 7.357 ; 7.357 ;
; b[2]       ; disp2[3]    ; 7.382 ; 7.382 ; 7.382 ; 7.382 ;
; b[2]       ; disp2[4]    ; 7.548 ; 7.548 ; 7.548 ; 7.548 ;
; b[2]       ; disp2[5]    ; 7.370 ; 7.370 ; 7.370 ; 7.370 ;
; b[2]       ; disp2[6]    ; 7.476 ; 7.476 ; 7.476 ; 7.476 ;
; b[2]       ; disp3[0]    ; 7.781 ; 7.781 ; 7.781 ; 7.781 ;
; b[2]       ; disp3[1]    ; 8.630 ; 8.630 ; 8.630 ; 8.630 ;
; b[2]       ; disp3[2]    ; 7.475 ; 7.475 ; 7.475 ; 7.475 ;
; b[2]       ; disp3[3]    ; 8.720 ; 8.720 ; 8.720 ; 8.720 ;
; b[2]       ; disp3[4]    ; 8.619 ; 8.619 ; 8.619 ; 8.619 ;
; b[2]       ; disp3[6]    ; 8.720 ; 8.720 ; 8.720 ; 8.720 ;
; b[3]       ; disp1[0]    ; 6.527 ; 6.527 ; 6.527 ; 6.527 ;
; b[3]       ; disp1[1]    ; 6.382 ; 6.382 ; 6.382 ; 6.382 ;
; b[3]       ; disp1[2]    ; 6.468 ; 6.468 ; 6.468 ; 6.468 ;
; b[3]       ; disp1[3]    ; 6.377 ; 6.377 ; 6.377 ; 6.377 ;
; b[3]       ; disp1[4]    ; 6.552 ; 6.552 ; 6.552 ; 6.552 ;
; b[3]       ; disp1[5]    ; 6.515 ; 6.515 ; 6.515 ; 6.515 ;
; b[3]       ; disp1[6]    ; 6.358 ; 6.358 ; 6.358 ; 6.358 ;
; b[3]       ; disp2[0]    ; 7.289 ; 7.289 ; 7.289 ; 7.289 ;
; b[3]       ; disp2[1]    ; 7.431 ; 7.431 ; 7.431 ; 7.431 ;
; b[3]       ; disp2[2]    ; 7.296 ; 7.296 ; 7.296 ; 7.296 ;
; b[3]       ; disp2[3]    ; 7.321 ; 7.321 ; 7.321 ; 7.321 ;
; b[3]       ; disp2[4]    ; 7.487 ; 7.487 ; 7.487 ; 7.487 ;
; b[3]       ; disp2[5]    ; 7.309 ; 7.309 ; 7.309 ; 7.309 ;
; b[3]       ; disp2[6]    ; 7.415 ; 7.415 ; 7.415 ; 7.415 ;
; b[3]       ; disp3[0]    ; 7.720 ; 7.720 ; 7.720 ; 7.720 ;
; b[3]       ; disp3[1]    ; 8.569 ; 8.569 ; 8.569 ; 8.569 ;
; b[3]       ; disp3[2]    ; 7.414 ; 7.414 ; 7.414 ; 7.414 ;
; b[3]       ; disp3[3]    ; 8.659 ; 8.659 ; 8.659 ; 8.659 ;
; b[3]       ; disp3[4]    ; 8.558 ; 8.558 ; 8.558 ; 8.558 ;
; b[3]       ; disp3[6]    ; 8.659 ; 8.659 ; 8.659 ; 8.659 ;
; b[4]       ; disp2[0]    ; 6.428 ; 6.428 ; 6.428 ; 6.428 ;
; b[4]       ; disp2[1]    ; 6.570 ; 6.570 ; 6.570 ; 6.570 ;
; b[4]       ; disp2[2]    ; 6.435 ; 6.435 ; 6.435 ; 6.435 ;
; b[4]       ; disp2[3]    ; 6.460 ; 6.460 ; 6.460 ; 6.460 ;
; b[4]       ; disp2[4]    ; 6.626 ; 6.626 ; 6.626 ; 6.626 ;
; b[4]       ; disp2[5]    ; 6.448 ; 6.448 ; 6.448 ; 6.448 ;
; b[4]       ; disp2[6]    ; 6.554 ; 6.554 ; 6.554 ; 6.554 ;
; b[4]       ; disp3[0]    ;       ; 6.763 ; 6.763 ;       ;
; b[4]       ; disp3[1]    ; 7.708 ; 7.708 ; 7.708 ; 7.708 ;
; b[4]       ; disp3[2]    ; 6.553 ; 6.553 ; 6.553 ; 6.553 ;
; b[4]       ; disp3[3]    ; 7.798 ; 7.798 ; 7.798 ; 7.798 ;
; b[4]       ; disp3[4]    ; 7.697 ; 7.697 ; 7.697 ; 7.697 ;
; b[4]       ; disp3[6]    ; 7.798 ; 7.798 ; 7.798 ; 7.798 ;
+------------+-------------+-------+-------+-------+-------+


+----------------------------------------------------------+
; Minimum Propagation Delay                                ;
+------------+-------------+-------+-------+-------+-------+
; Input Port ; Output Port ; RR    ; RF    ; FR    ; FF    ;
+------------+-------------+-------+-------+-------+-------+
; a[0]       ; disp1[0]    ; 6.152 ; 6.152 ; 6.152 ; 6.152 ;
; a[0]       ; disp1[1]    ; 5.400 ; 6.007 ; 6.007 ; 5.400 ;
; a[0]       ; disp1[2]    ; 5.484 ; 6.094 ; 6.094 ; 5.484 ;
; a[0]       ; disp1[3]    ; 5.398 ; 5.398 ; 5.398 ; 5.398 ;
; a[0]       ; disp1[4]    ; 5.565 ; 5.565 ; 5.565 ; 5.565 ;
; a[0]       ; disp1[5]    ; 5.532 ; 5.532 ; 5.532 ; 5.532 ;
; a[0]       ; disp1[6]    ; 5.379 ; 5.379 ; 5.379 ; 5.379 ;
; a[0]       ; disp2[0]    ; 6.187 ; 6.187 ; 6.187 ; 6.187 ;
; a[0]       ; disp2[1]    ; 6.239 ; 6.239 ; 6.239 ; 6.239 ;
; a[0]       ; disp2[2]    ; 6.107 ; 6.107 ; 6.107 ; 6.107 ;
; a[0]       ; disp2[3]    ; 6.124 ; 6.124 ; 6.124 ; 6.124 ;
; a[0]       ; disp2[4]    ; 6.294 ; 6.294 ; 6.294 ; 6.294 ;
; a[0]       ; disp2[5]    ; 6.114 ; 6.114 ; 6.114 ; 6.114 ;
; a[0]       ; disp2[6]    ; 6.223 ; 6.223 ; 6.223 ; 6.223 ;
; a[0]       ; disp3[0]    ; 7.140 ; 6.707 ; 6.707 ; 7.140 ;
; a[0]       ; disp3[1]    ; 7.163 ; 7.596 ; 7.596 ; 7.163 ;
; a[0]       ; disp3[2]    ; 6.497 ; 6.497 ; 6.497 ; 6.497 ;
; a[0]       ; disp3[3]    ; 7.688 ; 7.255 ; 7.255 ; 7.688 ;
; a[0]       ; disp3[4]    ; 7.181 ; 7.614 ; 7.614 ; 7.181 ;
; a[0]       ; disp3[6]    ; 7.688 ; 7.255 ; 7.255 ; 7.688 ;
; a[1]       ; disp1[0]    ; 6.366 ; 6.366 ; 6.366 ; 6.366 ;
; a[1]       ; disp1[1]    ; 6.222 ; 6.222 ; 6.222 ; 6.222 ;
; a[1]       ; disp1[2]    ; 6.292 ; 6.292 ; 6.292 ; 6.292 ;
; a[1]       ; disp1[3]    ; 6.220 ; 6.220 ; 6.220 ; 6.220 ;
; a[1]       ; disp1[4]    ; 6.382 ; 6.382 ; 6.382 ; 6.382 ;
; a[1]       ; disp1[5]    ; 6.343 ; 6.343 ; 6.343 ; 6.343 ;
; a[1]       ; disp1[6]    ; 6.201 ; 6.201 ; 6.201 ; 6.201 ;
; a[1]       ; disp2[0]    ; 6.019 ; 6.019 ; 6.019 ; 6.019 ;
; a[1]       ; disp2[1]    ; 6.160 ; 6.160 ; 6.160 ; 6.160 ;
; a[1]       ; disp2[2]    ; 6.026 ; 6.026 ; 6.026 ; 6.026 ;
; a[1]       ; disp2[3]    ; 6.046 ; 6.046 ; 6.046 ; 6.046 ;
; a[1]       ; disp2[4]    ; 6.216 ; 6.216 ; 6.216 ; 6.216 ;
; a[1]       ; disp2[5]    ; 6.036 ; 6.036 ; 6.036 ; 6.036 ;
; a[1]       ; disp2[6]    ; 6.142 ; 6.142 ; 6.142 ; 6.142 ;
; a[1]       ; disp3[0]    ; 7.522 ; 6.642 ; 6.642 ; 7.522 ;
; a[1]       ; disp3[1]    ; 7.098 ; 7.587 ; 7.587 ; 7.098 ;
; a[1]       ; disp3[2]    ; 6.432 ; 6.432 ; 6.432 ; 6.432 ;
; a[1]       ; disp3[3]    ; 7.677 ; 7.190 ; 7.190 ; 7.677 ;
; a[1]       ; disp3[4]    ; 7.116 ; 7.576 ; 7.576 ; 7.116 ;
; a[1]       ; disp3[6]    ; 7.677 ; 7.190 ; 7.190 ; 7.677 ;
; a[2]       ; disp1[0]    ; 6.484 ; 6.484 ; 6.484 ; 6.484 ;
; a[2]       ; disp1[1]    ; 6.339 ; 6.339 ; 6.339 ; 6.339 ;
; a[2]       ; disp1[2]    ; 6.426 ; 6.426 ; 6.426 ; 6.426 ;
; a[2]       ; disp1[3]    ; 6.335 ; 6.335 ; 6.335 ; 6.335 ;
; a[2]       ; disp1[4]    ; 6.509 ; 6.509 ; 6.509 ; 6.509 ;
; a[2]       ; disp1[5]    ; 6.473 ; 6.473 ; 6.473 ; 6.473 ;
; a[2]       ; disp1[6]    ; 6.315 ; 6.315 ; 6.315 ; 6.315 ;
; a[2]       ; disp2[0]    ; 5.835 ; 5.835 ; 5.835 ; 5.835 ;
; a[2]       ; disp2[1]    ; 6.056 ; 6.056 ; 6.056 ; 6.056 ;
; a[2]       ; disp2[2]    ; 5.922 ; 5.922 ; 5.922 ; 5.922 ;
; a[2]       ; disp2[3]    ; 5.942 ; 5.942 ; 5.942 ; 5.942 ;
; a[2]       ; disp2[4]    ; 6.112 ; 6.112 ; 6.112 ; 6.112 ;
; a[2]       ; disp2[5]    ; 5.932 ; 5.932 ; 5.932 ; 5.932 ;
; a[2]       ; disp2[6]    ; 6.038 ; 6.038 ; 6.038 ; 6.038 ;
; a[2]       ; disp3[0]    ; 7.400 ; 6.376 ; 6.376 ; 7.400 ;
; a[2]       ; disp3[1]    ; 6.832 ; 7.321 ; 7.321 ; 6.832 ;
; a[2]       ; disp3[2]    ; 6.166 ; 6.166 ; 6.166 ; 6.166 ;
; a[2]       ; disp3[3]    ; 7.411 ; 6.924 ; 6.924 ; 7.411 ;
; a[2]       ; disp3[4]    ; 6.850 ; 7.310 ; 7.310 ; 6.850 ;
; a[2]       ; disp3[6]    ; 7.411 ; 6.924 ; 6.924 ; 7.411 ;
; a[3]       ; disp1[0]    ; 6.449 ; 6.449 ; 6.449 ; 6.449 ;
; a[3]       ; disp1[1]    ; 6.304 ; 6.304 ; 6.304 ; 6.304 ;
; a[3]       ; disp1[2]    ; 6.390 ; 6.390 ; 6.390 ; 6.390 ;
; a[3]       ; disp1[3]    ; 6.299 ; 6.299 ; 6.299 ; 6.299 ;
; a[3]       ; disp1[4]    ; 6.474 ; 6.474 ; 6.474 ; 6.474 ;
; a[3]       ; disp1[5]    ; 6.437 ; 6.437 ; 6.437 ; 6.437 ;
; a[3]       ; disp1[6]    ; 6.280 ; 6.280 ; 6.280 ; 6.280 ;
; a[3]       ; disp2[0]    ; 5.911 ; 5.911 ; 5.911 ; 5.911 ;
; a[3]       ; disp2[1]    ; 6.053 ; 6.053 ; 6.053 ; 6.053 ;
; a[3]       ; disp2[2]    ; 5.918 ; 5.918 ; 5.918 ; 5.918 ;
; a[3]       ; disp2[3]    ; 5.943 ; 5.943 ; 5.943 ; 5.943 ;
; a[3]       ; disp2[4]    ; 6.109 ; 6.109 ; 6.109 ; 6.109 ;
; a[3]       ; disp2[5]    ; 5.931 ; 5.931 ; 5.931 ; 5.931 ;
; a[3]       ; disp2[6]    ; 6.037 ; 6.037 ; 6.037 ; 6.037 ;
; a[3]       ; disp3[0]    ; 7.174 ; 6.351 ; 6.351 ; 7.174 ;
; a[3]       ; disp3[1]    ; 6.807 ; 7.296 ; 7.296 ; 6.807 ;
; a[3]       ; disp3[2]    ; 6.141 ; 6.141 ; 6.141 ; 6.141 ;
; a[3]       ; disp3[3]    ; 7.386 ; 6.899 ; 6.899 ; 7.386 ;
; a[3]       ; disp3[4]    ; 6.825 ; 7.285 ; 7.285 ; 6.825 ;
; a[3]       ; disp3[6]    ; 7.386 ; 6.899 ; 6.899 ; 7.386 ;
; a[4]       ; disp2[0]    ; 6.330 ; 6.330 ; 6.330 ; 6.330 ;
; a[4]       ; disp2[1]    ; 6.471 ; 6.471 ; 6.471 ; 6.471 ;
; a[4]       ; disp2[2]    ; 6.337 ; 6.337 ; 6.337 ; 6.337 ;
; a[4]       ; disp2[3]    ; 6.357 ; 6.357 ; 6.357 ; 6.357 ;
; a[4]       ; disp2[4]    ; 6.527 ; 6.527 ; 6.527 ; 6.527 ;
; a[4]       ; disp2[5]    ; 6.347 ; 6.347 ; 6.347 ; 6.347 ;
; a[4]       ; disp2[6]    ; 6.453 ; 6.453 ; 6.453 ; 6.453 ;
; a[4]       ; disp3[0]    ; 6.924 ; 6.183 ; 6.183 ; 6.924 ;
; a[4]       ; disp3[1]    ; 6.639 ; 7.025 ; 7.025 ; 6.639 ;
; a[4]       ; disp3[2]    ; 5.870 ; 5.870 ; 5.870 ; 5.870 ;
; a[4]       ; disp3[3]    ; 7.115 ; 6.731 ; 6.731 ; 7.115 ;
; a[4]       ; disp3[4]    ; 6.657 ; 7.014 ; 7.014 ; 6.657 ;
; a[4]       ; disp3[6]    ; 7.115 ; 6.731 ; 6.731 ; 7.115 ;
; b[0]       ; disp1[0]    ; 6.216 ; 6.216 ; 6.216 ; 6.216 ;
; b[0]       ; disp1[1]    ; 5.585 ; 6.072 ; 6.072 ; 5.585 ;
; b[0]       ; disp1[2]    ; 5.669 ; 6.142 ; 6.142 ; 5.669 ;
; b[0]       ; disp1[3]    ; 5.583 ; 5.583 ; 5.583 ; 5.583 ;
; b[0]       ; disp1[4]    ; 5.750 ; 5.750 ; 5.750 ; 5.750 ;
; b[0]       ; disp1[5]    ; 5.717 ; 5.717 ; 5.717 ; 5.717 ;
; b[0]       ; disp1[6]    ; 5.564 ; 5.564 ; 5.564 ; 5.564 ;
; b[0]       ; disp2[0]    ; 6.783 ; 6.783 ; 6.783 ; 6.783 ;
; b[0]       ; disp2[1]    ; 6.840 ; 6.840 ; 6.840 ; 6.840 ;
; b[0]       ; disp2[2]    ; 6.708 ; 6.708 ; 6.708 ; 6.708 ;
; b[0]       ; disp2[3]    ; 6.725 ; 6.725 ; 6.725 ; 6.725 ;
; b[0]       ; disp2[4]    ; 6.895 ; 6.895 ; 6.895 ; 6.895 ;
; b[0]       ; disp2[5]    ; 6.715 ; 6.715 ; 6.715 ; 6.715 ;
; b[0]       ; disp2[6]    ; 6.824 ; 6.824 ; 6.824 ; 6.824 ;
; b[0]       ; disp3[0]    ; 7.303 ; 7.303 ; 7.303 ; 7.303 ;
; b[0]       ; disp3[1]    ; 7.759 ; 7.759 ; 7.759 ; 7.759 ;
; b[0]       ; disp3[2]    ; 7.093 ; 7.093 ; 7.093 ; 7.093 ;
; b[0]       ; disp3[3]    ; 7.851 ; 7.851 ; 7.851 ; 7.851 ;
; b[0]       ; disp3[4]    ; 7.777 ; 7.777 ; 7.777 ; 7.777 ;
; b[0]       ; disp3[6]    ; 7.851 ; 7.851 ; 7.851 ; 7.851 ;
; b[1]       ; disp1[0]    ; 6.291 ; 6.291 ; 6.291 ; 6.291 ;
; b[1]       ; disp1[1]    ; 6.147 ; 6.147 ; 6.147 ; 6.147 ;
; b[1]       ; disp1[2]    ; 6.217 ; 6.217 ; 6.217 ; 6.217 ;
; b[1]       ; disp1[3]    ; 6.145 ; 6.145 ; 6.145 ; 6.145 ;
; b[1]       ; disp1[4]    ; 6.307 ; 6.307 ; 6.307 ; 6.307 ;
; b[1]       ; disp1[5]    ; 6.268 ; 6.268 ; 6.268 ; 6.268 ;
; b[1]       ; disp1[6]    ; 6.126 ; 6.126 ; 6.126 ; 6.126 ;
; b[1]       ; disp2[0]    ; 6.307 ; 6.307 ; 6.307 ; 6.307 ;
; b[1]       ; disp2[1]    ; 6.448 ; 6.448 ; 6.448 ; 6.448 ;
; b[1]       ; disp2[2]    ; 6.314 ; 6.314 ; 6.314 ; 6.314 ;
; b[1]       ; disp2[3]    ; 6.334 ; 6.334 ; 6.334 ; 6.334 ;
; b[1]       ; disp2[4]    ; 6.504 ; 6.504 ; 6.504 ; 6.504 ;
; b[1]       ; disp2[5]    ; 6.324 ; 6.324 ; 6.324 ; 6.324 ;
; b[1]       ; disp2[6]    ; 6.430 ; 6.430 ; 6.430 ; 6.430 ;
; b[1]       ; disp3[0]    ; 6.932 ; 6.932 ; 6.932 ; 6.932 ;
; b[1]       ; disp3[1]    ; 7.388 ; 7.388 ; 7.388 ; 7.388 ;
; b[1]       ; disp3[2]    ; 6.722 ; 6.722 ; 6.722 ; 6.722 ;
; b[1]       ; disp3[3]    ; 7.480 ; 7.480 ; 7.480 ; 7.480 ;
; b[1]       ; disp3[4]    ; 7.406 ; 7.406 ; 7.406 ; 7.406 ;
; b[1]       ; disp3[6]    ; 7.480 ; 7.480 ; 7.480 ; 7.480 ;
; b[2]       ; disp1[0]    ; 6.227 ; 6.227 ; 6.227 ; 6.227 ;
; b[2]       ; disp1[1]    ; 6.082 ; 6.082 ; 6.082 ; 6.082 ;
; b[2]       ; disp1[2]    ; 6.169 ; 6.169 ; 6.169 ; 6.169 ;
; b[2]       ; disp1[3]    ; 6.078 ; 6.078 ; 6.078 ; 6.078 ;
; b[2]       ; disp1[4]    ; 6.252 ; 6.252 ; 6.252 ; 6.252 ;
; b[2]       ; disp1[5]    ; 6.216 ; 6.216 ; 6.216 ; 6.216 ;
; b[2]       ; disp1[6]    ; 6.058 ; 6.058 ; 6.058 ; 6.058 ;
; b[2]       ; disp2[0]    ; 6.612 ; 6.612 ; 6.612 ; 6.612 ;
; b[2]       ; disp2[1]    ; 6.752 ; 6.752 ; 6.752 ; 6.752 ;
; b[2]       ; disp2[2]    ; 6.619 ; 6.619 ; 6.619 ; 6.619 ;
; b[2]       ; disp2[3]    ; 6.637 ; 6.637 ; 6.637 ; 6.637 ;
; b[2]       ; disp2[4]    ; 6.807 ; 6.807 ; 6.807 ; 6.807 ;
; b[2]       ; disp2[5]    ; 6.627 ; 6.627 ; 6.627 ; 6.627 ;
; b[2]       ; disp2[6]    ; 6.735 ; 6.735 ; 6.735 ; 6.735 ;
; b[2]       ; disp3[0]    ; 7.215 ; 7.215 ; 7.215 ; 7.215 ;
; b[2]       ; disp3[1]    ; 7.671 ; 7.671 ; 7.671 ; 7.671 ;
; b[2]       ; disp3[2]    ; 7.005 ; 7.005 ; 7.005 ; 7.005 ;
; b[2]       ; disp3[3]    ; 7.763 ; 7.763 ; 7.763 ; 7.763 ;
; b[2]       ; disp3[4]    ; 7.689 ; 7.689 ; 7.689 ; 7.689 ;
; b[2]       ; disp3[6]    ; 7.763 ; 7.763 ; 7.763 ; 7.763 ;
; b[3]       ; disp1[0]    ; 6.527 ; 6.527 ; 6.527 ; 6.527 ;
; b[3]       ; disp1[1]    ; 6.382 ; 6.382 ; 6.382 ; 6.382 ;
; b[3]       ; disp1[2]    ; 6.468 ; 6.468 ; 6.468 ; 6.468 ;
; b[3]       ; disp1[3]    ; 6.377 ; 6.377 ; 6.377 ; 6.377 ;
; b[3]       ; disp1[4]    ; 6.552 ; 6.552 ; 6.552 ; 6.552 ;
; b[3]       ; disp1[5]    ; 6.515 ; 6.515 ; 6.515 ; 6.515 ;
; b[3]       ; disp1[6]    ; 6.358 ; 6.358 ; 6.358 ; 6.358 ;
; b[3]       ; disp2[0]    ; 6.490 ; 6.490 ; 6.490 ; 6.490 ;
; b[3]       ; disp2[1]    ; 6.632 ; 6.632 ; 6.632 ; 6.632 ;
; b[3]       ; disp2[2]    ; 6.497 ; 6.497 ; 6.497 ; 6.497 ;
; b[3]       ; disp2[3]    ; 6.522 ; 6.522 ; 6.522 ; 6.522 ;
; b[3]       ; disp2[4]    ; 6.688 ; 6.688 ; 6.688 ; 6.688 ;
; b[3]       ; disp2[5]    ; 6.510 ; 6.510 ; 6.510 ; 6.510 ;
; b[3]       ; disp2[6]    ; 6.616 ; 6.616 ; 6.616 ; 6.616 ;
; b[3]       ; disp3[0]    ; 6.928 ; 6.928 ; 6.928 ; 6.928 ;
; b[3]       ; disp3[1]    ; 7.384 ; 7.384 ; 7.384 ; 7.384 ;
; b[3]       ; disp3[2]    ; 6.714 ; 6.714 ; 6.714 ; 6.714 ;
; b[3]       ; disp3[3]    ; 7.476 ; 7.476 ; 7.476 ; 7.476 ;
; b[3]       ; disp3[4]    ; 7.402 ; 7.402 ; 7.402 ; 7.402 ;
; b[3]       ; disp3[6]    ; 7.476 ; 7.476 ; 7.476 ; 7.476 ;
; b[4]       ; disp2[0]    ; 5.801 ; 5.801 ; 5.801 ; 5.801 ;
; b[4]       ; disp2[1]    ; 6.019 ; 6.019 ; 6.019 ; 6.019 ;
; b[4]       ; disp2[2]    ; 5.884 ; 5.884 ; 5.884 ; 5.884 ;
; b[4]       ; disp2[3]    ; 5.908 ; 5.908 ; 5.908 ; 5.908 ;
; b[4]       ; disp2[4]    ; 6.075 ; 6.075 ; 6.075 ; 6.075 ;
; b[4]       ; disp2[5]    ; 5.897 ; 5.897 ; 5.897 ; 5.897 ;
; b[4]       ; disp2[6]    ; 6.003 ; 6.003 ; 6.003 ; 6.003 ;
; b[4]       ; disp3[0]    ;       ; 6.270 ; 6.270 ;       ;
; b[4]       ; disp3[1]    ; 6.726 ; 7.112 ; 7.112 ; 6.726 ;
; b[4]       ; disp3[2]    ; 5.957 ; 5.957 ; 5.957 ; 5.957 ;
; b[4]       ; disp3[3]    ; 7.202 ; 6.818 ; 6.818 ; 7.202 ;
; b[4]       ; disp3[4]    ; 6.744 ; 7.101 ; 7.101 ; 6.744 ;
; b[4]       ; disp3[6]    ; 7.202 ; 6.818 ; 6.818 ; 7.202 ;
+------------+-------------+-------+-------+-------+-------+


+----------------------------------------------------------------------------+
; Multicorner Timing Analysis Summary                                        ;
+------------------+-------+------+----------+---------+---------------------+
; Clock            ; Setup ; Hold ; Recovery ; Removal ; Minimum Pulse Width ;
+------------------+-------+------+----------+---------+---------------------+
; Worst-case Slack ; N/A   ; N/A  ; N/A      ; N/A     ; N/A                 ;
; Design-wide TNS  ; 0.0   ; 0.0  ; 0.0      ; 0.0     ; 0.0                 ;
+------------------+-------+------+----------+---------+---------------------+


+--------------------------------------------------------------+
; Progagation Delay                                            ;
+------------+-------------+--------+--------+--------+--------+
; Input Port ; Output Port ; RR     ; RF     ; FR     ; FF     ;
+------------+-------------+--------+--------+--------+--------+
; a[0]       ; disp1[0]    ; 14.788 ; 14.788 ; 14.788 ; 14.788 ;
; a[0]       ; disp1[1]    ; 14.371 ; 14.371 ; 14.371 ; 14.371 ;
; a[0]       ; disp1[2]    ; 14.358 ; 14.358 ; 14.358 ; 14.358 ;
; a[0]       ; disp1[3]    ; 14.421 ; 14.421 ; 14.421 ; 14.421 ;
; a[0]       ; disp1[4]    ; 14.658 ; 14.658 ; 14.658 ; 14.658 ;
; a[0]       ; disp1[5]    ; 14.787 ; 14.787 ; 14.787 ; 14.787 ;
; a[0]       ; disp1[6]    ; 14.368 ; 14.368 ; 14.368 ; 14.368 ;
; a[0]       ; disp2[0]    ; 16.400 ; 16.400 ; 16.400 ; 16.400 ;
; a[0]       ; disp2[1]    ; 16.511 ; 16.511 ; 16.511 ; 16.511 ;
; a[0]       ; disp2[2]    ; 16.263 ; 16.263 ; 16.263 ; 16.263 ;
; a[0]       ; disp2[3]    ; 16.405 ; 16.405 ; 16.405 ; 16.405 ;
; a[0]       ; disp2[4]    ; 16.837 ; 16.837 ; 16.837 ; 16.837 ;
; a[0]       ; disp2[5]    ; 16.428 ; 16.428 ; 16.428 ; 16.428 ;
; a[0]       ; disp2[6]    ; 16.748 ; 16.748 ; 16.748 ; 16.748 ;
; a[0]       ; disp3[0]    ; 17.142 ; 17.142 ; 17.142 ; 17.142 ;
; a[0]       ; disp3[1]    ; 19.609 ; 19.609 ; 19.609 ; 19.609 ;
; a[0]       ; disp3[2]    ; 16.581 ; 16.581 ; 16.581 ; 16.581 ;
; a[0]       ; disp3[3]    ; 19.864 ; 19.864 ; 19.864 ; 19.864 ;
; a[0]       ; disp3[4]    ; 19.598 ; 19.598 ; 19.598 ; 19.598 ;
; a[0]       ; disp3[6]    ; 19.864 ; 19.864 ; 19.864 ; 19.864 ;
; a[1]       ; disp1[0]    ; 15.009 ; 15.009 ; 15.009 ; 15.009 ;
; a[1]       ; disp1[1]    ; 14.592 ; 14.592 ; 14.592 ; 14.592 ;
; a[1]       ; disp1[2]    ; 14.579 ; 14.579 ; 14.579 ; 14.579 ;
; a[1]       ; disp1[3]    ; 14.642 ; 14.642 ; 14.642 ; 14.642 ;
; a[1]       ; disp1[4]    ; 14.879 ; 14.879 ; 14.879 ; 14.879 ;
; a[1]       ; disp1[5]    ; 15.008 ; 15.008 ; 15.008 ; 15.008 ;
; a[1]       ; disp1[6]    ; 14.589 ; 14.589 ; 14.589 ; 14.589 ;
; a[1]       ; disp2[0]    ; 16.621 ; 16.621 ; 16.621 ; 16.621 ;
; a[1]       ; disp2[1]    ; 16.732 ; 16.732 ; 16.732 ; 16.732 ;
; a[1]       ; disp2[2]    ; 16.484 ; 16.484 ; 16.484 ; 16.484 ;
; a[1]       ; disp2[3]    ; 16.626 ; 16.626 ; 16.626 ; 16.626 ;
; a[1]       ; disp2[4]    ; 17.058 ; 17.058 ; 17.058 ; 17.058 ;
; a[1]       ; disp2[5]    ; 16.649 ; 16.649 ; 16.649 ; 16.649 ;
; a[1]       ; disp2[6]    ; 16.969 ; 16.969 ; 16.969 ; 16.969 ;
; a[1]       ; disp3[0]    ; 17.363 ; 17.363 ; 17.363 ; 17.363 ;
; a[1]       ; disp3[1]    ; 19.830 ; 19.830 ; 19.830 ; 19.830 ;
; a[1]       ; disp3[2]    ; 16.802 ; 16.802 ; 16.802 ; 16.802 ;
; a[1]       ; disp3[3]    ; 20.085 ; 20.085 ; 20.085 ; 20.085 ;
; a[1]       ; disp3[4]    ; 19.819 ; 19.819 ; 19.819 ; 19.819 ;
; a[1]       ; disp3[6]    ; 20.085 ; 20.085 ; 20.085 ; 20.085 ;
; a[2]       ; disp1[0]    ; 14.089 ; 14.089 ; 14.089 ; 14.089 ;
; a[2]       ; disp1[1]    ; 13.672 ; 13.672 ; 13.672 ; 13.672 ;
; a[2]       ; disp1[2]    ; 13.659 ; 13.659 ; 13.659 ; 13.659 ;
; a[2]       ; disp1[3]    ; 13.722 ; 13.722 ; 13.722 ; 13.722 ;
; a[2]       ; disp1[4]    ; 13.959 ; 13.959 ; 13.959 ; 13.959 ;
; a[2]       ; disp1[5]    ; 14.088 ; 14.088 ; 14.088 ; 14.088 ;
; a[2]       ; disp1[6]    ; 13.669 ; 13.669 ; 13.669 ; 13.669 ;
; a[2]       ; disp2[0]    ; 16.215 ; 16.215 ; 16.215 ; 16.215 ;
; a[2]       ; disp2[1]    ; 16.326 ; 16.326 ; 16.326 ; 16.326 ;
; a[2]       ; disp2[2]    ; 16.078 ; 16.078 ; 16.078 ; 16.078 ;
; a[2]       ; disp2[3]    ; 16.220 ; 16.220 ; 16.220 ; 16.220 ;
; a[2]       ; disp2[4]    ; 16.652 ; 16.652 ; 16.652 ; 16.652 ;
; a[2]       ; disp2[5]    ; 16.243 ; 16.243 ; 16.243 ; 16.243 ;
; a[2]       ; disp2[6]    ; 16.563 ; 16.563 ; 16.563 ; 16.563 ;
; a[2]       ; disp3[0]    ; 16.965 ; 16.965 ; 16.965 ; 16.965 ;
; a[2]       ; disp3[1]    ; 19.424 ; 19.424 ; 19.424 ; 19.424 ;
; a[2]       ; disp3[2]    ; 16.396 ; 16.396 ; 16.396 ; 16.396 ;
; a[2]       ; disp3[3]    ; 19.679 ; 19.679 ; 19.679 ; 19.679 ;
; a[2]       ; disp3[4]    ; 19.413 ; 19.413 ; 19.413 ; 19.413 ;
; a[2]       ; disp3[6]    ; 19.679 ; 19.679 ; 19.679 ; 19.679 ;
; a[3]       ; disp1[0]    ; 13.688 ; 13.688 ; 13.688 ; 13.688 ;
; a[3]       ; disp1[1]    ; 13.271 ; 13.271 ; 13.271 ; 13.271 ;
; a[3]       ; disp1[2]    ; 13.258 ; 13.258 ; 13.258 ; 13.258 ;
; a[3]       ; disp1[3]    ; 13.321 ; 13.321 ; 13.321 ; 13.321 ;
; a[3]       ; disp1[4]    ; 13.558 ; 13.558 ; 13.558 ; 13.558 ;
; a[3]       ; disp1[5]    ; 13.687 ; 13.687 ; 13.687 ; 13.687 ;
; a[3]       ; disp1[6]    ; 13.268 ; 13.268 ; 13.268 ; 13.268 ;
; a[3]       ; disp2[0]    ; 15.950 ; 15.950 ; 15.950 ; 15.950 ;
; a[3]       ; disp2[1]    ; 16.061 ; 16.061 ; 16.061 ; 16.061 ;
; a[3]       ; disp2[2]    ; 15.813 ; 15.813 ; 15.813 ; 15.813 ;
; a[3]       ; disp2[3]    ; 15.955 ; 15.955 ; 15.955 ; 15.955 ;
; a[3]       ; disp2[4]    ; 16.387 ; 16.387 ; 16.387 ; 16.387 ;
; a[3]       ; disp2[5]    ; 15.978 ; 15.978 ; 15.978 ; 15.978 ;
; a[3]       ; disp2[6]    ; 16.298 ; 16.298 ; 16.298 ; 16.298 ;
; a[3]       ; disp3[0]    ; 16.700 ; 16.700 ; 16.700 ; 16.700 ;
; a[3]       ; disp3[1]    ; 19.159 ; 19.159 ; 19.159 ; 19.159 ;
; a[3]       ; disp3[2]    ; 16.131 ; 16.131 ; 16.131 ; 16.131 ;
; a[3]       ; disp3[3]    ; 19.414 ; 19.414 ; 19.414 ; 19.414 ;
; a[3]       ; disp3[4]    ; 19.148 ; 19.148 ; 19.148 ; 19.148 ;
; a[3]       ; disp3[6]    ; 19.414 ; 19.414 ; 19.414 ; 19.414 ;
; a[4]       ; disp2[0]    ; 16.039 ; 16.039 ; 16.039 ; 16.039 ;
; a[4]       ; disp2[1]    ; 16.150 ; 16.150 ; 16.150 ; 16.150 ;
; a[4]       ; disp2[2]    ; 15.902 ; 15.902 ; 15.902 ; 15.902 ;
; a[4]       ; disp2[3]    ; 16.044 ; 16.044 ; 16.044 ; 16.044 ;
; a[4]       ; disp2[4]    ; 16.476 ; 16.476 ; 16.476 ; 16.476 ;
; a[4]       ; disp2[5]    ; 16.067 ; 16.067 ; 16.067 ; 16.067 ;
; a[4]       ; disp2[6]    ; 16.387 ; 16.387 ; 16.387 ; 16.387 ;
; a[4]       ; disp3[0]    ; 16.945 ; 16.945 ; 16.945 ; 16.945 ;
; a[4]       ; disp3[1]    ; 19.323 ; 19.323 ; 19.323 ; 19.323 ;
; a[4]       ; disp3[2]    ; 16.295 ; 16.295 ; 16.295 ; 16.295 ;
; a[4]       ; disp3[3]    ; 19.578 ; 19.578 ; 19.578 ; 19.578 ;
; a[4]       ; disp3[4]    ; 19.312 ; 19.312 ; 19.312 ; 19.312 ;
; a[4]       ; disp3[6]    ; 19.578 ; 19.578 ; 19.578 ; 19.578 ;
; b[0]       ; disp1[0]    ; 14.628 ; 14.628 ; 14.628 ; 14.628 ;
; b[0]       ; disp1[1]    ; 14.211 ; 14.211 ; 14.211 ; 14.211 ;
; b[0]       ; disp1[2]    ; 14.198 ; 14.198 ; 14.198 ; 14.198 ;
; b[0]       ; disp1[3]    ; 14.261 ; 14.261 ; 14.261 ; 14.261 ;
; b[0]       ; disp1[4]    ; 14.498 ; 14.498 ; 14.498 ; 14.498 ;
; b[0]       ; disp1[5]    ; 14.627 ; 14.627 ; 14.627 ; 14.627 ;
; b[0]       ; disp1[6]    ; 14.208 ; 14.208 ; 14.208 ; 14.208 ;
; b[0]       ; disp2[0]    ; 16.468 ; 16.468 ; 16.468 ; 16.468 ;
; b[0]       ; disp2[1]    ; 16.579 ; 16.579 ; 16.579 ; 16.579 ;
; b[0]       ; disp2[2]    ; 16.331 ; 16.331 ; 16.331 ; 16.331 ;
; b[0]       ; disp2[3]    ; 16.473 ; 16.473 ; 16.473 ; 16.473 ;
; b[0]       ; disp2[4]    ; 16.905 ; 16.905 ; 16.905 ; 16.905 ;
; b[0]       ; disp2[5]    ; 16.496 ; 16.496 ; 16.496 ; 16.496 ;
; b[0]       ; disp2[6]    ; 16.816 ; 16.816 ; 16.816 ; 16.816 ;
; b[0]       ; disp3[0]    ; 17.210 ; 17.210 ; 17.210 ; 17.210 ;
; b[0]       ; disp3[1]    ; 19.677 ; 19.677 ; 19.677 ; 19.677 ;
; b[0]       ; disp3[2]    ; 16.649 ; 16.649 ; 16.649 ; 16.649 ;
; b[0]       ; disp3[3]    ; 19.932 ; 19.932 ; 19.932 ; 19.932 ;
; b[0]       ; disp3[4]    ; 19.666 ; 19.666 ; 19.666 ; 19.666 ;
; b[0]       ; disp3[6]    ; 19.932 ; 19.932 ; 19.932 ; 19.932 ;
; b[1]       ; disp1[0]    ; 14.799 ; 14.799 ; 14.799 ; 14.799 ;
; b[1]       ; disp1[1]    ; 14.382 ; 14.382 ; 14.382 ; 14.382 ;
; b[1]       ; disp1[2]    ; 14.369 ; 14.369 ; 14.369 ; 14.369 ;
; b[1]       ; disp1[3]    ; 14.432 ; 14.432 ; 14.432 ; 14.432 ;
; b[1]       ; disp1[4]    ; 14.669 ; 14.669 ; 14.669 ; 14.669 ;
; b[1]       ; disp1[5]    ; 14.798 ; 14.798 ; 14.798 ; 14.798 ;
; b[1]       ; disp1[6]    ; 14.379 ; 14.379 ; 14.379 ; 14.379 ;
; b[1]       ; disp2[0]    ; 16.411 ; 16.411 ; 16.411 ; 16.411 ;
; b[1]       ; disp2[1]    ; 16.522 ; 16.522 ; 16.522 ; 16.522 ;
; b[1]       ; disp2[2]    ; 16.274 ; 16.274 ; 16.274 ; 16.274 ;
; b[1]       ; disp2[3]    ; 16.416 ; 16.416 ; 16.416 ; 16.416 ;
; b[1]       ; disp2[4]    ; 16.848 ; 16.848 ; 16.848 ; 16.848 ;
; b[1]       ; disp2[5]    ; 16.439 ; 16.439 ; 16.439 ; 16.439 ;
; b[1]       ; disp2[6]    ; 16.759 ; 16.759 ; 16.759 ; 16.759 ;
; b[1]       ; disp3[0]    ; 17.153 ; 17.153 ; 17.153 ; 17.153 ;
; b[1]       ; disp3[1]    ; 19.620 ; 19.620 ; 19.620 ; 19.620 ;
; b[1]       ; disp3[2]    ; 16.592 ; 16.592 ; 16.592 ; 16.592 ;
; b[1]       ; disp3[3]    ; 19.875 ; 19.875 ; 19.875 ; 19.875 ;
; b[1]       ; disp3[4]    ; 19.609 ; 19.609 ; 19.609 ; 19.609 ;
; b[1]       ; disp3[6]    ; 19.875 ; 19.875 ; 19.875 ; 19.875 ;
; b[2]       ; disp1[0]    ; 14.154 ; 14.154 ; 14.154 ; 14.154 ;
; b[2]       ; disp1[1]    ; 13.737 ; 13.737 ; 13.737 ; 13.737 ;
; b[2]       ; disp1[2]    ; 13.724 ; 13.724 ; 13.724 ; 13.724 ;
; b[2]       ; disp1[3]    ; 13.787 ; 13.787 ; 13.787 ; 13.787 ;
; b[2]       ; disp1[4]    ; 14.024 ; 14.024 ; 14.024 ; 14.024 ;
; b[2]       ; disp1[5]    ; 14.153 ; 14.153 ; 14.153 ; 14.153 ;
; b[2]       ; disp1[6]    ; 13.734 ; 13.734 ; 13.734 ; 13.734 ;
; b[2]       ; disp2[0]    ; 16.439 ; 16.439 ; 16.439 ; 16.439 ;
; b[2]       ; disp2[1]    ; 16.550 ; 16.550 ; 16.550 ; 16.550 ;
; b[2]       ; disp2[2]    ; 16.302 ; 16.302 ; 16.302 ; 16.302 ;
; b[2]       ; disp2[3]    ; 16.444 ; 16.444 ; 16.444 ; 16.444 ;
; b[2]       ; disp2[4]    ; 16.876 ; 16.876 ; 16.876 ; 16.876 ;
; b[2]       ; disp2[5]    ; 16.467 ; 16.467 ; 16.467 ; 16.467 ;
; b[2]       ; disp2[6]    ; 16.787 ; 16.787 ; 16.787 ; 16.787 ;
; b[2]       ; disp3[0]    ; 17.181 ; 17.181 ; 17.181 ; 17.181 ;
; b[2]       ; disp3[1]    ; 19.648 ; 19.648 ; 19.648 ; 19.648 ;
; b[2]       ; disp3[2]    ; 16.620 ; 16.620 ; 16.620 ; 16.620 ;
; b[2]       ; disp3[3]    ; 19.903 ; 19.903 ; 19.903 ; 19.903 ;
; b[2]       ; disp3[4]    ; 19.637 ; 19.637 ; 19.637 ; 19.637 ;
; b[2]       ; disp3[6]    ; 19.903 ; 19.903 ; 19.903 ; 19.903 ;
; b[3]       ; disp1[0]    ; 13.880 ; 13.880 ; 13.880 ; 13.880 ;
; b[3]       ; disp1[1]    ; 13.463 ; 13.463 ; 13.463 ; 13.463 ;
; b[3]       ; disp1[2]    ; 13.450 ; 13.450 ; 13.450 ; 13.450 ;
; b[3]       ; disp1[3]    ; 13.513 ; 13.513 ; 13.513 ; 13.513 ;
; b[3]       ; disp1[4]    ; 13.750 ; 13.750 ; 13.750 ; 13.750 ;
; b[3]       ; disp1[5]    ; 13.879 ; 13.879 ; 13.879 ; 13.879 ;
; b[3]       ; disp1[6]    ; 13.460 ; 13.460 ; 13.460 ; 13.460 ;
; b[3]       ; disp2[0]    ; 16.166 ; 16.166 ; 16.166 ; 16.166 ;
; b[3]       ; disp2[1]    ; 16.277 ; 16.277 ; 16.277 ; 16.277 ;
; b[3]       ; disp2[2]    ; 16.029 ; 16.029 ; 16.029 ; 16.029 ;
; b[3]       ; disp2[3]    ; 16.171 ; 16.171 ; 16.171 ; 16.171 ;
; b[3]       ; disp2[4]    ; 16.603 ; 16.603 ; 16.603 ; 16.603 ;
; b[3]       ; disp2[5]    ; 16.194 ; 16.194 ; 16.194 ; 16.194 ;
; b[3]       ; disp2[6]    ; 16.514 ; 16.514 ; 16.514 ; 16.514 ;
; b[3]       ; disp3[0]    ; 16.908 ; 16.908 ; 16.908 ; 16.908 ;
; b[3]       ; disp3[1]    ; 19.375 ; 19.375 ; 19.375 ; 19.375 ;
; b[3]       ; disp3[2]    ; 16.347 ; 16.347 ; 16.347 ; 16.347 ;
; b[3]       ; disp3[3]    ; 19.630 ; 19.630 ; 19.630 ; 19.630 ;
; b[3]       ; disp3[4]    ; 19.364 ; 19.364 ; 19.364 ; 19.364 ;
; b[3]       ; disp3[6]    ; 19.630 ; 19.630 ; 19.630 ; 19.630 ;
; b[4]       ; disp2[0]    ; 13.634 ; 13.634 ; 13.634 ; 13.634 ;
; b[4]       ; disp2[1]    ; 13.745 ; 13.745 ; 13.745 ; 13.745 ;
; b[4]       ; disp2[2]    ; 13.497 ; 13.497 ; 13.497 ; 13.497 ;
; b[4]       ; disp2[3]    ; 13.639 ; 13.639 ; 13.639 ; 13.639 ;
; b[4]       ; disp2[4]    ; 14.071 ; 14.071 ; 14.071 ; 14.071 ;
; b[4]       ; disp2[5]    ; 13.662 ; 13.662 ; 13.662 ; 13.662 ;
; b[4]       ; disp2[6]    ; 13.982 ; 13.982 ; 13.982 ; 13.982 ;
; b[4]       ; disp3[0]    ;        ; 14.114 ; 14.114 ;        ;
; b[4]       ; disp3[1]    ; 16.843 ; 16.843 ; 16.843 ; 16.843 ;
; b[4]       ; disp3[2]    ; 13.815 ; 13.815 ; 13.815 ; 13.815 ;
; b[4]       ; disp3[3]    ; 17.098 ; 17.098 ; 17.098 ; 17.098 ;
; b[4]       ; disp3[4]    ; 16.832 ; 16.832 ; 16.832 ; 16.832 ;
; b[4]       ; disp3[6]    ; 17.098 ; 17.098 ; 17.098 ; 17.098 ;
+------------+-------------+--------+--------+--------+--------+


+----------------------------------------------------------+
; Minimum Progagation Delay                                ;
+------------+-------------+-------+-------+-------+-------+
; Input Port ; Output Port ; RR    ; RF    ; FR    ; FF    ;
+------------+-------------+-------+-------+-------+-------+
; a[0]       ; disp1[0]    ; 6.152 ; 6.152 ; 6.152 ; 6.152 ;
; a[0]       ; disp1[1]    ; 5.400 ; 6.007 ; 6.007 ; 5.400 ;
; a[0]       ; disp1[2]    ; 5.484 ; 6.094 ; 6.094 ; 5.484 ;
; a[0]       ; disp1[3]    ; 5.398 ; 5.398 ; 5.398 ; 5.398 ;
; a[0]       ; disp1[4]    ; 5.565 ; 5.565 ; 5.565 ; 5.565 ;
; a[0]       ; disp1[5]    ; 5.532 ; 5.532 ; 5.532 ; 5.532 ;
; a[0]       ; disp1[6]    ; 5.379 ; 5.379 ; 5.379 ; 5.379 ;
; a[0]       ; disp2[0]    ; 6.187 ; 6.187 ; 6.187 ; 6.187 ;
; a[0]       ; disp2[1]    ; 6.239 ; 6.239 ; 6.239 ; 6.239 ;
; a[0]       ; disp2[2]    ; 6.107 ; 6.107 ; 6.107 ; 6.107 ;
; a[0]       ; disp2[3]    ; 6.124 ; 6.124 ; 6.124 ; 6.124 ;
; a[0]       ; disp2[4]    ; 6.294 ; 6.294 ; 6.294 ; 6.294 ;
; a[0]       ; disp2[5]    ; 6.114 ; 6.114 ; 6.114 ; 6.114 ;
; a[0]       ; disp2[6]    ; 6.223 ; 6.223 ; 6.223 ; 6.223 ;
; a[0]       ; disp3[0]    ; 7.140 ; 6.707 ; 6.707 ; 7.140 ;
; a[0]       ; disp3[1]    ; 7.163 ; 7.596 ; 7.596 ; 7.163 ;
; a[0]       ; disp3[2]    ; 6.497 ; 6.497 ; 6.497 ; 6.497 ;
; a[0]       ; disp3[3]    ; 7.688 ; 7.255 ; 7.255 ; 7.688 ;
; a[0]       ; disp3[4]    ; 7.181 ; 7.614 ; 7.614 ; 7.181 ;
; a[0]       ; disp3[6]    ; 7.688 ; 7.255 ; 7.255 ; 7.688 ;
; a[1]       ; disp1[0]    ; 6.366 ; 6.366 ; 6.366 ; 6.366 ;
; a[1]       ; disp1[1]    ; 6.222 ; 6.222 ; 6.222 ; 6.222 ;
; a[1]       ; disp1[2]    ; 6.292 ; 6.292 ; 6.292 ; 6.292 ;
; a[1]       ; disp1[3]    ; 6.220 ; 6.220 ; 6.220 ; 6.220 ;
; a[1]       ; disp1[4]    ; 6.382 ; 6.382 ; 6.382 ; 6.382 ;
; a[1]       ; disp1[5]    ; 6.343 ; 6.343 ; 6.343 ; 6.343 ;
; a[1]       ; disp1[6]    ; 6.201 ; 6.201 ; 6.201 ; 6.201 ;
; a[1]       ; disp2[0]    ; 6.019 ; 6.019 ; 6.019 ; 6.019 ;
; a[1]       ; disp2[1]    ; 6.160 ; 6.160 ; 6.160 ; 6.160 ;
; a[1]       ; disp2[2]    ; 6.026 ; 6.026 ; 6.026 ; 6.026 ;
; a[1]       ; disp2[3]    ; 6.046 ; 6.046 ; 6.046 ; 6.046 ;
; a[1]       ; disp2[4]    ; 6.216 ; 6.216 ; 6.216 ; 6.216 ;
; a[1]       ; disp2[5]    ; 6.036 ; 6.036 ; 6.036 ; 6.036 ;
; a[1]       ; disp2[6]    ; 6.142 ; 6.142 ; 6.142 ; 6.142 ;
; a[1]       ; disp3[0]    ; 7.522 ; 6.642 ; 6.642 ; 7.522 ;
; a[1]       ; disp3[1]    ; 7.098 ; 7.587 ; 7.587 ; 7.098 ;
; a[1]       ; disp3[2]    ; 6.432 ; 6.432 ; 6.432 ; 6.432 ;
; a[1]       ; disp3[3]    ; 7.677 ; 7.190 ; 7.190 ; 7.677 ;
; a[1]       ; disp3[4]    ; 7.116 ; 7.576 ; 7.576 ; 7.116 ;
; a[1]       ; disp3[6]    ; 7.677 ; 7.190 ; 7.190 ; 7.677 ;
; a[2]       ; disp1[0]    ; 6.484 ; 6.484 ; 6.484 ; 6.484 ;
; a[2]       ; disp1[1]    ; 6.339 ; 6.339 ; 6.339 ; 6.339 ;
; a[2]       ; disp1[2]    ; 6.426 ; 6.426 ; 6.426 ; 6.426 ;
; a[2]       ; disp1[3]    ; 6.335 ; 6.335 ; 6.335 ; 6.335 ;
; a[2]       ; disp1[4]    ; 6.509 ; 6.509 ; 6.509 ; 6.509 ;
; a[2]       ; disp1[5]    ; 6.473 ; 6.473 ; 6.473 ; 6.473 ;
; a[2]       ; disp1[6]    ; 6.315 ; 6.315 ; 6.315 ; 6.315 ;
; a[2]       ; disp2[0]    ; 5.835 ; 5.835 ; 5.835 ; 5.835 ;
; a[2]       ; disp2[1]    ; 6.056 ; 6.056 ; 6.056 ; 6.056 ;
; a[2]       ; disp2[2]    ; 5.922 ; 5.922 ; 5.922 ; 5.922 ;
; a[2]       ; disp2[3]    ; 5.942 ; 5.942 ; 5.942 ; 5.942 ;
; a[2]       ; disp2[4]    ; 6.112 ; 6.112 ; 6.112 ; 6.112 ;
; a[2]       ; disp2[5]    ; 5.932 ; 5.932 ; 5.932 ; 5.932 ;
; a[2]       ; disp2[6]    ; 6.038 ; 6.038 ; 6.038 ; 6.038 ;
; a[2]       ; disp3[0]    ; 7.400 ; 6.376 ; 6.376 ; 7.400 ;
; a[2]       ; disp3[1]    ; 6.832 ; 7.321 ; 7.321 ; 6.832 ;
; a[2]       ; disp3[2]    ; 6.166 ; 6.166 ; 6.166 ; 6.166 ;
; a[2]       ; disp3[3]    ; 7.411 ; 6.924 ; 6.924 ; 7.411 ;
; a[2]       ; disp3[4]    ; 6.850 ; 7.310 ; 7.310 ; 6.850 ;
; a[2]       ; disp3[6]    ; 7.411 ; 6.924 ; 6.924 ; 7.411 ;
; a[3]       ; disp1[0]    ; 6.449 ; 6.449 ; 6.449 ; 6.449 ;
; a[3]       ; disp1[1]    ; 6.304 ; 6.304 ; 6.304 ; 6.304 ;
; a[3]       ; disp1[2]    ; 6.390 ; 6.390 ; 6.390 ; 6.390 ;
; a[3]       ; disp1[3]    ; 6.299 ; 6.299 ; 6.299 ; 6.299 ;
; a[3]       ; disp1[4]    ; 6.474 ; 6.474 ; 6.474 ; 6.474 ;
; a[3]       ; disp1[5]    ; 6.437 ; 6.437 ; 6.437 ; 6.437 ;
; a[3]       ; disp1[6]    ; 6.280 ; 6.280 ; 6.280 ; 6.280 ;
; a[3]       ; disp2[0]    ; 5.911 ; 5.911 ; 5.911 ; 5.911 ;
; a[3]       ; disp2[1]    ; 6.053 ; 6.053 ; 6.053 ; 6.053 ;
; a[3]       ; disp2[2]    ; 5.918 ; 5.918 ; 5.918 ; 5.918 ;
; a[3]       ; disp2[3]    ; 5.943 ; 5.943 ; 5.943 ; 5.943 ;
; a[3]       ; disp2[4]    ; 6.109 ; 6.109 ; 6.109 ; 6.109 ;
; a[3]       ; disp2[5]    ; 5.931 ; 5.931 ; 5.931 ; 5.931 ;
; a[3]       ; disp2[6]    ; 6.037 ; 6.037 ; 6.037 ; 6.037 ;
; a[3]       ; disp3[0]    ; 7.174 ; 6.351 ; 6.351 ; 7.174 ;
; a[3]       ; disp3[1]    ; 6.807 ; 7.296 ; 7.296 ; 6.807 ;
; a[3]       ; disp3[2]    ; 6.141 ; 6.141 ; 6.141 ; 6.141 ;
; a[3]       ; disp3[3]    ; 7.386 ; 6.899 ; 6.899 ; 7.386 ;
; a[3]       ; disp3[4]    ; 6.825 ; 7.285 ; 7.285 ; 6.825 ;
; a[3]       ; disp3[6]    ; 7.386 ; 6.899 ; 6.899 ; 7.386 ;
; a[4]       ; disp2[0]    ; 6.330 ; 6.330 ; 6.330 ; 6.330 ;
; a[4]       ; disp2[1]    ; 6.471 ; 6.471 ; 6.471 ; 6.471 ;
; a[4]       ; disp2[2]    ; 6.337 ; 6.337 ; 6.337 ; 6.337 ;
; a[4]       ; disp2[3]    ; 6.357 ; 6.357 ; 6.357 ; 6.357 ;
; a[4]       ; disp2[4]    ; 6.527 ; 6.527 ; 6.527 ; 6.527 ;
; a[4]       ; disp2[5]    ; 6.347 ; 6.347 ; 6.347 ; 6.347 ;
; a[4]       ; disp2[6]    ; 6.453 ; 6.453 ; 6.453 ; 6.453 ;
; a[4]       ; disp3[0]    ; 6.924 ; 6.183 ; 6.183 ; 6.924 ;
; a[4]       ; disp3[1]    ; 6.639 ; 7.025 ; 7.025 ; 6.639 ;
; a[4]       ; disp3[2]    ; 5.870 ; 5.870 ; 5.870 ; 5.870 ;
; a[4]       ; disp3[3]    ; 7.115 ; 6.731 ; 6.731 ; 7.115 ;
; a[4]       ; disp3[4]    ; 6.657 ; 7.014 ; 7.014 ; 6.657 ;
; a[4]       ; disp3[6]    ; 7.115 ; 6.731 ; 6.731 ; 7.115 ;
; b[0]       ; disp1[0]    ; 6.216 ; 6.216 ; 6.216 ; 6.216 ;
; b[0]       ; disp1[1]    ; 5.585 ; 6.072 ; 6.072 ; 5.585 ;
; b[0]       ; disp1[2]    ; 5.669 ; 6.142 ; 6.142 ; 5.669 ;
; b[0]       ; disp1[3]    ; 5.583 ; 5.583 ; 5.583 ; 5.583 ;
; b[0]       ; disp1[4]    ; 5.750 ; 5.750 ; 5.750 ; 5.750 ;
; b[0]       ; disp1[5]    ; 5.717 ; 5.717 ; 5.717 ; 5.717 ;
; b[0]       ; disp1[6]    ; 5.564 ; 5.564 ; 5.564 ; 5.564 ;
; b[0]       ; disp2[0]    ; 6.783 ; 6.783 ; 6.783 ; 6.783 ;
; b[0]       ; disp2[1]    ; 6.840 ; 6.840 ; 6.840 ; 6.840 ;
; b[0]       ; disp2[2]    ; 6.708 ; 6.708 ; 6.708 ; 6.708 ;
; b[0]       ; disp2[3]    ; 6.725 ; 6.725 ; 6.725 ; 6.725 ;
; b[0]       ; disp2[4]    ; 6.895 ; 6.895 ; 6.895 ; 6.895 ;
; b[0]       ; disp2[5]    ; 6.715 ; 6.715 ; 6.715 ; 6.715 ;
; b[0]       ; disp2[6]    ; 6.824 ; 6.824 ; 6.824 ; 6.824 ;
; b[0]       ; disp3[0]    ; 7.303 ; 7.303 ; 7.303 ; 7.303 ;
; b[0]       ; disp3[1]    ; 7.759 ; 7.759 ; 7.759 ; 7.759 ;
; b[0]       ; disp3[2]    ; 7.093 ; 7.093 ; 7.093 ; 7.093 ;
; b[0]       ; disp3[3]    ; 7.851 ; 7.851 ; 7.851 ; 7.851 ;
; b[0]       ; disp3[4]    ; 7.777 ; 7.777 ; 7.777 ; 7.777 ;
; b[0]       ; disp3[6]    ; 7.851 ; 7.851 ; 7.851 ; 7.851 ;
; b[1]       ; disp1[0]    ; 6.291 ; 6.291 ; 6.291 ; 6.291 ;
; b[1]       ; disp1[1]    ; 6.147 ; 6.147 ; 6.147 ; 6.147 ;
; b[1]       ; disp1[2]    ; 6.217 ; 6.217 ; 6.217 ; 6.217 ;
; b[1]       ; disp1[3]    ; 6.145 ; 6.145 ; 6.145 ; 6.145 ;
; b[1]       ; disp1[4]    ; 6.307 ; 6.307 ; 6.307 ; 6.307 ;
; b[1]       ; disp1[5]    ; 6.268 ; 6.268 ; 6.268 ; 6.268 ;
; b[1]       ; disp1[6]    ; 6.126 ; 6.126 ; 6.126 ; 6.126 ;
; b[1]       ; disp2[0]    ; 6.307 ; 6.307 ; 6.307 ; 6.307 ;
; b[1]       ; disp2[1]    ; 6.448 ; 6.448 ; 6.448 ; 6.448 ;
; b[1]       ; disp2[2]    ; 6.314 ; 6.314 ; 6.314 ; 6.314 ;
; b[1]       ; disp2[3]    ; 6.334 ; 6.334 ; 6.334 ; 6.334 ;
; b[1]       ; disp2[4]    ; 6.504 ; 6.504 ; 6.504 ; 6.504 ;
; b[1]       ; disp2[5]    ; 6.324 ; 6.324 ; 6.324 ; 6.324 ;
; b[1]       ; disp2[6]    ; 6.430 ; 6.430 ; 6.430 ; 6.430 ;
; b[1]       ; disp3[0]    ; 6.932 ; 6.932 ; 6.932 ; 6.932 ;
; b[1]       ; disp3[1]    ; 7.388 ; 7.388 ; 7.388 ; 7.388 ;
; b[1]       ; disp3[2]    ; 6.722 ; 6.722 ; 6.722 ; 6.722 ;
; b[1]       ; disp3[3]    ; 7.480 ; 7.480 ; 7.480 ; 7.480 ;
; b[1]       ; disp3[4]    ; 7.406 ; 7.406 ; 7.406 ; 7.406 ;
; b[1]       ; disp3[6]    ; 7.480 ; 7.480 ; 7.480 ; 7.480 ;
; b[2]       ; disp1[0]    ; 6.227 ; 6.227 ; 6.227 ; 6.227 ;
; b[2]       ; disp1[1]    ; 6.082 ; 6.082 ; 6.082 ; 6.082 ;
; b[2]       ; disp1[2]    ; 6.169 ; 6.169 ; 6.169 ; 6.169 ;
; b[2]       ; disp1[3]    ; 6.078 ; 6.078 ; 6.078 ; 6.078 ;
; b[2]       ; disp1[4]    ; 6.252 ; 6.252 ; 6.252 ; 6.252 ;
; b[2]       ; disp1[5]    ; 6.216 ; 6.216 ; 6.216 ; 6.216 ;
; b[2]       ; disp1[6]    ; 6.058 ; 6.058 ; 6.058 ; 6.058 ;
; b[2]       ; disp2[0]    ; 6.612 ; 6.612 ; 6.612 ; 6.612 ;
; b[2]       ; disp2[1]    ; 6.752 ; 6.752 ; 6.752 ; 6.752 ;
; b[2]       ; disp2[2]    ; 6.619 ; 6.619 ; 6.619 ; 6.619 ;
; b[2]       ; disp2[3]    ; 6.637 ; 6.637 ; 6.637 ; 6.637 ;
; b[2]       ; disp2[4]    ; 6.807 ; 6.807 ; 6.807 ; 6.807 ;
; b[2]       ; disp2[5]    ; 6.627 ; 6.627 ; 6.627 ; 6.627 ;
; b[2]       ; disp2[6]    ; 6.735 ; 6.735 ; 6.735 ; 6.735 ;
; b[2]       ; disp3[0]    ; 7.215 ; 7.215 ; 7.215 ; 7.215 ;
; b[2]       ; disp3[1]    ; 7.671 ; 7.671 ; 7.671 ; 7.671 ;
; b[2]       ; disp3[2]    ; 7.005 ; 7.005 ; 7.005 ; 7.005 ;
; b[2]       ; disp3[3]    ; 7.763 ; 7.763 ; 7.763 ; 7.763 ;
; b[2]       ; disp3[4]    ; 7.689 ; 7.689 ; 7.689 ; 7.689 ;
; b[2]       ; disp3[6]    ; 7.763 ; 7.763 ; 7.763 ; 7.763 ;
; b[3]       ; disp1[0]    ; 6.527 ; 6.527 ; 6.527 ; 6.527 ;
; b[3]       ; disp1[1]    ; 6.382 ; 6.382 ; 6.382 ; 6.382 ;
; b[3]       ; disp1[2]    ; 6.468 ; 6.468 ; 6.468 ; 6.468 ;
; b[3]       ; disp1[3]    ; 6.377 ; 6.377 ; 6.377 ; 6.377 ;
; b[3]       ; disp1[4]    ; 6.552 ; 6.552 ; 6.552 ; 6.552 ;
; b[3]       ; disp1[5]    ; 6.515 ; 6.515 ; 6.515 ; 6.515 ;
; b[3]       ; disp1[6]    ; 6.358 ; 6.358 ; 6.358 ; 6.358 ;
; b[3]       ; disp2[0]    ; 6.490 ; 6.490 ; 6.490 ; 6.490 ;
; b[3]       ; disp2[1]    ; 6.632 ; 6.632 ; 6.632 ; 6.632 ;
; b[3]       ; disp2[2]    ; 6.497 ; 6.497 ; 6.497 ; 6.497 ;
; b[3]       ; disp2[3]    ; 6.522 ; 6.522 ; 6.522 ; 6.522 ;
; b[3]       ; disp2[4]    ; 6.688 ; 6.688 ; 6.688 ; 6.688 ;
; b[3]       ; disp2[5]    ; 6.510 ; 6.510 ; 6.510 ; 6.510 ;
; b[3]       ; disp2[6]    ; 6.616 ; 6.616 ; 6.616 ; 6.616 ;
; b[3]       ; disp3[0]    ; 6.928 ; 6.928 ; 6.928 ; 6.928 ;
; b[3]       ; disp3[1]    ; 7.384 ; 7.384 ; 7.384 ; 7.384 ;
; b[3]       ; disp3[2]    ; 6.714 ; 6.714 ; 6.714 ; 6.714 ;
; b[3]       ; disp3[3]    ; 7.476 ; 7.476 ; 7.476 ; 7.476 ;
; b[3]       ; disp3[4]    ; 7.402 ; 7.402 ; 7.402 ; 7.402 ;
; b[3]       ; disp3[6]    ; 7.476 ; 7.476 ; 7.476 ; 7.476 ;
; b[4]       ; disp2[0]    ; 5.801 ; 5.801 ; 5.801 ; 5.801 ;
; b[4]       ; disp2[1]    ; 6.019 ; 6.019 ; 6.019 ; 6.019 ;
; b[4]       ; disp2[2]    ; 5.884 ; 5.884 ; 5.884 ; 5.884 ;
; b[4]       ; disp2[3]    ; 5.908 ; 5.908 ; 5.908 ; 5.908 ;
; b[4]       ; disp2[4]    ; 6.075 ; 6.075 ; 6.075 ; 6.075 ;
; b[4]       ; disp2[5]    ; 5.897 ; 5.897 ; 5.897 ; 5.897 ;
; b[4]       ; disp2[6]    ; 6.003 ; 6.003 ; 6.003 ; 6.003 ;
; b[4]       ; disp3[0]    ;       ; 6.270 ; 6.270 ;       ;
; b[4]       ; disp3[1]    ; 6.726 ; 7.112 ; 7.112 ; 6.726 ;
; b[4]       ; disp3[2]    ; 5.957 ; 5.957 ; 5.957 ; 5.957 ;
; b[4]       ; disp3[3]    ; 7.202 ; 6.818 ; 6.818 ; 7.202 ;
; b[4]       ; disp3[4]    ; 6.744 ; 7.101 ; 7.101 ; 6.744 ;
; b[4]       ; disp3[6]    ; 7.202 ; 6.818 ; 6.818 ; 7.202 ;
+------------+-------------+-------+-------+-------+-------+


-------------------
; Clock Transfers ;
-------------------
Nothing to report.


---------------
; Report TCCS ;
---------------
No dedicated SERDES Transmitter circuitry present in device or used in design


---------------
; Report RSKM ;
---------------
No dedicated SERDES Receiver circuitry present in device or used in design


+------------------------------------------------+
; Unconstrained Paths                            ;
+---------------------------------+-------+------+
; Property                        ; Setup ; Hold ;
+---------------------------------+-------+------+
; Illegal Clocks                  ; 0     ; 0    ;
; Unconstrained Clocks            ; 0     ; 0    ;
; Unconstrained Input Ports       ; 10    ; 10   ;
; Unconstrained Input Port Paths  ; 186   ; 186  ;
; Unconstrained Output Ports      ; 20    ; 20   ;
; Unconstrained Output Port Paths ; 186   ; 186  ;
+---------------------------------+-------+------+


+------------------------------------+
; TimeQuest Timing Analyzer Messages ;
+------------------------------------+
Info: *******************************************************************
Info: Running Quartus II 64-Bit TimeQuest Timing Analyzer
    Info: Version 13.0.1 Build 232 06/12/2013 Service Pack 1 SJ Web Edition
    Info: Processing started: Thu Feb 25 21:23:07 2021
Info: Command: quartus_sta Practica6 -c Practica6
Info: qsta_default_script.tcl version: #1
Warning (20028): Parallel compilation is not licensed and has been disabled
Info (21077): Low junction temperature is 0 degrees C
Info (21077): High junction temperature is 85 degrees C
Critical Warning (332012): Synopsys Design Constraints File file not found: 'Practica6.sdc'. A Synopsys Design Constraints File is required by the TimeQuest Timing Analyzer to get proper timing constraints. Without it, the Compiler will not properly optimize the design.
Info (332142): No user constrained base clocks found in the design. Calling "derive_clocks -period 1.0"
Info (332096): The command derive_clocks did not find any clocks to derive.  No clocks were created or changed.
Warning (332068): No clocks defined in design.
Info: Found TIMEQUEST_REPORT_SCRIPT_INCLUDE_DEFAULT_ANALYSIS = ON
Info (332159): No clocks to report
Info: Analyzing Slow Model
Info (332140): No fmax paths to report
Info (332140): No Setup paths to report
Info (332140): No Hold paths to report
Info (332140): No Recovery paths to report
Info (332140): No Removal paths to report
Info (332140): No Minimum Pulse Width paths to report
Info (332001): The selected device family is not supported by the report_metastability command.
Info: Analyzing Fast Model
Info (332142): No user constrained base clocks found in the design. Calling "derive_clocks -period 1.0"
Info (332096): The command derive_clocks did not find any clocks to derive.  No clocks were created or changed.
Warning (332068): No clocks defined in design.
Info (332140): No Setup paths to report
Info (332140): No Hold paths to report
Info (332140): No Recovery paths to report
Info (332140): No Removal paths to report
Info (332140): No Minimum Pulse Width paths to report
Info (332001): The selected device family is not supported by the report_metastability command.
Info (332102): Design is not fully constrained for setup requirements
Info (332102): Design is not fully constrained for hold requirements
Info: Quartus II 64-Bit TimeQuest Timing Analyzer was successful. 0 errors, 4 warnings
    Info: Peak virtual memory: 4536 megabytes
    Info: Processing ended: Thu Feb 25 21:23:09 2021
    Info: Elapsed time: 00:00:02
    Info: Total CPU time (on all processors): 00:00:02


