Analysis & Synthesis report for p11
Tue Apr 27 18:49:46 2021
Quartus II 64-Bit Version 13.0.1 Build 232 06/12/2013 Service Pack 1 SJ Web Edition


---------------------
; Table of Contents ;
---------------------
  1. Legal Notice
  2. Analysis & Synthesis Summary
  3. Analysis & Synthesis Settings
  4. Parallel Compilation
  5. Analysis & Synthesis Source Files Read
  6. Analysis & Synthesis Resource Usage Summary
  7. Analysis & Synthesis Resource Utilization by Entity
  8. State Machine - |p11|Microondas:Micro|UnidadControl:i1|estado_act
  9. State Machine - |p11|DetectorFlanco:Detectorp2|est_act
 10. State Machine - |p11|DetectorFlanco:Detectorp1|est_act
 11. Registers Removed During Synthesis
 12. General Register Statistics
 13. Inverted Register Statistics
 14. Multiplexer Restructuring Statistics (Restructuring Performed)
 15. Port Connectivity Checks: "BinA7Seg:Display4"
 16. Port Connectivity Checks: "BinA7Seg:Display2"
 17. Elapsed Time Per Partition
 18. Analysis & Synthesis Messages



----------------
; Legal Notice ;
----------------
Copyright (C) 1991-2013 Altera Corporation
Your use of Altera Corporation's design tools, logic functions 
and other software and tools, and its AMPP partner logic 
functions, and any output files from any of the foregoing 
(including device programming or simulation files), and any 
associated documentation or information are expressly subject 
to the terms and conditions of the Altera Program License 
Subscription Agreement, Altera MegaCore Function License 
Agreement, or other applicable license agreement, including, 
without limitation, that your use is for the sole purpose of 
programming logic devices manufactured by Altera and sold by 
Altera or its authorized distributors.  Please refer to the 
applicable agreement for further details.



+--------------------------------------------------------------------------------------+
; Analysis & Synthesis Summary                                                         ;
+------------------------------------+-------------------------------------------------+
; Analysis & Synthesis Status        ; Successful - Tue Apr 27 18:49:46 2021           ;
; Quartus II 64-Bit Version          ; 13.0.1 Build 232 06/12/2013 SP 1 SJ Web Edition ;
; Revision Name                      ; p11                                             ;
; Top-level Entity Name              ; p11                                             ;
; Family                             ; Cyclone II                                      ;
; Total logic elements               ; 127                                             ;
;     Total combinational functions  ; 125                                             ;
;     Dedicated logic registers      ; 50                                              ;
; Total registers                    ; 50                                              ;
; Total pins                         ; 44                                              ;
; Total virtual pins                 ; 0                                               ;
; Total memory bits                  ; 0                                               ;
; Embedded Multiplier 9-bit elements ; 0                                               ;
; Total PLLs                         ; 0                                               ;
+------------------------------------+-------------------------------------------------+


+----------------------------------------------------------------------------------------------------------------------+
; Analysis & Synthesis Settings                                                                                        ;
+----------------------------------------------------------------------------+--------------------+--------------------+
; Option                                                                     ; Setting            ; Default Value      ;
+----------------------------------------------------------------------------+--------------------+--------------------+
; Device                                                                     ; EP2C20F484C7       ;                    ;
; Top-level entity name                                                      ; p11                ; p11                ;
; Family name                                                                ; Cyclone II         ; Cyclone IV GX      ;
; Use smart compilation                                                      ; Off                ; Off                ;
; Enable parallel Assembler and TimeQuest Timing Analyzer during compilation ; On                 ; On                 ;
; Enable compact report table                                                ; Off                ; Off                ;
; Restructure Multiplexers                                                   ; Auto               ; Auto               ;
; Create Debugging Nodes for IP Cores                                        ; Off                ; Off                ;
; Preserve fewer node names                                                  ; On                 ; On                 ;
; Disable OpenCore Plus hardware evaluation                                  ; Off                ; Off                ;
; Verilog Version                                                            ; Verilog_2001       ; Verilog_2001       ;
; VHDL Version                                                               ; VHDL_1993          ; VHDL_1993          ;
; State Machine Processing                                                   ; Auto               ; Auto               ;
; Safe State Machine                                                         ; Off                ; Off                ;
; Extract Verilog State Machines                                             ; On                 ; On                 ;
; Extract VHDL State Machines                                                ; On                 ; On                 ;
; Ignore Verilog initial constructs                                          ; Off                ; Off                ;
; Iteration limit for constant Verilog loops                                 ; 5000               ; 5000               ;
; Iteration limit for non-constant Verilog loops                             ; 250                ; 250                ;
; Add Pass-Through Logic to Inferred RAMs                                    ; On                 ; On                 ;
; Infer RAMs from Raw Logic                                                  ; On                 ; On                 ;
; Parallel Synthesis                                                         ; On                 ; On                 ;
; DSP Block Balancing                                                        ; Auto               ; Auto               ;
; NOT Gate Push-Back                                                         ; On                 ; On                 ;
; Power-Up Don't Care                                                        ; On                 ; On                 ;
; Remove Redundant Logic Cells                                               ; Off                ; Off                ;
; Remove Duplicate Registers                                                 ; On                 ; On                 ;
; Ignore CARRY Buffers                                                       ; Off                ; Off                ;
; Ignore CASCADE Buffers                                                     ; Off                ; Off                ;
; Ignore GLOBAL Buffers                                                      ; Off                ; Off                ;
; Ignore ROW GLOBAL Buffers                                                  ; Off                ; Off                ;
; Ignore LCELL Buffers                                                       ; Off                ; Off                ;
; Ignore SOFT Buffers                                                        ; On                 ; On                 ;
; Limit AHDL Integers to 32 Bits                                             ; Off                ; Off                ;
; Optimization Technique                                                     ; Balanced           ; Balanced           ;
; Carry Chain Length                                                         ; 70                 ; 70                 ;
; Auto Carry Chains                                                          ; On                 ; On                 ;
; Auto Open-Drain Pins                                                       ; On                 ; On                 ;
; Perform WYSIWYG Primitive Resynthesis                                      ; Off                ; Off                ;
; Auto ROM Replacement                                                       ; On                 ; On                 ;
; Auto RAM Replacement                                                       ; On                 ; On                 ;
; Auto Shift Register Replacement                                            ; Auto               ; Auto               ;
; Allow Shift Register Merging across Hierarchies                            ; Auto               ; Auto               ;
; Auto Clock Enable Replacement                                              ; On                 ; On                 ;
; Strict RAM Replacement                                                     ; Off                ; Off                ;
; Allow Synchronous Control Signals                                          ; On                 ; On                 ;
; Force Use of Synchronous Clear Signals                                     ; Off                ; Off                ;
; Auto RAM to Logic Cell Conversion                                          ; Off                ; Off                ;
; Auto Resource Sharing                                                      ; Off                ; Off                ;
; Allow Any RAM Size For Recognition                                         ; Off                ; Off                ;
; Allow Any ROM Size For Recognition                                         ; Off                ; Off                ;
; Allow Any Shift Register Size For Recognition                              ; Off                ; Off                ;
; Use LogicLock Constraints during Resource Balancing                        ; On                 ; On                 ;
; Ignore translate_off and synthesis_off directives                          ; Off                ; Off                ;
; Timing-Driven Synthesis                                                    ; Off                ; Off                ;
; Report Parameter Settings                                                  ; On                 ; On                 ;
; Report Source Assignments                                                  ; On                 ; On                 ;
; Report Connectivity Checks                                                 ; On                 ; On                 ;
; Ignore Maximum Fan-Out Assignments                                         ; Off                ; Off                ;
; Synchronization Register Chain Length                                      ; 2                  ; 2                  ;
; PowerPlay Power Optimization                                               ; Normal compilation ; Normal compilation ;
; HDL message level                                                          ; Level2             ; Level2             ;
; Suppress Register Optimization Related Messages                            ; Off                ; Off                ;
; Number of Removed Registers Reported in Synthesis Report                   ; 5000               ; 5000               ;
; Number of Swept Nodes Reported in Synthesis Report                         ; 5000               ; 5000               ;
; Number of Inverted Registers Reported in Synthesis Report                  ; 100                ; 100                ;
; Clock MUX Protection                                                       ; On                 ; On                 ;
; Auto Gated Clock Conversion                                                ; Off                ; Off                ;
; Block Design Naming                                                        ; Auto               ; Auto               ;
; SDC constraint protection                                                  ; Off                ; Off                ;
; Synthesis Effort                                                           ; Auto               ; Auto               ;
; Shift Register Replacement - Allow Asynchronous Clear Signal               ; On                 ; On                 ;
; Pre-Mapping Resynthesis Optimization                                       ; Off                ; Off                ;
; Analysis & Synthesis Message Level                                         ; Medium             ; Medium             ;
; Disable Register Merging Across Hierarchies                                ; Auto               ; Auto               ;
; Resource Aware Inference For Block RAM                                     ; On                 ; On                 ;
; Synthesis Seed                                                             ; 1                  ; 1                  ;
+----------------------------------------------------------------------------+--------------------+--------------------+


Parallel compilation was disabled, but you have multiple processors available. Enable parallel compilation to reduce compilation time.
+-------------------------------------+
; Parallel Compilation                ;
+----------------------------+--------+
; Processors                 ; Number ;
+----------------------------+--------+
; Number detected on machine ; 8      ;
; Maximum allowed            ; 1      ;
+----------------------------+--------+


+-----------------------------------------------------------------------------------------------------------------------------------------------------------------------+
; Analysis & Synthesis Source Files Read                                                                                                                                ;
+----------------------------------+-----------------+-----------------+--------------------------------------------------------------------------------------+---------+
; File Name with User-Entered Path ; Used in Netlist ; File Type       ; File Name with Absolute Path                                                         ; Library ;
+----------------------------------+-----------------+-----------------+--------------------------------------------------------------------------------------+---------+
; DetectorFlanco.vhd               ; yes             ; User VHDL File  ; C:/Users/Joaquin Hijo/Desktop/ELECTRONICA DIGITAL/LAB/Practica11/DetectorFlanco.vhd  ;         ;
; BinA7Seg.vhd                     ; yes             ; User VHDL File  ; C:/Users/Joaquin Hijo/Desktop/ELECTRONICA DIGITAL/LAB/Practica11/BinA7Seg.vhd        ;         ;
; ContadorDescM6.vhd               ; yes             ; User VHDL File  ; C:/Users/Joaquin Hijo/Desktop/ELECTRONICA DIGITAL/LAB/Practica11/ContadorDescM6.vhd  ;         ;
; ContadorDescM10.vhd              ; yes             ; User VHDL File  ; C:/Users/Joaquin Hijo/Desktop/ELECTRONICA DIGITAL/LAB/Practica11/ContadorDescM10.vhd ;         ;
; ContAscM50.vhd                   ; yes             ; User VHDL File  ; C:/Users/Joaquin Hijo/Desktop/ELECTRONICA DIGITAL/LAB/Practica11/ContAscM50.vhd      ;         ;
; datapath.vhd                     ; yes             ; User VHDL File  ; C:/Users/Joaquin Hijo/Desktop/ELECTRONICA DIGITAL/LAB/Practica11/datapath.vhd        ;         ;
; UnidadControl.vhd                ; yes             ; User VHDL File  ; C:/Users/Joaquin Hijo/Desktop/ELECTRONICA DIGITAL/LAB/Practica11/UnidadControl.vhd   ;         ;
; Microondas.vhd                   ; yes             ; User VHDL File  ; C:/Users/Joaquin Hijo/Desktop/ELECTRONICA DIGITAL/LAB/Practica11/Microondas.vhd      ;         ;
; p11.vhd                          ; yes             ; User VHDL File  ; C:/Users/Joaquin Hijo/Desktop/ELECTRONICA DIGITAL/LAB/Practica11/p11.vhd             ;         ;
+----------------------------------+-----------------+-----------------+--------------------------------------------------------------------------------------+---------+


+-----------------------------------------------------+
; Analysis & Synthesis Resource Usage Summary         ;
+---------------------------------------------+-------+
; Resource                                    ; Usage ;
+---------------------------------------------+-------+
; Estimated Total logic elements              ; 127   ;
;                                             ;       ;
; Total combinational functions               ; 125   ;
; Logic element usage by number of LUT inputs ;       ;
;     -- 4 input functions                    ; 51    ;
;     -- 3 input functions                    ; 43    ;
;     -- <=2 input functions                  ; 31    ;
;                                             ;       ;
; Logic elements by mode                      ;       ;
;     -- normal mode                          ; 100   ;
;     -- arithmetic mode                      ; 25    ;
;                                             ;       ;
; Total registers                             ; 50    ;
;     -- Dedicated logic registers            ; 50    ;
;     -- I/O registers                        ; 0     ;
;                                             ;       ;
; I/O pins                                    ; 44    ;
; Embedded Multiplier 9-bit elements          ; 0     ;
; Maximum fan-out node                        ; clk   ;
; Maximum fan-out                             ; 50    ;
; Total fan-out                               ; 625   ;
; Average fan-out                             ; 2.85  ;
+---------------------------------------------+-------+


+-----------------------------------------------------------------------------------------------------------------------------------------------------------------------------------------------------------------------------------------+
; Analysis & Synthesis Resource Utilization by Entity                                                                                                                                                                                     ;
+-------------------------------------------+-------------------+--------------+-------------+--------------+---------+-----------+------+--------------+------------------------------------------------------------------+--------------+
; Compilation Hierarchy Node                ; LC Combinationals ; LC Registers ; Memory Bits ; DSP Elements ; DSP 9x9 ; DSP 18x18 ; Pins ; Virtual Pins ; Full Hierarchy Name                                              ; Library Name ;
+-------------------------------------------+-------------------+--------------+-------------+--------------+---------+-----------+------+--------------+------------------------------------------------------------------+--------------+
; |p11                                      ; 125 (0)           ; 50 (0)       ; 0           ; 0            ; 0       ; 0         ; 44   ; 0            ; |p11                                                             ; work         ;
;    |BinA7Seg:Display1|                    ; 7 (7)             ; 0 (0)        ; 0           ; 0            ; 0       ; 0         ; 0    ; 0            ; |p11|BinA7Seg:Display1                                           ; work         ;
;    |BinA7Seg:Display2|                    ; 7 (7)             ; 0 (0)        ; 0           ; 0            ; 0       ; 0         ; 0    ; 0            ; |p11|BinA7Seg:Display2                                           ; work         ;
;    |BinA7Seg:Display3|                    ; 7 (7)             ; 0 (0)        ; 0           ; 0            ; 0       ; 0         ; 0    ; 0            ; |p11|BinA7Seg:Display3                                           ; work         ;
;    |BinA7Seg:Display4|                    ; 7 (7)             ; 0 (0)        ; 0           ; 0            ; 0       ; 0         ; 0    ; 0            ; |p11|BinA7Seg:Display4                                           ; work         ;
;    |DetectorFlanco:Detectorp1|            ; 1 (1)             ; 2 (2)        ; 0           ; 0            ; 0       ; 0         ; 0    ; 0            ; |p11|DetectorFlanco:Detectorp1                                   ; work         ;
;    |DetectorFlanco:Detectorp2|            ; 1 (1)             ; 2 (2)        ; 0           ; 0            ; 0       ; 0         ; 0    ; 0            ; |p11|DetectorFlanco:Detectorp2                                   ; work         ;
;    |Microondas:Micro|                     ; 95 (0)            ; 46 (0)       ; 0           ; 0            ; 0       ; 0         ; 0    ; 0            ; |p11|Microondas:Micro                                            ; work         ;
;       |UnidadControl:i1|                  ; 17 (17)           ; 6 (6)        ; 0           ; 0            ; 0       ; 0         ; 0    ; 0            ; |p11|Microondas:Micro|UnidadControl:i1                           ; work         ;
;       |datapath:i2|                       ; 78 (0)            ; 40 (0)       ; 0           ; 0            ; 0       ; 0         ; 0    ; 0            ; |p11|Microondas:Micro|datapath:i2                                ; work         ;
;          |ContAscM50:contadorM50|         ; 46 (46)           ; 26 (26)      ; 0           ; 0            ; 0       ; 0         ; 0    ; 0            ; |p11|Microondas:Micro|datapath:i2|ContAscM50:contadorM50         ; work         ;
;          |ContadorDescM10:contadorM10min| ; 7 (7)             ; 4 (4)        ; 0           ; 0            ; 0       ; 0         ; 0    ; 0            ; |p11|Microondas:Micro|datapath:i2|ContadorDescM10:contadorM10min ; work         ;
;          |ContadorDescM10:contadorM10sec| ; 10 (10)           ; 4 (4)        ; 0           ; 0            ; 0       ; 0         ; 0    ; 0            ; |p11|Microondas:Micro|datapath:i2|ContadorDescM10:contadorM10sec ; work         ;
;          |ContadorDescM6:contadorM6min|   ; 8 (8)             ; 3 (3)        ; 0           ; 0            ; 0       ; 0         ; 0    ; 0            ; |p11|Microondas:Micro|datapath:i2|ContadorDescM6:contadorM6min   ; work         ;
;          |ContadorDescM6:contadorM6seg|   ; 7 (7)             ; 3 (3)        ; 0           ; 0            ; 0       ; 0         ; 0    ; 0            ; |p11|Microondas:Micro|datapath:i2|ContadorDescM6:contadorM6seg   ; work         ;
+-------------------------------------------+-------------------+--------------+-------------+--------------+---------+-----------+------+--------------+------------------------------------------------------------------+--------------+
Note: For table entries with two numbers listed, the numbers in parentheses indicate the number of resources of the given type used by the specific entity alone. The numbers listed outside of parentheses indicate the total resources of the given type used by the specific entity and all of its sub-entities in the hierarchy.


Encoding Type:  One-Hot
+-----------------------------------------------------------------------------------------------------------------------------------------------------------------------------------------------------+
; State Machine - |p11|Microondas:Micro|UnidadControl:i1|estado_act                                                                                                                                   ;
+---------------------------+------------------+------------------------+---------------------------+----------------------+--------------------------+---------------------------+-------------------+
; Name                      ; estado_act.final ; estado_act.findecuenta ; estado_act.puerta_abierta ; estado_act.encendido ; estado_act.carga_minutos ; estado_act.carga_segundos ; estado_act.reposo ;
+---------------------------+------------------+------------------------+---------------------------+----------------------+--------------------------+---------------------------+-------------------+
; estado_act.reposo         ; 0                ; 0                      ; 0                         ; 0                    ; 0                        ; 0                         ; 0                 ;
; estado_act.carga_segundos ; 0                ; 0                      ; 0                         ; 0                    ; 0                        ; 1                         ; 1                 ;
; estado_act.carga_minutos  ; 0                ; 0                      ; 0                         ; 0                    ; 1                        ; 0                         ; 1                 ;
; estado_act.encendido      ; 0                ; 0                      ; 0                         ; 1                    ; 0                        ; 0                         ; 1                 ;
; estado_act.puerta_abierta ; 0                ; 0                      ; 1                         ; 0                    ; 0                        ; 0                         ; 1                 ;
; estado_act.findecuenta    ; 0                ; 1                      ; 0                         ; 0                    ; 0                        ; 0                         ; 1                 ;
; estado_act.final          ; 1                ; 0                      ; 0                         ; 0                    ; 0                        ; 0                         ; 1                 ;
+---------------------------+------------------+------------------------+---------------------------+----------------------+--------------------------+---------------------------+-------------------+


Encoding Type:  One-Hot
+--------------------------------------------------------+
; State Machine - |p11|DetectorFlanco:Detectorp2|est_act ;
+------------+------------+------------+-----------------+
; Name       ; est_act.E2 ; est_act.E1 ; est_act.E0      ;
+------------+------------+------------+-----------------+
; est_act.E0 ; 0          ; 0          ; 0               ;
; est_act.E1 ; 0          ; 1          ; 1               ;
; est_act.E2 ; 1          ; 0          ; 1               ;
+------------+------------+------------+-----------------+


Encoding Type:  One-Hot
+--------------------------------------------------------+
; State Machine - |p11|DetectorFlanco:Detectorp1|est_act ;
+------------+------------+------------+-----------------+
; Name       ; est_act.E2 ; est_act.E1 ; est_act.E0      ;
+------------+------------+------------+-----------------+
; est_act.E0 ; 0          ; 0          ; 0               ;
; est_act.E1 ; 0          ; 1          ; 1               ;
; est_act.E2 ; 1          ; 0          ; 1               ;
+------------+------------+------------+-----------------+


+---------------------------------------------------------------------------------------------+
; Registers Removed During Synthesis                                                          ;
+----------------------------------------------------+----------------------------------------+
; Register name                                      ; Reason for Removal                     ;
+----------------------------------------------------+----------------------------------------+
; DetectorFlanco:Detectorp2|est_act.E0               ; Lost fanout                            ;
; DetectorFlanco:Detectorp1|est_act.E0               ; Lost fanout                            ;
; Microondas:Micro|UnidadControl:i1|estado_act.final ; Stuck at GND due to stuck port data_in ;
; Total Number of Removed Registers = 3              ;                                        ;
+----------------------------------------------------+----------------------------------------+


+------------------------------------------------------+
; General Register Statistics                          ;
+----------------------------------------------+-------+
; Statistic                                    ; Value ;
+----------------------------------------------+-------+
; Total registers                              ; 50    ;
; Number of registers using Synchronous Clear  ; 0     ;
; Number of registers using Synchronous Load   ; 4     ;
; Number of registers using Asynchronous Clear ; 50    ;
; Number of registers using Asynchronous Load  ; 0     ;
; Number of registers using Clock Enable       ; 42    ;
; Number of registers using Preset             ; 0     ;
+----------------------------------------------+-------+


+-----------------------------------------------------------------------------------+
; Inverted Register Statistics                                                      ;
+-------------------------------------------------------------------------+---------+
; Inverted Register                                                       ; Fan out ;
+-------------------------------------------------------------------------+---------+
; Microondas:Micro|datapath:i2|ContadorDescM10:contadorM10sec|contador[0] ; 12      ;
; Microondas:Micro|datapath:i2|ContadorDescM10:contadorM10sec|contador[3] ; 9       ;
; Microondas:Micro|datapath:i2|ContadorDescM6:contadorM6seg|contador[1]   ; 11      ;
; Microondas:Micro|datapath:i2|ContadorDescM6:contadorM6seg|contador[2]   ; 10      ;
; Microondas:Micro|datapath:i2|ContadorDescM10:contadorM10min|contador[0] ; 12      ;
; Microondas:Micro|datapath:i2|ContadorDescM10:contadorM10min|contador[3] ; 11      ;
; Microondas:Micro|datapath:i2|ContadorDescM6:contadorM6min|contador[2]   ; 10      ;
; Microondas:Micro|datapath:i2|ContadorDescM6:contadorM6min|contador[1]   ; 11      ;
; Total number of inverted registers = 8                                  ;         ;
+-------------------------------------------------------------------------+---------+


+--------------------------------------------------------------------------------------------------------------------------------------------------------------------------------------------+
; Multiplexer Restructuring Statistics (Restructuring Performed)                                                                                                                             ;
+--------------------+-----------+---------------+----------------------+------------------------+------------+------------------------------------------------------------------------------+
; Multiplexer Inputs ; Bus Width ; Baseline Area ; Area if Restructured ; Saving if Restructured ; Registered ; Example Multiplexer Output                                                   ;
+--------------------+-----------+---------------+----------------------+------------------------+------------+------------------------------------------------------------------------------+
; 4:1                ; 2 bits    ; 4 LEs         ; 4 LEs                ; 0 LEs                  ; Yes        ; |p11|Microondas:Micro|datapath:i2|ContadorDescM10:contadorM10sec|contador[2] ;
; 4:1                ; 2 bits    ; 4 LEs         ; 4 LEs                ; 0 LEs                  ; Yes        ; |p11|Microondas:Micro|datapath:i2|ContadorDescM10:contadorM10min|contador[2] ;
; 4:1                ; 2 bits    ; 4 LEs         ; 4 LEs                ; 0 LEs                  ; Yes        ; |p11|Microondas:Micro|datapath:i2|ContadorDescM10:contadorM10sec|contador[3] ;
; 4:1                ; 2 bits    ; 4 LEs         ; 4 LEs                ; 0 LEs                  ; Yes        ; |p11|Microondas:Micro|datapath:i2|ContadorDescM6:contadorM6seg|contador[1]   ;
; 4:1                ; 2 bits    ; 4 LEs         ; 4 LEs                ; 0 LEs                  ; Yes        ; |p11|Microondas:Micro|datapath:i2|ContadorDescM10:contadorM10min|contador[0] ;
; 4:1                ; 2 bits    ; 4 LEs         ; 4 LEs                ; 0 LEs                  ; Yes        ; |p11|Microondas:Micro|datapath:i2|ContadorDescM6:contadorM6min|contador[1]   ;
; 5:1                ; 2 bits    ; 6 LEs         ; 4 LEs                ; 2 LEs                  ; No         ; |p11|DetectorFlanco:Detectorp2|Selector1                                     ;
; 5:1                ; 2 bits    ; 6 LEs         ; 4 LEs                ; 2 LEs                  ; No         ; |p11|DetectorFlanco:Detectorp1|Selector1                                     ;
; 18:1               ; 7 bits    ; 84 LEs        ; 49 LEs               ; 35 LEs                 ; No         ; |p11|Microondas:Micro|UnidadControl:i1|Selector6                             ;
+--------------------+-----------+---------------+----------------------+------------------------+------------+------------------------------------------------------------------------------+


+-----------------------------------------------+
; Port Connectivity Checks: "BinA7Seg:Display4" ;
+--------+-------+----------+-------------------+
; Port   ; Type  ; Severity ; Details           ;
+--------+-------+----------+-------------------+
; num[3] ; Input ; Info     ; Stuck at GND      ;
+--------+-------+----------+-------------------+


+-----------------------------------------------+
; Port Connectivity Checks: "BinA7Seg:Display2" ;
+--------+-------+----------+-------------------+
; Port   ; Type  ; Severity ; Details           ;
+--------+-------+----------+-------------------+
; num[3] ; Input ; Info     ; Stuck at GND      ;
+--------+-------+----------+-------------------+


+-------------------------------+
; Elapsed Time Per Partition    ;
+----------------+--------------+
; Partition Name ; Elapsed Time ;
+----------------+--------------+
; Top            ; 00:00:00     ;
+----------------+--------------+


+-------------------------------+
; Analysis & Synthesis Messages ;
+-------------------------------+
Info: *******************************************************************
Info: Running Quartus II 64-Bit Analysis & Synthesis
    Info: Version 13.0.1 Build 232 06/12/2013 Service Pack 1 SJ Web Edition
    Info: Processing started: Tue Apr 27 18:49:43 2021
Info: Command: quartus_map --read_settings_files=on --write_settings_files=off p11 -c p11
Warning (20028): Parallel compilation is not licensed and has been disabled
Info (12021): Found 2 design units, including 1 entities, in source file detectorflanco.vhd
    Info (12022): Found design unit 1: DetectorFlanco-behavioural
    Info (12023): Found entity 1: DetectorFlanco
Info (12021): Found 2 design units, including 1 entities, in source file bina7seg.vhd
    Info (12022): Found design unit 1: BinA7Seg-behavioural
    Info (12023): Found entity 1: BinA7Seg
Info (12021): Found 2 design units, including 1 entities, in source file contadordescm6.vhd
    Info (12022): Found design unit 1: ContadorDescM6-behavioural
    Info (12023): Found entity 1: ContadorDescM6
Info (12021): Found 2 design units, including 1 entities, in source file contadordescm10.vhd
    Info (12022): Found design unit 1: ContadorDescM10-behavioural
    Info (12023): Found entity 1: ContadorDescM10
Info (12021): Found 2 design units, including 1 entities, in source file contascm50.vhd
    Info (12022): Found design unit 1: ContAscM50-behavioural
    Info (12023): Found entity 1: ContAscM50
Info (12021): Found 2 design units, including 1 entities, in source file datapath.vhd
    Info (12022): Found design unit 1: datapath-behavioural
    Info (12023): Found entity 1: datapath
Info (12021): Found 2 design units, including 1 entities, in source file unidadcontrol.vhd
    Info (12022): Found design unit 1: UnidadControl-behavioural
    Info (12023): Found entity 1: UnidadControl
Info (12021): Found 2 design units, including 1 entities, in source file microondas.vhd
    Info (12022): Found design unit 1: Microondas-behavioural
    Info (12023): Found entity 1: Microondas
Info (12021): Found 2 design units, including 1 entities, in source file p11.vhd
    Info (12022): Found design unit 1: p11-behavioural
    Info (12023): Found entity 1: p11
Info (12127): Elaborating entity "p11" for the top level hierarchy
Info (12128): Elaborating entity "DetectorFlanco" for hierarchy "DetectorFlanco:Detectorp1"
Info (12128): Elaborating entity "Microondas" for hierarchy "Microondas:Micro"
Info (12128): Elaborating entity "UnidadControl" for hierarchy "Microondas:Micro|UnidadControl:i1"
Info (12128): Elaborating entity "datapath" for hierarchy "Microondas:Micro|datapath:i2"
Info (12128): Elaborating entity "ContAscM50" for hierarchy "Microondas:Micro|datapath:i2|ContAscM50:contadorM50"
Info (12128): Elaborating entity "ContadorDescM10" for hierarchy "Microondas:Micro|datapath:i2|ContadorDescM10:contadorM10sec"
Info (12128): Elaborating entity "ContadorDescM6" for hierarchy "Microondas:Micro|datapath:i2|ContadorDescM6:contadorM6seg"
Info (12128): Elaborating entity "BinA7Seg" for hierarchy "BinA7Seg:Display1"
Info (13000): Registers with preset signals will power-up high
Info (13003): DEV_CLRn pin will set, and not reset, register with preset signal due to NOT Gate Push-Back
Info (17049): 2 registers lost all their fanouts during netlist optimizations.
Info (16010): Generating hard_block partition "hard_block:auto_generated_inst"
    Info (16011): Adding 0 node(s), including 0 DDIO, 0 PLL, 0 transceiver and 0 LCELL
Info (21057): Implemented 172 device resources after synthesis - the final resource count might be different
    Info (21058): Implemented 13 input pins
    Info (21059): Implemented 31 output pins
    Info (21061): Implemented 128 logic cells
Info: Quartus II 64-Bit Analysis & Synthesis was successful. 0 errors, 1 warning
    Info: Peak virtual memory: 4649 megabytes
    Info: Processing ended: Tue Apr 27 18:49:46 2021
    Info: Elapsed time: 00:00:03
    Info: Total CPU time (on all processors): 00:00:03


