Flow report for Practica8
Tue Mar 23 19:15:27 2021
Quartus II 64-Bit Version 13.0.1 Build 232 06/12/2013 Service Pack 1 SJ Web Edition


---------------------
; Table of Contents ;
---------------------
  1. Legal Notice
  2. Flow Summary
  3. Flow Settings
  4. Flow Non-Default Global Settings
  5. Flow Elapsed Time
  6. Flow OS Summary
  7. Flow Log
  8. Flow Messages
  9. Flow Suppressed Messages



----------------
; Legal Notice ;
----------------
Copyright (C) 1991-2013 Altera Corporation
Your use of Altera Corporation's design tools, logic functions 
and other software and tools, and its AMPP partner logic 
functions, and any output files from any of the foregoing 
(including device programming or simulation files), and any 
associated documentation or information are expressly subject 
to the terms and conditions of the Altera Program License 
Subscription Agreement, Altera MegaCore Function License 
Agreement, or other applicable license agreement, including, 
without limitation, that your use is for the sole purpose of 
programming logic devices manufactured by Altera and sold by 
Altera or its authorized distributors.  Please refer to the 
applicable agreement for further details.



+--------------------------------------------------------------------------------------+
; Flow Summary                                                                         ;
+------------------------------------+-------------------------------------------------+
; Flow Status                        ; Successful - Tue Mar 23 19:15:27 2021           ;
; Quartus II 64-Bit Version          ; 13.0.1 Build 232 06/12/2013 SP 1 SJ Web Edition ;
; Revision Name                      ; Practica8                                       ;
; Top-level Entity Name              ; DetectorFlanco                                  ;
; Family                             ; Cyclone II                                      ;
; Device                             ; EP2C20F484C7                                    ;
; Timing Models                      ; Final                                           ;
; Total logic elements               ; 2 / 18,752 ( < 1 % )                            ;
;     Total combinational functions  ; 1 / 18,752 ( < 1 % )                            ;
;     Dedicated logic registers      ; 2 / 18,752 ( < 1 % )                            ;
; Total registers                    ; 2                                               ;
; Total pins                         ; 4 / 315 ( 1 % )                                 ;
; Total virtual pins                 ; 0                                               ;
; Total memory bits                  ; 0 / 239,616 ( 0 % )                             ;
; Embedded Multiplier 9-bit elements ; 0 / 52 ( 0 % )                                  ;
; Total PLLs                         ; 0 / 4 ( 0 % )                                   ;
+------------------------------------+-------------------------------------------------+


+-----------------------------------------+
; Flow Settings                           ;
+-------------------+---------------------+
; Option            ; Setting             ;
+-------------------+---------------------+
; Start date & time ; 03/23/2021 19:14:56 ;
; Main task         ; Compilation         ;
; Revision Name     ; Practica8           ;
+-------------------+---------------------+


+--------------------------------------------------------------------------------------------------------------------------+
; Flow Non-Default Global Settings                                                                                         ;
+--------------------------------------+---------------------------------+---------------+----------------+----------------+
; Assignment Name                      ; Value                           ; Default Value ; Entity Name    ; Section Id     ;
+--------------------------------------+---------------------------------+---------------+----------------+----------------+
; COMPILER_SIGNATURE_ID                ; 216182574722761.161652329523572 ; --            ; --             ; --             ;
; EDA_NATIVELINK_SIMULATION_TEST_BENCH ; alu_vhd_tst                     ; --            ; --             ; eda_simulation ;
; EDA_OUTPUT_DATA_FORMAT               ; Vhdl                            ; --            ; --             ; eda_simulation ;
; EDA_SIMULATION_TOOL                  ; ModelSim-Altera (VHDL)          ; <None>        ; --             ; --             ;
; EDA_TEST_BENCH_ENABLE_STATUS         ; TEST_BENCH_MODE                 ; --            ; --             ; eda_simulation ;
; MAX_CORE_JUNCTION_TEMP               ; 85                              ; --            ; --             ; --             ;
; MIN_CORE_JUNCTION_TEMP               ; 0                               ; --            ; --             ; --             ;
; PARTITION_COLOR                      ; 16764057                        ; --            ; DetectorFlanco ; Top            ;
; PARTITION_FITTER_PRESERVATION_LEVEL  ; PLACEMENT_AND_ROUTING           ; --            ; DetectorFlanco ; Top            ;
; PARTITION_NETLIST_TYPE               ; SOURCE                          ; --            ; DetectorFlanco ; Top            ;
; PROJECT_OUTPUT_DIRECTORY             ; output_files                    ; --            ; --             ; --             ;
; TOP_LEVEL_ENTITY                     ; DetectorFlanco                  ; Practica8     ; --             ; --             ;
+--------------------------------------+---------------------------------+---------------+----------------+----------------+


+-------------------------------------------------------------------------------------------------------------------------------+
; Flow Elapsed Time                                                                                                             ;
+---------------------------+--------------+-------------------------+---------------------+------------------------------------+
; Module Name               ; Elapsed Time ; Average Processors Used ; Peak Virtual Memory ; Total CPU Time (on all processors) ;
+---------------------------+--------------+-------------------------+---------------------+------------------------------------+
; Analysis & Synthesis      ; 00:00:02     ; 1.0                     ; 4623 MB             ; 00:00:02                           ;
; Fitter                    ; 00:00:05     ; 1.0                     ; 4838 MB             ; 00:00:04                           ;
; Assembler                 ; 00:00:02     ; 1.0                     ; 4547 MB             ; 00:00:02                           ;
; TimeQuest Timing Analyzer ; 00:00:01     ; 1.0                     ; 4531 MB             ; 00:00:01                           ;
; EDA Netlist Writer        ; 00:00:01     ; 1.0                     ; 4507 MB             ; 00:00:01                           ;
; EDA Netlist Writer        ; 00:00:01     ; 1.0                     ; 4519 MB             ; 00:00:01                           ;
; Total                     ; 00:00:12     ; --                      ; --                  ; 00:00:11                           ;
+---------------------------+--------------+-------------------------+---------------------+------------------------------------+


+----------------------------------------------------------------------------------------+
; Flow OS Summary                                                                        ;
+---------------------------+------------------+-----------+------------+----------------+
; Module Name               ; Machine Hostname ; OS Name   ; OS Version ; Processor type ;
+---------------------------+------------------+-----------+------------+----------------+
; Analysis & Synthesis      ; joaquin-portatil ; Windows 7 ; 6.2        ; x86_64         ;
; Fitter                    ; joaquin-portatil ; Windows 7 ; 6.2        ; x86_64         ;
; Assembler                 ; joaquin-portatil ; Windows 7 ; 6.2        ; x86_64         ;
; TimeQuest Timing Analyzer ; joaquin-portatil ; Windows 7 ; 6.2        ; x86_64         ;
; EDA Netlist Writer        ; joaquin-portatil ; Windows 7 ; 6.2        ; x86_64         ;
; EDA Netlist Writer        ; joaquin-portatil ; Windows 7 ; 6.2        ; x86_64         ;
+---------------------------+------------------+-----------+------------+----------------+


------------
; Flow Log ;
------------
quartus_map --read_settings_files=on --write_settings_files=off Practica8 -c Practica8
quartus_fit --read_settings_files=off --write_settings_files=off Practica8 -c Practica8
quartus_asm --read_settings_files=off --write_settings_files=off Practica8 -c Practica8
quartus_sta Practica8 -c Practica8
quartus_eda --read_settings_files=off --write_settings_files=off Practica8 -c Practica8
quartus_eda --read_settings_files=on --write_settings_files=off Practica8 -c Practica8 --gen_testbench



