Analysis & Synthesis report for pr7
Wed Mar 17 13:51:05 2021
Quartus II 64-Bit Version 13.0.1 Build 232 06/12/2013 Service Pack 1 SJ Web Edition


---------------------
; Table of Contents ;
---------------------
  1. Legal Notice
  2. Analysis & Synthesis Summary
  3. Analysis & Synthesis Settings
  4. Parallel Compilation
  5. Analysis & Synthesis Source Files Read
  6. Analysis & Synthesis Resource Usage Summary
  7. Analysis & Synthesis Resource Utilization by Entity
  8. User-Specified and Inferred Latches
  9. General Register Statistics
 10. Multiplexer Restructuring Statistics (Restructuring Performed)
 11. Port Connectivity Checks: "mux5bits:imux5bits"
 12. Elapsed Time Per Partition
 13. Analysis & Synthesis Messages



----------------
; Legal Notice ;
----------------
Copyright (C) 1991-2013 Altera Corporation
Your use of Altera Corporation's design tools, logic functions 
and other software and tools, and its AMPP partner logic 
functions, and any output files from any of the foregoing 
(including device programming or simulation files), and any 
associated documentation or information are expressly subject 
to the terms and conditions of the Altera Program License 
Subscription Agreement, Altera MegaCore Function License 
Agreement, or other applicable license agreement, including, 
without limitation, that your use is for the sole purpose of 
programming logic devices manufactured by Altera and sold by 
Altera or its authorized distributors.  Please refer to the 
applicable agreement for further details.



+--------------------------------------------------------------------------------------+
; Analysis & Synthesis Summary                                                         ;
+------------------------------------+-------------------------------------------------+
; Analysis & Synthesis Status        ; Successful - Wed Mar 17 13:51:05 2021           ;
; Quartus II 64-Bit Version          ; 13.0.1 Build 232 06/12/2013 SP 1 SJ Web Edition ;
; Revision Name                      ; pr7                                             ;
; Top-level Entity Name              ; alu                                             ;
; Family                             ; Cyclone II                                      ;
; Total logic elements               ; 116                                             ;
;     Total combinational functions  ; 116                                             ;
;     Dedicated logic registers      ; 0                                               ;
; Total registers                    ; 0                                               ;
; Total pins                         ; 19                                              ;
; Total virtual pins                 ; 0                                               ;
; Total memory bits                  ; 0                                               ;
; Embedded Multiplier 9-bit elements ; 0                                               ;
; Total PLLs                         ; 0                                               ;
+------------------------------------+-------------------------------------------------+


+----------------------------------------------------------------------------------------------------------------------+
; Analysis & Synthesis Settings                                                                                        ;
+----------------------------------------------------------------------------+--------------------+--------------------+
; Option                                                                     ; Setting            ; Default Value      ;
+----------------------------------------------------------------------------+--------------------+--------------------+
; Device                                                                     ; EP2C20F484C7       ;                    ;
; Top-level entity name                                                      ; alu                ; pr7                ;
; Family name                                                                ; Cyclone II         ; Cyclone IV GX      ;
; Use smart compilation                                                      ; Off                ; Off                ;
; Enable parallel Assembler and TimeQuest Timing Analyzer during compilation ; On                 ; On                 ;
; Enable compact report table                                                ; Off                ; Off                ;
; Restructure Multiplexers                                                   ; Auto               ; Auto               ;
; Create Debugging Nodes for IP Cores                                        ; Off                ; Off                ;
; Preserve fewer node names                                                  ; On                 ; On                 ;
; Disable OpenCore Plus hardware evaluation                                  ; Off                ; Off                ;
; Verilog Version                                                            ; Verilog_2001       ; Verilog_2001       ;
; VHDL Version                                                               ; VHDL_1993          ; VHDL_1993          ;
; State Machine Processing                                                   ; Auto               ; Auto               ;
; Safe State Machine                                                         ; Off                ; Off                ;
; Extract Verilog State Machines                                             ; On                 ; On                 ;
; Extract VHDL State Machines                                                ; On                 ; On                 ;
; Ignore Verilog initial constructs                                          ; Off                ; Off                ;
; Iteration limit for constant Verilog loops                                 ; 5000               ; 5000               ;
; Iteration limit for non-constant Verilog loops                             ; 250                ; 250                ;
; Add Pass-Through Logic to Inferred RAMs                                    ; On                 ; On                 ;
; Infer RAMs from Raw Logic                                                  ; On                 ; On                 ;
; Parallel Synthesis                                                         ; On                 ; On                 ;
; DSP Block Balancing                                                        ; Auto               ; Auto               ;
; NOT Gate Push-Back                                                         ; On                 ; On                 ;
; Power-Up Don't Care                                                        ; On                 ; On                 ;
; Remove Redundant Logic Cells                                               ; Off                ; Off                ;
; Remove Duplicate Registers                                                 ; On                 ; On                 ;
; Ignore CARRY Buffers                                                       ; Off                ; Off                ;
; Ignore CASCADE Buffers                                                     ; Off                ; Off                ;
; Ignore GLOBAL Buffers                                                      ; Off                ; Off                ;
; Ignore ROW GLOBAL Buffers                                                  ; Off                ; Off                ;
; Ignore LCELL Buffers                                                       ; Off                ; Off                ;
; Ignore SOFT Buffers                                                        ; On                 ; On                 ;
; Limit AHDL Integers to 32 Bits                                             ; Off                ; Off                ;
; Optimization Technique                                                     ; Balanced           ; Balanced           ;
; Carry Chain Length                                                         ; 70                 ; 70                 ;
; Auto Carry Chains                                                          ; On                 ; On                 ;
; Auto Open-Drain Pins                                                       ; On                 ; On                 ;
; Perform WYSIWYG Primitive Resynthesis                                      ; Off                ; Off                ;
; Auto ROM Replacement                                                       ; On                 ; On                 ;
; Auto RAM Replacement                                                       ; On                 ; On                 ;
; Auto Shift Register Replacement                                            ; Auto               ; Auto               ;
; Allow Shift Register Merging across Hierarchies                            ; Auto               ; Auto               ;
; Auto Clock Enable Replacement                                              ; On                 ; On                 ;
; Strict RAM Replacement                                                     ; Off                ; Off                ;
; Allow Synchronous Control Signals                                          ; On                 ; On                 ;
; Force Use of Synchronous Clear Signals                                     ; Off                ; Off                ;
; Auto RAM to Logic Cell Conversion                                          ; Off                ; Off                ;
; Auto Resource Sharing                                                      ; Off                ; Off                ;
; Allow Any RAM Size For Recognition                                         ; Off                ; Off                ;
; Allow Any ROM Size For Recognition                                         ; Off                ; Off                ;
; Allow Any Shift Register Size For Recognition                              ; Off                ; Off                ;
; Use LogicLock Constraints during Resource Balancing                        ; On                 ; On                 ;
; Ignore translate_off and synthesis_off directives                          ; Off                ; Off                ;
; Timing-Driven Synthesis                                                    ; Off                ; Off                ;
; Report Parameter Settings                                                  ; On                 ; On                 ;
; Report Source Assignments                                                  ; On                 ; On                 ;
; Report Connectivity Checks                                                 ; On                 ; On                 ;
; Ignore Maximum Fan-Out Assignments                                         ; Off                ; Off                ;
; Synchronization Register Chain Length                                      ; 2                  ; 2                  ;
; PowerPlay Power Optimization                                               ; Normal compilation ; Normal compilation ;
; HDL message level                                                          ; Level2             ; Level2             ;
; Suppress Register Optimization Related Messages                            ; Off                ; Off                ;
; Number of Removed Registers Reported in Synthesis Report                   ; 5000               ; 5000               ;
; Number of Swept Nodes Reported in Synthesis Report                         ; 5000               ; 5000               ;
; Number of Inverted Registers Reported in Synthesis Report                  ; 100                ; 100                ;
; Clock MUX Protection                                                       ; On                 ; On                 ;
; Auto Gated Clock Conversion                                                ; Off                ; Off                ;
; Block Design Naming                                                        ; Auto               ; Auto               ;
; SDC constraint protection                                                  ; Off                ; Off                ;
; Synthesis Effort                                                           ; Auto               ; Auto               ;
; Shift Register Replacement - Allow Asynchronous Clear Signal               ; On                 ; On                 ;
; Pre-Mapping Resynthesis Optimization                                       ; Off                ; Off                ;
; Analysis & Synthesis Message Level                                         ; Medium             ; Medium             ;
; Disable Register Merging Across Hierarchies                                ; Auto               ; Auto               ;
; Resource Aware Inference For Block RAM                                     ; On                 ; On                 ;
; Synthesis Seed                                                             ; 1                  ; 1                  ;
+----------------------------------------------------------------------------+--------------------+--------------------+


Parallel compilation was disabled, but you have multiple processors available. Enable parallel compilation to reduce compilation time.
+-------------------------------------+
; Parallel Compilation                ;
+----------------------------+--------+
; Processors                 ; Number ;
+----------------------------+--------+
; Number detected on machine ; 8      ;
; Maximum allowed            ; 1      ;
+----------------------------+--------+


+-----------------------------------------------------------------------------------------------------------------------------------------------------+
; Analysis & Synthesis Source Files Read                                                                                                              ;
+----------------------------------+-----------------+-----------------+--------------------------------------------------------------------+---------+
; File Name with User-Entered Path ; Used in Netlist ; File Type       ; File Name with Absolute Path                                       ; Library ;
+----------------------------------+-----------------+-----------------+--------------------------------------------------------------------+---------+
; alu.vhd                          ; yes             ; User VHDL File  ; C:/Users/ferna/Documents/GitHub/ED_LAB/7/alu.vhd                   ;         ;
; U_Func_Log.vhd                   ; yes             ; User VHDL File  ; C:/Users/ferna/Documents/GitHub/ED_LAB/7/U_Func_Log.vhd            ;         ;
; Sumador1Bit.vhd                  ; yes             ; User VHDL File  ; C:/Users/ferna/Documents/GitHub/ED_LAB/7/Sumador1Bit.vhd           ;         ;
; Sumador_Restador5bits.vhd        ; yes             ; User VHDL File  ; C:/Users/ferna/Documents/GitHub/ED_LAB/7/Sumador_Restador5bits.vhd ;         ;
; mux5bits3to1.vhd                 ; yes             ; User VHDL File  ; C:/Users/ferna/Documents/GitHub/ED_LAB/7/mux5bits3to1.vhd          ;         ;
; mux5bits.vhd                     ; yes             ; User VHDL File  ; C:/Users/ferna/Documents/GitHub/ED_LAB/7/mux5bits.vhd              ;         ;
; mux.vhd                          ; yes             ; User VHDL File  ; C:/Users/ferna/Documents/GitHub/ED_LAB/7/mux.vhd                   ;         ;
; Multiplicador5Bits_C2.vhd        ; yes             ; User VHDL File  ; C:/Users/ferna/Documents/GitHub/ED_LAB/7/Multiplicador5Bits_C2.vhd ;         ;
; Control.vhd                      ; yes             ; User VHDL File  ; C:/Users/ferna/Documents/GitHub/ED_LAB/7/Control.vhd               ;         ;
; CarryLookAhead.vhd               ; yes             ; User VHDL File  ; C:/Users/ferna/Documents/GitHub/ED_LAB/7/CarryLookAhead.vhd        ;         ;
+----------------------------------+-----------------+-----------------+--------------------------------------------------------------------+---------+


+-------------------------------------------------------+
; Analysis & Synthesis Resource Usage Summary           ;
+---------------------------------------------+---------+
; Resource                                    ; Usage   ;
+---------------------------------------------+---------+
; Estimated Total logic elements              ; 116     ;
;                                             ;         ;
; Total combinational functions               ; 116     ;
; Logic element usage by number of LUT inputs ;         ;
;     -- 4 input functions                    ; 30      ;
;     -- 3 input functions                    ; 48      ;
;     -- <=2 input functions                  ; 38      ;
;                                             ;         ;
; Logic elements by mode                      ;         ;
;     -- normal mode                          ; 86      ;
;     -- arithmetic mode                      ; 30      ;
;                                             ;         ;
; Total registers                             ; 0       ;
;     -- Dedicated logic registers            ; 0       ;
;     -- I/O registers                        ; 0       ;
;                                             ;         ;
; I/O pins                                    ; 19      ;
; Embedded Multiplier 9-bit elements          ; 0       ;
; Maximum fan-out node                        ; A_in[1] ;
; Maximum fan-out                             ; 11      ;
; Total fan-out                               ; 346     ;
; Average fan-out                             ; 2.56    ;
+---------------------------------------------+---------+


+--------------------------------------------------------------------------------------------------------------------------------------------------------------------------------------------------------------------------------------------------+
; Analysis & Synthesis Resource Utilization by Entity                                                                                                                                                                                              ;
+---------------------------------------------+-------------------+--------------+-------------+--------------+---------+-----------+------+--------------+-------------------------------------------------------------------------+--------------+
; Compilation Hierarchy Node                  ; LC Combinationals ; LC Registers ; Memory Bits ; DSP Elements ; DSP 9x9 ; DSP 18x18 ; Pins ; Virtual Pins ; Full Hierarchy Name                                                     ; Library Name ;
+---------------------------------------------+-------------------+--------------+-------------+--------------+---------+-----------+------+--------------+-------------------------------------------------------------------------+--------------+
; |alu                                        ; 116 (0)           ; 0 (0)        ; 0           ; 0            ; 0       ; 0         ; 19   ; 0            ; |alu                                                                    ; work         ;
;    |Control:icontrol|                       ; 15 (15)           ; 0 (0)        ; 0           ; 0            ; 0       ; 0         ; 0    ; 0            ; |alu|Control:icontrol                                                   ; work         ;
;    |Multiplicador5Bits_C2:imultiplicador|   ; 58 (58)           ; 0 (0)        ; 0           ; 0            ; 0       ; 0         ; 0    ; 0            ; |alu|Multiplicador5Bits_C2:imultiplicador                               ; work         ;
;    |Sumador_Restador5Bits:isumador|         ; 18 (4)            ; 0 (0)        ; 0           ; 0            ; 0       ; 0         ; 0    ; 0            ; |alu|Sumador_Restador5Bits:isumador                                     ; work         ;
;       |CarryLookAhead:i_CarryLookAhead|     ; 11 (11)           ; 0 (0)        ; 0           ; 0            ; 0       ; 0         ; 0    ; 0            ; |alu|Sumador_Restador5Bits:isumador|CarryLookAhead:i_CarryLookAhead     ; work         ;
;       |Sumador1Bit:\GenSum:2:i_Sumador1Bit| ; 1 (1)             ; 0 (0)        ; 0           ; 0            ; 0       ; 0         ; 0    ; 0            ; |alu|Sumador_Restador5Bits:isumador|Sumador1Bit:\GenSum:2:i_Sumador1Bit ; work         ;
;       |Sumador1Bit:\GenSum:3:i_Sumador1Bit| ; 1 (1)             ; 0 (0)        ; 0           ; 0            ; 0       ; 0         ; 0    ; 0            ; |alu|Sumador_Restador5Bits:isumador|Sumador1Bit:\GenSum:3:i_Sumador1Bit ; work         ;
;       |Sumador1Bit:\GenSum:4:i_Sumador1Bit| ; 1 (1)             ; 0 (0)        ; 0           ; 0            ; 0       ; 0         ; 0    ; 0            ; |alu|Sumador_Restador5Bits:isumador|Sumador1Bit:\GenSum:4:i_Sumador1Bit ; work         ;
;    |U_Func_Log:iunidadlog|                  ; 5 (5)             ; 0 (0)        ; 0           ; 0            ; 0       ; 0         ; 0    ; 0            ; |alu|U_Func_Log:iunidadlog                                              ; work         ;
;    |mux5bits3to1:imux5bits3to1|             ; 15 (15)           ; 0 (0)        ; 0           ; 0            ; 0       ; 0         ; 0    ; 0            ; |alu|mux5bits3to1:imux5bits3to1                                         ; work         ;
;    |mux:imux|                               ; 5 (5)             ; 0 (0)        ; 0           ; 0            ; 0       ; 0         ; 0    ; 0            ; |alu|mux:imux                                                           ; work         ;
+---------------------------------------------+-------------------+--------------+-------------+--------------+---------+-----------+------+--------------+-------------------------------------------------------------------------+--------------+
Note: For table entries with two numbers listed, the numbers in parentheses indicate the number of resources of the given type used by the specific entity alone. The numbers listed outside of parentheses indicate the total resources of the given type used by the specific entity and all of its sub-entities in the hierarchy.


+---------------------------------------------------------------------------------------------------+
; User-Specified and Inferred Latches                                                               ;
+----------------------------------------------------+---------------------+------------------------+
; Latch Name                                         ; Latch Enable Signal ; Free of Timing Hazards ;
+----------------------------------------------------+---------------------+------------------------+
; Control:icontrol|sel_log[0]                        ; GND                 ; yes                    ;
; Control:icontrol|sel_log[1]                        ; GND                 ; yes                    ;
; Control:icontrol|sel_b                             ; GND                 ; yes                    ;
; Control:icontrol|sel_r                             ; GND                 ; yes                    ;
; Control:icontrol|sel_ov                            ; GND                 ; yes                    ;
; Number of user-specified and inferred latches = 5  ;                     ;                        ;
+----------------------------------------------------+---------------------+------------------------+
Note: All latches listed above may not be present at the end of synthesis due to various synthesis optimizations.


+------------------------------------------------------+
; General Register Statistics                          ;
+----------------------------------------------+-------+
; Statistic                                    ; Value ;
+----------------------------------------------+-------+
; Total registers                              ; 0     ;
; Number of registers using Synchronous Clear  ; 0     ;
; Number of registers using Synchronous Load   ; 0     ;
; Number of registers using Asynchronous Clear ; 0     ;
; Number of registers using Asynchronous Load  ; 0     ;
; Number of registers using Clock Enable       ; 0     ;
; Number of registers using Preset             ; 0     ;
+----------------------------------------------+-------+


+----------------------------------------------------------------------------------------------------------------------------------------------------+
; Multiplexer Restructuring Statistics (Restructuring Performed)                                                                                     ;
+--------------------+-----------+---------------+----------------------+------------------------+------------+--------------------------------------+
; Multiplexer Inputs ; Bus Width ; Baseline Area ; Area if Restructured ; Saving if Restructured ; Registered ; Example Multiplexer Output           ;
+--------------------+-----------+---------------+----------------------+------------------------+------------+--------------------------------------+
; 7:1                ; 4 bits    ; 16 LEs        ; 16 LEs               ; 0 LEs                  ; No         ; |alu|mux5bits3to1:imux5bits3to1|Mux3 ;
+--------------------+-----------+---------------+----------------------+------------------------+------------+--------------------------------------+


+------------------------------------------------+
; Port Connectivity Checks: "mux5bits:imux5bits" ;
+----------+-------+----------+------------------+
; Port     ; Type  ; Severity ; Details          ;
+----------+-------+----------+------------------+
; e0[4..1] ; Input ; Info     ; Stuck at GND     ;
; e0[0]    ; Input ; Info     ; Stuck at VCC     ;
+----------+-------+----------+------------------+


+-------------------------------+
; Elapsed Time Per Partition    ;
+----------------+--------------+
; Partition Name ; Elapsed Time ;
+----------------+--------------+
; Top            ; 00:00:00     ;
+----------------+--------------+


+-------------------------------+
; Analysis & Synthesis Messages ;
+-------------------------------+
Info: *******************************************************************
Info: Running Quartus II 64-Bit Analysis & Synthesis
    Info: Version 13.0.1 Build 232 06/12/2013 Service Pack 1 SJ Web Edition
    Info: Processing started: Wed Mar 17 13:51:03 2021
Info: Command: quartus_map --read_settings_files=on --write_settings_files=off pr7 -c pr7
Warning (20028): Parallel compilation is not licensed and has been disabled
Info (12021): Found 2 design units, including 1 entities, in source file pr7.vhd
    Info (12022): Found design unit 1: pr7-pr7_arc
    Info (12023): Found entity 1: pr7
Info (12021): Found 2 design units, including 1 entities, in source file alu.vhd
    Info (12022): Found design unit 1: alu-alu_arc
    Info (12023): Found entity 1: alu
Info (12021): Found 2 design units, including 1 entities, in source file u_func_log.vhd
    Info (12022): Found design unit 1: U_func_Log-behavioural
    Info (12023): Found entity 1: U_Func_Log
Info (12021): Found 2 design units, including 1 entities, in source file sumador1bit.vhd
    Info (12022): Found design unit 1: Sumador1Bit-Sumador1Bit_arc
    Info (12023): Found entity 1: Sumador1Bit
Info (12021): Found 2 design units, including 1 entities, in source file sumador_restador5bits.vhd
    Info (12022): Found design unit 1: Sumador_Restador5Bits-Sumador_Restador5Bits_arc
    Info (12023): Found entity 1: Sumador_Restador5Bits
Info (12021): Found 2 design units, including 1 entities, in source file mux5bits3to1.vhd
    Info (12022): Found design unit 1: mux5bits3to1-mux5bits3to1_arc
    Info (12023): Found entity 1: mux5bits3to1
Info (12021): Found 2 design units, including 1 entities, in source file mux5bits.vhd
    Info (12022): Found design unit 1: mux5bits-mux5bits_arc
    Info (12023): Found entity 1: mux5bits
Warning (12090): Entity "mux" obtained from "mux.vhd" instead of from Quartus II megafunction library
Info (12021): Found 2 design units, including 1 entities, in source file mux.vhd
    Info (12022): Found design unit 1: mux-mux_arc
    Info (12023): Found entity 1: mux
Info (12021): Found 2 design units, including 1 entities, in source file multiplicador5bits_c2.vhd
    Info (12022): Found design unit 1: Multiplicador5Bits_C2-Behavioural
    Info (12023): Found entity 1: Multiplicador5Bits_C2
Info (12021): Found 2 design units, including 1 entities, in source file control.vhd
    Info (12022): Found design unit 1: Control-Control_arc
    Info (12023): Found entity 1: Control
Info (12021): Found 2 design units, including 1 entities, in source file carrylookahead.vhd
    Info (12022): Found design unit 1: CarryLookAhead-CarryLookAhead_arc
    Info (12023): Found entity 1: CarryLookAhead
Info (12127): Elaborating entity "alu" for the top level hierarchy
Info (12128): Elaborating entity "Control" for hierarchy "Control:icontrol"
Warning (10631): VHDL Process Statement warning at Control.vhd(22): inferring latch(es) for signal or variable "sel_ov", which holds its previous value in one or more paths through the process
Warning (10631): VHDL Process Statement warning at Control.vhd(22): inferring latch(es) for signal or variable "sel_r", which holds its previous value in one or more paths through the process
Warning (10631): VHDL Process Statement warning at Control.vhd(22): inferring latch(es) for signal or variable "sel_b", which holds its previous value in one or more paths through the process
Warning (10631): VHDL Process Statement warning at Control.vhd(22): inferring latch(es) for signal or variable "sel_s", which holds its previous value in one or more paths through the process
Warning (10631): VHDL Process Statement warning at Control.vhd(22): inferring latch(es) for signal or variable "sel_log", which holds its previous value in one or more paths through the process
Info (10041): Inferred latch for "sel_log[0]" at Control.vhd(22)
Info (10041): Inferred latch for "sel_log[1]" at Control.vhd(22)
Info (10041): Inferred latch for "sel_s[0]" at Control.vhd(22)
Info (10041): Inferred latch for "sel_s[1]" at Control.vhd(22)
Info (10041): Inferred latch for "sel_b" at Control.vhd(22)
Info (10041): Inferred latch for "sel_r" at Control.vhd(22)
Info (10041): Inferred latch for "sel_ov" at Control.vhd(22)
Info (12128): Elaborating entity "mux5bits" for hierarchy "mux5bits:imux5bits"
Info (12128): Elaborating entity "Sumador_Restador5Bits" for hierarchy "Sumador_Restador5Bits:isumador"
Info (12128): Elaborating entity "Sumador1Bit" for hierarchy "Sumador_Restador5Bits:isumador|Sumador1Bit:\GenSum:0:i_Sumador1Bit"
Info (12128): Elaborating entity "CarryLookAhead" for hierarchy "Sumador_Restador5Bits:isumador|CarryLookAhead:i_CarryLookAhead"
Info (12128): Elaborating entity "Multiplicador5Bits_C2" for hierarchy "Multiplicador5Bits_C2:imultiplicador"
Warning (10445): VHDL Subtype or Type Declaration warning at Multiplicador5Bits_C2.vhd(27): subtype or type has null range
Info (12128): Elaborating entity "U_Func_Log" for hierarchy "U_Func_Log:iunidadlog"
Info (12128): Elaborating entity "mux5bits3to1" for hierarchy "mux5bits3to1:imux5bits3to1"
Info (12128): Elaborating entity "mux" for hierarchy "mux:imux"
Info (16010): Generating hard_block partition "hard_block:auto_generated_inst"
    Info (16011): Adding 0 node(s), including 0 DDIO, 0 PLL, 0 transceiver and 0 LCELL
Info (21057): Implemented 135 device resources after synthesis - the final resource count might be different
    Info (21058): Implemented 13 input pins
    Info (21059): Implemented 6 output pins
    Info (21061): Implemented 116 logic cells
Info: Quartus II 64-Bit Analysis & Synthesis was successful. 0 errors, 8 warnings
    Info: Peak virtual memory: 4641 megabytes
    Info: Processing ended: Wed Mar 17 13:51:05 2021
    Info: Elapsed time: 00:00:02
    Info: Total CPU time (on all processors): 00:00:02


