TimeQuest Timing Analyzer report for pr7
Tue Mar 16 20:22:25 2021
Quartus II 64-Bit Version 13.0.1 Build 232 06/12/2013 Service Pack 1 SJ Web Edition


---------------------
; Table of Contents ;
---------------------
  1. Legal Notice
  2. TimeQuest Timing Analyzer Summary
  3. Parallel Compilation
  4. Clocks
  5. Slow Model Fmax Summary
  6. Slow Model Setup Summary
  7. Slow Model Hold Summary
  8. Slow Model Recovery Summary
  9. Slow Model Removal Summary
 10. Slow Model Minimum Pulse Width Summary
 11. Propagation Delay
 12. Minimum Propagation Delay
 13. Fast Model Setup Summary
 14. Fast Model Hold Summary
 15. Fast Model Recovery Summary
 16. Fast Model Removal Summary
 17. Fast Model Minimum Pulse Width Summary
 18. Propagation Delay
 19. Minimum Propagation Delay
 20. Multicorner Timing Analysis Summary
 21. Progagation Delay
 22. Minimum Progagation Delay
 23. Clock Transfers
 24. Report TCCS
 25. Report RSKM
 26. Unconstrained Paths
 27. TimeQuest Timing Analyzer Messages



----------------
; Legal Notice ;
----------------
Copyright (C) 1991-2013 Altera Corporation
Your use of Altera Corporation's design tools, logic functions 
and other software and tools, and its AMPP partner logic 
functions, and any output files from any of the foregoing 
(including device programming or simulation files), and any 
associated documentation or information are expressly subject 
to the terms and conditions of the Altera Program License 
Subscription Agreement, Altera MegaCore Function License 
Agreement, or other applicable license agreement, including, 
without limitation, that your use is for the sole purpose of 
programming logic devices manufactured by Altera and sold by 
Altera or its authorized distributors.  Please refer to the 
applicable agreement for further details.



+----------------------------------------------------------------------------------------+
; TimeQuest Timing Analyzer Summary                                                      ;
+--------------------+-------------------------------------------------------------------+
; Quartus II Version ; Version 13.0.1 Build 232 06/12/2013 Service Pack 1 SJ Web Edition ;
; Revision Name      ; pr7                                                               ;
; Device Family      ; Cyclone II                                                        ;
; Device Name        ; EP2C20F484C7                                                      ;
; Timing Models      ; Final                                                             ;
; Delay Model        ; Combined                                                          ;
; Rise/Fall Delays   ; Unavailable                                                       ;
+--------------------+-------------------------------------------------------------------+


Parallel compilation was disabled, but you have multiple processors available. Enable parallel compilation to reduce compilation time.
+-------------------------------------+
; Parallel Compilation                ;
+----------------------------+--------+
; Processors                 ; Number ;
+----------------------------+--------+
; Number detected on machine ; 8      ;
; Maximum allowed            ; 1      ;
+----------------------------+--------+


----------
; Clocks ;
----------
No clocks to report.


---------------------------
; Slow Model Fmax Summary ;
---------------------------
No paths to report.


----------------------------
; Slow Model Setup Summary ;
----------------------------
No paths to report.


---------------------------
; Slow Model Hold Summary ;
---------------------------
No paths to report.


-------------------------------
; Slow Model Recovery Summary ;
-------------------------------
No paths to report.


------------------------------
; Slow Model Removal Summary ;
------------------------------
No paths to report.


------------------------------------------
; Slow Model Minimum Pulse Width Summary ;
------------------------------------------
No paths to report.


+--------------------------------------------------------------+
; Propagation Delay                                            ;
+------------+-------------+--------+--------+--------+--------+
; Input Port ; Output Port ; RR     ; RF     ; FR     ; FF     ;
+------------+-------------+--------+--------+--------+--------+
; a[0]       ; disp1[0]    ; 22.824 ; 22.824 ; 22.824 ; 22.824 ;
; a[0]       ; disp1[1]    ; 22.800 ; 22.800 ; 22.800 ; 22.800 ;
; a[0]       ; disp1[2]    ; 22.825 ; 22.825 ; 22.825 ; 22.825 ;
; a[0]       ; disp1[3]    ; 23.082 ; 23.082 ; 23.082 ; 23.082 ;
; a[0]       ; disp1[4]    ; 23.106 ; 23.106 ; 23.106 ; 23.106 ;
; a[0]       ; disp1[5]    ; 22.818 ; 22.818 ; 22.818 ; 22.818 ;
; a[0]       ; disp1[6]    ; 23.104 ; 23.104 ; 23.104 ; 23.104 ;
; a[0]       ; disp2[0]    ; 21.613 ; 21.613 ; 21.613 ; 21.613 ;
; a[0]       ; disp2[1]    ; 22.950 ; 22.950 ; 22.950 ; 22.950 ;
; a[0]       ; disp2[2]    ; 21.849 ; 21.849 ; 21.849 ; 21.849 ;
; a[0]       ; disp2[3]    ; 22.662 ; 22.662 ; 22.662 ; 22.662 ;
; a[0]       ; disp2[4]    ; 22.763 ; 22.763 ; 22.763 ; 22.763 ;
; a[0]       ; disp2[6]    ; 22.662 ; 22.662 ; 22.662 ; 22.662 ;
; a[0]       ; ov          ; 20.648 ; 20.648 ; 20.648 ; 20.648 ;
; a[0]       ; sign        ; 17.871 ; 17.871 ; 17.871 ; 17.871 ;
; a[1]       ; disp1[0]    ; 23.111 ; 23.111 ; 23.111 ; 23.111 ;
; a[1]       ; disp1[1]    ; 23.087 ; 23.087 ; 23.087 ; 23.087 ;
; a[1]       ; disp1[2]    ; 23.112 ; 23.112 ; 23.112 ; 23.112 ;
; a[1]       ; disp1[3]    ; 23.369 ; 23.369 ; 23.369 ; 23.369 ;
; a[1]       ; disp1[4]    ; 23.393 ; 23.393 ; 23.393 ; 23.393 ;
; a[1]       ; disp1[5]    ; 23.105 ; 23.105 ; 23.105 ; 23.105 ;
; a[1]       ; disp1[6]    ; 23.391 ; 23.391 ; 23.391 ; 23.391 ;
; a[1]       ; disp2[0]    ; 21.900 ; 21.900 ; 21.900 ; 21.900 ;
; a[1]       ; disp2[1]    ; 23.237 ; 23.237 ; 23.237 ; 23.237 ;
; a[1]       ; disp2[2]    ; 22.136 ; 22.136 ; 22.136 ; 22.136 ;
; a[1]       ; disp2[3]    ; 22.949 ; 22.949 ; 22.949 ; 22.949 ;
; a[1]       ; disp2[4]    ; 23.050 ; 23.050 ; 23.050 ; 23.050 ;
; a[1]       ; disp2[6]    ; 22.949 ; 22.949 ; 22.949 ; 22.949 ;
; a[1]       ; ov          ; 21.001 ; 21.001 ; 21.001 ; 21.001 ;
; a[1]       ; sign        ; 18.158 ; 18.158 ; 18.158 ; 18.158 ;
; a[2]       ; disp1[0]    ; 23.186 ; 23.186 ; 23.186 ; 23.186 ;
; a[2]       ; disp1[1]    ; 23.162 ; 23.162 ; 23.162 ; 23.162 ;
; a[2]       ; disp1[2]    ; 23.187 ; 23.187 ; 23.187 ; 23.187 ;
; a[2]       ; disp1[3]    ; 23.444 ; 23.444 ; 23.444 ; 23.444 ;
; a[2]       ; disp1[4]    ; 23.468 ; 23.468 ; 23.468 ; 23.468 ;
; a[2]       ; disp1[5]    ; 23.180 ; 23.180 ; 23.180 ; 23.180 ;
; a[2]       ; disp1[6]    ; 23.466 ; 23.466 ; 23.466 ; 23.466 ;
; a[2]       ; disp2[0]    ; 21.975 ; 21.975 ; 21.975 ; 21.975 ;
; a[2]       ; disp2[1]    ; 23.312 ; 23.312 ; 23.312 ; 23.312 ;
; a[2]       ; disp2[2]    ; 22.211 ; 22.211 ; 22.211 ; 22.211 ;
; a[2]       ; disp2[3]    ; 23.024 ; 23.024 ; 23.024 ; 23.024 ;
; a[2]       ; disp2[4]    ; 23.125 ; 23.125 ; 23.125 ; 23.125 ;
; a[2]       ; disp2[6]    ; 23.024 ; 23.024 ; 23.024 ; 23.024 ;
; a[2]       ; ov          ; 21.076 ; 21.076 ; 21.076 ; 21.076 ;
; a[2]       ; sign        ; 18.233 ; 18.233 ; 18.233 ; 18.233 ;
; a[3]       ; disp1[0]    ; 22.446 ; 22.446 ; 22.446 ; 22.446 ;
; a[3]       ; disp1[1]    ; 22.422 ; 22.422 ; 22.422 ; 22.422 ;
; a[3]       ; disp1[2]    ; 22.447 ; 22.447 ; 22.447 ; 22.447 ;
; a[3]       ; disp1[3]    ; 22.704 ; 22.704 ; 22.704 ; 22.704 ;
; a[3]       ; disp1[4]    ; 22.728 ; 22.728 ; 22.728 ; 22.728 ;
; a[3]       ; disp1[5]    ; 22.440 ; 22.440 ; 22.440 ; 22.440 ;
; a[3]       ; disp1[6]    ; 22.726 ; 22.726 ; 22.726 ; 22.726 ;
; a[3]       ; disp2[0]    ; 21.235 ; 21.235 ; 21.235 ; 21.235 ;
; a[3]       ; disp2[1]    ; 22.572 ; 22.572 ; 22.572 ; 22.572 ;
; a[3]       ; disp2[2]    ; 21.471 ; 21.471 ; 21.471 ; 21.471 ;
; a[3]       ; disp2[3]    ; 22.284 ; 22.284 ; 22.284 ; 22.284 ;
; a[3]       ; disp2[4]    ; 22.385 ; 22.385 ; 22.385 ; 22.385 ;
; a[3]       ; disp2[6]    ; 22.284 ; 22.284 ; 22.284 ; 22.284 ;
; a[3]       ; ov          ; 20.667 ; 20.667 ; 20.667 ; 20.667 ;
; a[3]       ; sign        ; 17.493 ; 17.493 ; 17.493 ; 17.493 ;
; a[4]       ; disp1[0]    ; 22.076 ; 22.076 ; 22.076 ; 22.076 ;
; a[4]       ; disp1[1]    ; 22.052 ; 22.052 ; 22.052 ; 22.052 ;
; a[4]       ; disp1[2]    ; 22.077 ; 22.077 ; 22.077 ; 22.077 ;
; a[4]       ; disp1[3]    ; 22.334 ; 22.334 ; 22.334 ; 22.334 ;
; a[4]       ; disp1[4]    ; 22.358 ; 22.358 ; 22.358 ; 22.358 ;
; a[4]       ; disp1[5]    ; 22.070 ; 22.070 ; 22.070 ; 22.070 ;
; a[4]       ; disp1[6]    ; 22.356 ; 22.356 ; 22.356 ; 22.356 ;
; a[4]       ; disp2[0]    ; 20.865 ; 20.865 ; 20.865 ; 20.865 ;
; a[4]       ; disp2[1]    ; 22.202 ; 22.202 ; 22.202 ; 22.202 ;
; a[4]       ; disp2[2]    ; 21.101 ; 21.101 ; 21.101 ; 21.101 ;
; a[4]       ; disp2[3]    ; 21.914 ; 21.914 ; 21.914 ; 21.914 ;
; a[4]       ; disp2[4]    ; 22.015 ; 22.015 ; 22.015 ; 22.015 ;
; a[4]       ; disp2[6]    ; 21.914 ; 21.914 ; 21.914 ; 21.914 ;
; a[4]       ; ov          ; 20.297 ; 20.297 ; 20.297 ; 20.297 ;
; a[4]       ; sign        ; 17.123 ; 17.123 ; 17.123 ; 17.123 ;
; b[0]       ; disp1[0]    ; 23.499 ; 23.499 ; 23.499 ; 23.499 ;
; b[0]       ; disp1[1]    ; 23.475 ; 23.475 ; 23.475 ; 23.475 ;
; b[0]       ; disp1[2]    ; 23.500 ; 23.500 ; 23.500 ; 23.500 ;
; b[0]       ; disp1[3]    ; 23.757 ; 23.757 ; 23.757 ; 23.757 ;
; b[0]       ; disp1[4]    ; 23.781 ; 23.781 ; 23.781 ; 23.781 ;
; b[0]       ; disp1[5]    ; 23.493 ; 23.493 ; 23.493 ; 23.493 ;
; b[0]       ; disp1[6]    ; 23.779 ; 23.779 ; 23.779 ; 23.779 ;
; b[0]       ; disp2[0]    ; 22.288 ; 22.288 ; 22.288 ; 22.288 ;
; b[0]       ; disp2[1]    ; 23.625 ; 23.625 ; 23.625 ; 23.625 ;
; b[0]       ; disp2[2]    ; 22.524 ; 22.524 ; 22.524 ; 22.524 ;
; b[0]       ; disp2[3]    ; 23.337 ; 23.337 ; 23.337 ; 23.337 ;
; b[0]       ; disp2[4]    ; 23.438 ; 23.438 ; 23.438 ; 23.438 ;
; b[0]       ; disp2[6]    ; 23.337 ; 23.337 ; 23.337 ; 23.337 ;
; b[0]       ; ov          ; 21.389 ; 21.389 ; 21.389 ; 21.389 ;
; b[0]       ; sign        ; 18.546 ; 18.546 ; 18.546 ; 18.546 ;
; b[1]       ; disp1[0]    ; 23.001 ; 23.001 ; 23.001 ; 23.001 ;
; b[1]       ; disp1[1]    ; 22.977 ; 22.977 ; 22.977 ; 22.977 ;
; b[1]       ; disp1[2]    ; 23.002 ; 23.002 ; 23.002 ; 23.002 ;
; b[1]       ; disp1[3]    ; 23.259 ; 23.259 ; 23.259 ; 23.259 ;
; b[1]       ; disp1[4]    ; 23.283 ; 23.283 ; 23.283 ; 23.283 ;
; b[1]       ; disp1[5]    ; 22.995 ; 22.995 ; 22.995 ; 22.995 ;
; b[1]       ; disp1[6]    ; 23.281 ; 23.281 ; 23.281 ; 23.281 ;
; b[1]       ; disp2[0]    ; 21.790 ; 21.790 ; 21.790 ; 21.790 ;
; b[1]       ; disp2[1]    ; 23.127 ; 23.127 ; 23.127 ; 23.127 ;
; b[1]       ; disp2[2]    ; 22.026 ; 22.026 ; 22.026 ; 22.026 ;
; b[1]       ; disp2[3]    ; 22.839 ; 22.839 ; 22.839 ; 22.839 ;
; b[1]       ; disp2[4]    ; 22.940 ; 22.940 ; 22.940 ; 22.940 ;
; b[1]       ; disp2[6]    ; 22.839 ; 22.839 ; 22.839 ; 22.839 ;
; b[1]       ; ov          ; 20.825 ; 20.825 ; 20.825 ; 20.825 ;
; b[1]       ; sign        ; 18.048 ; 18.048 ; 18.048 ; 18.048 ;
; b[2]       ; disp1[0]    ; 22.116 ; 22.116 ; 22.116 ; 22.116 ;
; b[2]       ; disp1[1]    ; 22.092 ; 22.092 ; 22.092 ; 22.092 ;
; b[2]       ; disp1[2]    ; 22.117 ; 22.117 ; 22.117 ; 22.117 ;
; b[2]       ; disp1[3]    ; 22.374 ; 22.374 ; 22.374 ; 22.374 ;
; b[2]       ; disp1[4]    ; 22.398 ; 22.398 ; 22.398 ; 22.398 ;
; b[2]       ; disp1[5]    ; 22.110 ; 22.110 ; 22.110 ; 22.110 ;
; b[2]       ; disp1[6]    ; 22.396 ; 22.396 ; 22.396 ; 22.396 ;
; b[2]       ; disp2[0]    ; 20.905 ; 20.905 ; 20.905 ; 20.905 ;
; b[2]       ; disp2[1]    ; 22.242 ; 22.242 ; 22.242 ; 22.242 ;
; b[2]       ; disp2[2]    ; 21.141 ; 21.141 ; 21.141 ; 21.141 ;
; b[2]       ; disp2[3]    ; 21.954 ; 21.954 ; 21.954 ; 21.954 ;
; b[2]       ; disp2[4]    ; 22.055 ; 22.055 ; 22.055 ; 22.055 ;
; b[2]       ; disp2[6]    ; 21.954 ; 21.954 ; 21.954 ; 21.954 ;
; b[2]       ; ov          ; 19.674 ; 19.674 ; 19.674 ; 19.674 ;
; b[2]       ; sign        ; 17.163 ; 17.163 ; 17.163 ; 17.163 ;
; b[3]       ; disp1[0]    ; 19.784 ; 19.784 ; 19.784 ; 19.784 ;
; b[3]       ; disp1[1]    ; 19.760 ; 19.760 ; 19.760 ; 19.760 ;
; b[3]       ; disp1[2]    ; 19.785 ; 19.785 ; 19.785 ; 19.785 ;
; b[3]       ; disp1[3]    ; 20.042 ; 20.042 ; 20.042 ; 20.042 ;
; b[3]       ; disp1[4]    ; 20.066 ; 20.066 ; 20.066 ; 20.066 ;
; b[3]       ; disp1[5]    ; 19.778 ; 19.778 ; 19.778 ; 19.778 ;
; b[3]       ; disp1[6]    ; 20.064 ; 20.064 ; 20.064 ; 20.064 ;
; b[3]       ; disp2[0]    ; 18.573 ; 18.573 ; 18.573 ; 18.573 ;
; b[3]       ; disp2[1]    ; 19.910 ; 19.910 ; 19.910 ; 19.910 ;
; b[3]       ; disp2[2]    ; 18.809 ; 18.809 ; 18.809 ; 18.809 ;
; b[3]       ; disp2[3]    ; 19.622 ; 19.622 ; 19.622 ; 19.622 ;
; b[3]       ; disp2[4]    ; 19.723 ; 19.723 ; 19.723 ; 19.723 ;
; b[3]       ; disp2[6]    ; 19.622 ; 19.622 ; 19.622 ; 19.622 ;
; b[3]       ; ov          ; 17.473 ; 17.473 ; 17.473 ; 17.473 ;
; b[3]       ; sign        ; 14.831 ; 14.831 ; 14.831 ; 14.831 ;
; b[4]       ; disp1[0]    ; 18.490 ; 18.490 ; 18.490 ; 18.490 ;
; b[4]       ; disp1[1]    ; 18.466 ; 18.466 ; 18.466 ; 18.466 ;
; b[4]       ; disp1[2]    ; 18.491 ; 18.491 ; 18.491 ; 18.491 ;
; b[4]       ; disp1[3]    ; 18.748 ; 18.748 ; 18.748 ; 18.748 ;
; b[4]       ; disp1[4]    ; 18.772 ; 18.772 ; 18.772 ; 18.772 ;
; b[4]       ; disp1[5]    ; 18.484 ; 18.484 ; 18.484 ; 18.484 ;
; b[4]       ; disp1[6]    ; 18.770 ; 18.770 ; 18.770 ; 18.770 ;
; b[4]       ; disp2[0]    ; 17.279 ; 17.279 ; 17.279 ; 17.279 ;
; b[4]       ; disp2[1]    ; 18.616 ; 18.616 ; 18.616 ; 18.616 ;
; b[4]       ; disp2[2]    ; 17.515 ; 17.515 ; 17.515 ; 17.515 ;
; b[4]       ; disp2[3]    ; 18.328 ; 18.328 ; 18.328 ; 18.328 ;
; b[4]       ; disp2[4]    ; 18.429 ; 18.429 ; 18.429 ; 18.429 ;
; b[4]       ; disp2[6]    ; 18.328 ; 18.328 ; 18.328 ; 18.328 ;
; b[4]       ; ov          ; 16.364 ; 16.364 ; 16.364 ; 16.364 ;
; b[4]       ; sign        ; 13.537 ; 13.537 ; 13.537 ; 13.537 ;
; sel[0]     ; disp1[0]    ; 16.664 ; 16.664 ; 16.664 ; 16.664 ;
; sel[0]     ; disp1[1]    ; 16.640 ; 16.640 ; 16.640 ; 16.640 ;
; sel[0]     ; disp1[2]    ; 16.665 ; 16.665 ; 16.665 ; 16.665 ;
; sel[0]     ; disp1[3]    ; 16.922 ; 16.922 ; 16.922 ; 16.922 ;
; sel[0]     ; disp1[4]    ; 16.946 ; 16.946 ; 16.946 ; 16.946 ;
; sel[0]     ; disp1[5]    ; 16.658 ; 16.658 ; 16.658 ; 16.658 ;
; sel[0]     ; disp1[6]    ; 16.944 ; 16.944 ; 16.944 ; 16.944 ;
; sel[0]     ; disp2[0]    ; 14.583 ; 14.583 ; 14.583 ; 14.583 ;
; sel[0]     ; disp2[1]    ; 15.920 ; 15.920 ; 15.920 ; 15.920 ;
; sel[0]     ; disp2[2]    ; 15.390 ; 15.390 ; 15.390 ; 15.390 ;
; sel[0]     ; disp2[3]    ; 15.641 ; 15.641 ; 15.641 ; 15.641 ;
; sel[0]     ; disp2[4]    ; 15.868 ; 15.868 ; 15.868 ; 15.868 ;
; sel[0]     ; disp2[6]    ; 15.641 ; 15.641 ; 15.641 ; 15.641 ;
; sel[0]     ; sign        ; 10.396 ; 10.396 ; 10.396 ; 10.396 ;
; sel[1]     ; disp1[0]    ; 16.886 ; 16.886 ; 16.886 ; 16.886 ;
; sel[1]     ; disp1[1]    ; 16.862 ; 16.862 ; 16.862 ; 16.862 ;
; sel[1]     ; disp1[2]    ; 16.887 ; 16.887 ; 16.887 ; 16.887 ;
; sel[1]     ; disp1[3]    ; 17.144 ; 17.144 ; 17.144 ; 17.144 ;
; sel[1]     ; disp1[4]    ; 17.168 ; 17.168 ; 17.168 ; 17.168 ;
; sel[1]     ; disp1[5]    ; 16.880 ; 16.880 ; 16.880 ; 16.880 ;
; sel[1]     ; disp1[6]    ; 17.166 ; 17.166 ; 17.166 ; 17.166 ;
; sel[1]     ; disp2[0]    ; 14.805 ; 14.805 ; 14.805 ; 14.805 ;
; sel[1]     ; disp2[1]    ; 16.142 ; 16.142 ; 16.142 ; 16.142 ;
; sel[1]     ; disp2[2]    ; 15.612 ; 15.612 ; 15.612 ; 15.612 ;
; sel[1]     ; disp2[3]    ; 15.863 ; 15.863 ; 15.863 ; 15.863 ;
; sel[1]     ; disp2[4]    ; 16.090 ; 16.090 ; 16.090 ; 16.090 ;
; sel[1]     ; disp2[6]    ; 15.863 ; 15.863 ; 15.863 ; 15.863 ;
; sel[1]     ; sign        ; 10.618 ; 10.618 ; 10.618 ; 10.618 ;
; sel[2]     ; disp1[0]    ; 20.173 ; 20.173 ; 20.173 ; 20.173 ;
; sel[2]     ; disp1[1]    ; 20.149 ; 20.149 ; 20.149 ; 20.149 ;
; sel[2]     ; disp1[2]    ; 20.174 ; 20.174 ; 20.174 ; 20.174 ;
; sel[2]     ; disp1[3]    ; 20.431 ; 20.431 ; 20.431 ; 20.431 ;
; sel[2]     ; disp1[4]    ; 20.455 ; 20.455 ; 20.455 ; 20.455 ;
; sel[2]     ; disp1[5]    ; 20.167 ; 20.167 ; 20.167 ; 20.167 ;
; sel[2]     ; disp1[6]    ; 20.453 ; 20.453 ; 20.453 ; 20.453 ;
; sel[2]     ; disp2[0]    ; 18.092 ; 18.092 ; 18.092 ; 18.092 ;
; sel[2]     ; disp2[1]    ; 19.429 ; 19.429 ; 19.429 ; 19.429 ;
; sel[2]     ; disp2[2]    ; 18.899 ; 18.899 ; 18.899 ; 18.899 ;
; sel[2]     ; disp2[3]    ; 19.150 ; 19.150 ; 19.150 ; 19.150 ;
; sel[2]     ; disp2[4]    ; 19.377 ; 19.377 ; 19.377 ; 19.377 ;
; sel[2]     ; disp2[6]    ; 19.150 ; 19.150 ; 19.150 ; 19.150 ;
; sel[2]     ; sign        ; 13.905 ; 13.905 ; 13.905 ; 13.905 ;
+------------+-------------+--------+--------+--------+--------+


+--------------------------------------------------------------+
; Minimum Propagation Delay                                    ;
+------------+-------------+--------+--------+--------+--------+
; Input Port ; Output Port ; RR     ; RF     ; FR     ; FF     ;
+------------+-------------+--------+--------+--------+--------+
; a[0]       ; disp1[0]    ; 13.576 ; 13.576 ; 13.576 ; 13.576 ;
; a[0]       ; disp1[1]    ; 13.570 ; 13.570 ; 13.570 ; 13.570 ;
; a[0]       ; disp1[2]    ; 13.538 ; 13.538 ; 13.538 ; 13.538 ;
; a[0]       ; disp1[3]    ; 13.833 ; 13.833 ; 13.833 ; 13.833 ;
; a[0]       ; disp1[4]    ; 13.853 ; 13.853 ; 13.853 ; 13.853 ;
; a[0]       ; disp1[5]    ; 13.565 ; 13.565 ; 13.565 ; 13.565 ;
; a[0]       ; disp1[6]    ; 13.878 ; 13.878 ; 13.878 ; 13.878 ;
; a[0]       ; disp2[0]    ; 14.882 ; 14.882 ; 14.882 ; 14.882 ;
; a[0]       ; disp2[1]    ; 15.356 ; 15.356 ; 15.356 ; 15.356 ;
; a[0]       ; disp2[2]    ; 15.367 ; 15.367 ; 15.367 ; 15.367 ;
; a[0]       ; disp2[3]    ; 15.848 ; 15.848 ; 15.848 ; 15.848 ;
; a[0]       ; disp2[4]    ; 15.573 ; 15.573 ; 15.573 ; 15.573 ;
; a[0]       ; disp2[6]    ; 15.848 ; 15.848 ; 15.848 ; 15.848 ;
; a[0]       ; ov          ; 13.209 ; 13.209 ; 13.209 ; 13.209 ;
; a[0]       ; sign        ; 13.761 ; 13.761 ; 13.761 ; 13.761 ;
; a[1]       ; disp1[0]    ; 15.027 ; 15.027 ; 15.027 ; 15.027 ;
; a[1]       ; disp1[1]    ; 15.002 ; 15.002 ; 15.002 ; 15.002 ;
; a[1]       ; disp1[2]    ; 15.028 ; 15.028 ; 15.028 ; 15.028 ;
; a[1]       ; disp1[3]    ; 15.286 ; 15.286 ; 15.286 ; 15.286 ;
; a[1]       ; disp1[4]    ; 15.311 ; 15.311 ; 15.311 ; 15.311 ;
; a[1]       ; disp1[5]    ; 15.021 ; 15.021 ; 15.021 ; 15.021 ;
; a[1]       ; disp1[6]    ; 15.311 ; 15.311 ; 15.311 ; 15.311 ;
; a[1]       ; disp2[0]    ; 15.144 ; 15.144 ; 15.144 ; 15.144 ;
; a[1]       ; disp2[1]    ; 15.319 ; 15.319 ; 15.319 ; 15.319 ;
; a[1]       ; disp2[2]    ; 15.329 ; 15.329 ; 15.329 ; 15.329 ;
; a[1]       ; disp2[3]    ; 15.703 ; 15.703 ; 15.703 ; 15.703 ;
; a[1]       ; disp2[4]    ; 15.807 ; 15.807 ; 15.807 ; 15.807 ;
; a[1]       ; disp2[6]    ; 15.703 ; 15.703 ; 15.703 ; 15.703 ;
; a[1]       ; ov          ; 13.244 ; 13.244 ; 13.244 ; 13.244 ;
; a[1]       ; sign        ; 14.790 ; 14.790 ; 14.790 ; 14.790 ;
; a[2]       ; disp1[0]    ; 16.541 ; 16.541 ; 16.541 ; 16.541 ;
; a[2]       ; disp1[1]    ; 16.517 ; 16.517 ; 16.517 ; 16.517 ;
; a[2]       ; disp1[2]    ; 16.542 ; 16.542 ; 16.542 ; 16.542 ;
; a[2]       ; disp1[3]    ; 16.799 ; 16.799 ; 16.799 ; 16.799 ;
; a[2]       ; disp1[4]    ; 16.823 ; 16.823 ; 16.823 ; 16.823 ;
; a[2]       ; disp1[5]    ; 16.535 ; 16.535 ; 16.535 ; 16.535 ;
; a[2]       ; disp1[6]    ; 16.821 ; 16.821 ; 16.821 ; 16.821 ;
; a[2]       ; disp2[0]    ; 15.913 ; 15.913 ; 15.913 ; 15.913 ;
; a[2]       ; disp2[1]    ; 16.444 ; 16.444 ; 16.444 ; 16.444 ;
; a[2]       ; disp2[2]    ; 16.455 ; 16.455 ; 16.455 ; 16.455 ;
; a[2]       ; disp2[3]    ; 16.936 ; 16.936 ; 16.936 ; 16.936 ;
; a[2]       ; disp2[4]    ; 16.261 ; 16.261 ; 16.261 ; 16.261 ;
; a[2]       ; disp2[6]    ; 16.936 ; 16.936 ; 16.936 ; 16.936 ;
; a[2]       ; ov          ; 13.101 ; 13.101 ; 13.101 ; 13.101 ;
; a[2]       ; sign        ; 14.849 ; 14.849 ; 14.849 ; 14.849 ;
; a[3]       ; disp1[0]    ; 15.677 ; 15.677 ; 15.677 ; 15.677 ;
; a[3]       ; disp1[1]    ; 15.671 ; 15.671 ; 15.671 ; 15.671 ;
; a[3]       ; disp1[2]    ; 15.684 ; 15.684 ; 15.684 ; 15.684 ;
; a[3]       ; disp1[3]    ; 15.941 ; 15.941 ; 15.941 ; 15.941 ;
; a[3]       ; disp1[4]    ; 15.965 ; 15.965 ; 15.965 ; 15.965 ;
; a[3]       ; disp1[5]    ; 15.676 ; 15.676 ; 15.676 ; 15.676 ;
; a[3]       ; disp1[6]    ; 15.975 ; 15.975 ; 15.975 ; 15.975 ;
; a[3]       ; disp2[0]    ; 14.789 ; 14.789 ; 14.789 ; 14.789 ;
; a[3]       ; disp2[1]    ; 15.261 ; 15.261 ; 15.261 ; 15.261 ;
; a[3]       ; disp2[2]    ; 15.272 ; 15.272 ; 15.272 ; 15.272 ;
; a[3]       ; disp2[3]    ; 15.753 ; 15.753 ; 15.753 ; 15.753 ;
; a[3]       ; disp2[4]    ; 15.338 ; 15.338 ; 15.338 ; 15.338 ;
; a[3]       ; disp2[6]    ; 15.753 ; 15.753 ; 15.753 ; 15.753 ;
; a[3]       ; ov          ; 11.918 ; 11.918 ; 11.918 ; 11.918 ;
; a[3]       ; sign        ; 13.666 ; 13.666 ; 13.666 ; 13.666 ;
; a[4]       ; disp1[0]    ; 15.433 ; 15.433 ; 15.433 ; 15.433 ;
; a[4]       ; disp1[1]    ; 15.408 ; 15.408 ; 15.408 ; 15.408 ;
; a[4]       ; disp1[2]    ; 15.434 ; 15.434 ; 15.434 ; 15.434 ;
; a[4]       ; disp1[3]    ; 15.692 ; 15.692 ; 15.692 ; 15.692 ;
; a[4]       ; disp1[4]    ; 15.717 ; 15.717 ; 15.717 ; 15.717 ;
; a[4]       ; disp1[5]    ; 15.427 ; 15.427 ; 15.427 ; 15.427 ;
; a[4]       ; disp1[6]    ; 15.717 ; 15.717 ; 15.717 ; 15.717 ;
; a[4]       ; disp2[0]    ; 14.183 ; 14.183 ; 14.183 ; 14.183 ;
; a[4]       ; disp2[1]    ; 14.655 ; 14.655 ; 14.655 ; 14.655 ;
; a[4]       ; disp2[2]    ; 14.666 ; 14.666 ; 14.666 ; 14.666 ;
; a[4]       ; disp2[3]    ; 15.147 ; 15.147 ; 15.147 ; 15.147 ;
; a[4]       ; disp2[4]    ; 14.872 ; 14.872 ; 14.872 ; 14.872 ;
; a[4]       ; disp2[6]    ; 15.147 ; 15.147 ; 15.147 ; 15.147 ;
; a[4]       ; ov          ; 12.529 ; 12.529 ; 12.529 ; 12.529 ;
; a[4]       ; sign        ; 13.060 ; 13.060 ; 13.060 ; 13.060 ;
; b[0]       ; disp1[0]    ; 14.193 ; 14.273 ; 14.273 ; 14.193 ;
; b[0]       ; disp1[1]    ; 14.187 ; 14.267 ; 14.267 ; 14.187 ;
; b[0]       ; disp1[2]    ; 14.155 ; 14.235 ; 14.235 ; 14.155 ;
; b[0]       ; disp1[3]    ; 14.450 ; 14.450 ; 14.450 ; 14.450 ;
; b[0]       ; disp1[4]    ; 14.550 ; 14.470 ; 14.470 ; 14.550 ;
; b[0]       ; disp1[5]    ; 14.182 ; 14.182 ; 14.182 ; 14.182 ;
; b[0]       ; disp1[6]    ; 14.495 ; 14.495 ; 14.495 ; 14.495 ;
; b[0]       ; disp2[0]    ; 15.995 ; 15.995 ; 15.995 ; 15.995 ;
; b[0]       ; disp2[1]    ; 16.276 ; 16.276 ; 16.276 ; 16.276 ;
; b[0]       ; disp2[2]    ; 16.287 ; 16.287 ; 16.287 ; 16.287 ;
; b[0]       ; disp2[3]    ; 16.771 ; 16.771 ; 16.771 ; 16.771 ;
; b[0]       ; disp2[4]    ; 16.218 ; 16.218 ; 16.218 ; 16.218 ;
; b[0]       ; disp2[6]    ; 16.771 ; 16.771 ; 16.771 ; 16.771 ;
; b[0]       ; ov          ; 14.658 ; 14.658 ; 14.658 ; 14.658 ;
; b[0]       ; sign        ; 16.679 ; 16.679 ; 16.679 ; 16.679 ;
; b[1]       ; disp1[0]    ; 15.061 ; 15.061 ; 15.061 ; 15.061 ;
; b[1]       ; disp1[1]    ; 15.036 ; 15.036 ; 15.036 ; 15.036 ;
; b[1]       ; disp1[2]    ; 15.062 ; 15.062 ; 15.062 ; 15.062 ;
; b[1]       ; disp1[3]    ; 15.320 ; 15.320 ; 15.320 ; 15.320 ;
; b[1]       ; disp1[4]    ; 15.345 ; 15.345 ; 15.345 ; 15.345 ;
; b[1]       ; disp1[5]    ; 15.055 ; 15.055 ; 15.055 ; 15.055 ;
; b[1]       ; disp1[6]    ; 15.345 ; 15.345 ; 15.345 ; 15.345 ;
; b[1]       ; disp2[0]    ; 15.178 ; 15.178 ; 15.178 ; 15.178 ;
; b[1]       ; disp2[1]    ; 15.353 ; 15.353 ; 15.353 ; 15.353 ;
; b[1]       ; disp2[2]    ; 15.363 ; 15.363 ; 15.363 ; 15.363 ;
; b[1]       ; disp2[3]    ; 15.737 ; 15.737 ; 15.737 ; 15.737 ;
; b[1]       ; disp2[4]    ; 15.841 ; 15.841 ; 15.841 ; 15.841 ;
; b[1]       ; disp2[6]    ; 15.737 ; 15.737 ; 15.737 ; 15.737 ;
; b[1]       ; ov          ; 13.439 ; 13.439 ; 13.439 ; 13.439 ;
; b[1]       ; sign        ; 15.187 ; 15.187 ; 15.187 ; 15.187 ;
; b[2]       ; disp1[0]    ; 16.450 ; 16.450 ; 16.450 ; 16.450 ;
; b[2]       ; disp1[1]    ; 16.426 ; 16.426 ; 16.426 ; 16.426 ;
; b[2]       ; disp1[2]    ; 16.451 ; 16.451 ; 16.451 ; 16.451 ;
; b[2]       ; disp1[3]    ; 16.708 ; 16.708 ; 16.708 ; 16.708 ;
; b[2]       ; disp1[4]    ; 16.732 ; 16.732 ; 16.732 ; 16.732 ;
; b[2]       ; disp1[5]    ; 16.444 ; 16.444 ; 16.444 ; 16.444 ;
; b[2]       ; disp1[6]    ; 16.730 ; 16.730 ; 16.730 ; 16.730 ;
; b[2]       ; disp2[0]    ; 15.822 ; 15.822 ; 15.822 ; 15.822 ;
; b[2]       ; disp2[1]    ; 16.543 ; 16.543 ; 16.543 ; 16.543 ;
; b[2]       ; disp2[2]    ; 16.554 ; 16.554 ; 16.554 ; 16.554 ;
; b[2]       ; disp2[3]    ; 16.871 ; 16.871 ; 16.871 ; 16.871 ;
; b[2]       ; disp2[4]    ; 16.603 ; 16.603 ; 16.603 ; 16.603 ;
; b[2]       ; disp2[6]    ; 16.871 ; 16.871 ; 16.871 ; 16.871 ;
; b[2]       ; ov          ; 13.447 ; 13.447 ; 13.447 ; 13.447 ;
; b[2]       ; sign        ; 15.195 ; 15.195 ; 15.195 ; 15.195 ;
; b[3]       ; disp1[0]    ; 15.907 ; 15.907 ; 15.907 ; 15.907 ;
; b[3]       ; disp1[1]    ; 15.901 ; 15.901 ; 15.901 ; 15.901 ;
; b[3]       ; disp1[2]    ; 15.914 ; 15.914 ; 15.914 ; 15.914 ;
; b[3]       ; disp1[3]    ; 16.171 ; 16.171 ; 16.171 ; 16.171 ;
; b[3]       ; disp1[4]    ; 16.195 ; 16.195 ; 16.195 ; 16.195 ;
; b[3]       ; disp1[5]    ; 15.906 ; 15.906 ; 15.906 ; 15.906 ;
; b[3]       ; disp1[6]    ; 16.205 ; 16.205 ; 16.205 ; 16.205 ;
; b[3]       ; disp2[0]    ; 15.111 ; 15.111 ; 15.111 ; 15.111 ;
; b[3]       ; disp2[1]    ; 15.583 ; 15.583 ; 15.583 ; 15.583 ;
; b[3]       ; disp2[2]    ; 15.594 ; 15.594 ; 15.594 ; 15.594 ;
; b[3]       ; disp2[3]    ; 16.075 ; 16.075 ; 16.075 ; 16.075 ;
; b[3]       ; disp2[4]    ; 15.568 ; 15.568 ; 15.568 ; 15.568 ;
; b[3]       ; disp2[6]    ; 16.075 ; 16.075 ; 16.075 ; 16.075 ;
; b[3]       ; ov          ; 12.240 ; 12.240 ; 12.240 ; 12.240 ;
; b[3]       ; sign        ; 13.988 ; 13.988 ; 13.988 ; 13.988 ;
; b[4]       ; disp1[0]    ; 15.610 ; 15.610 ; 15.610 ; 15.610 ;
; b[4]       ; disp1[1]    ; 15.585 ; 15.585 ; 15.585 ; 15.585 ;
; b[4]       ; disp1[2]    ; 15.611 ; 15.611 ; 15.611 ; 15.611 ;
; b[4]       ; disp1[3]    ; 15.869 ; 15.869 ; 15.869 ; 15.869 ;
; b[4]       ; disp1[4]    ; 15.894 ; 15.894 ; 15.894 ; 15.894 ;
; b[4]       ; disp1[5]    ; 15.604 ; 15.604 ; 15.604 ; 15.604 ;
; b[4]       ; disp1[6]    ; 15.894 ; 15.894 ; 15.894 ; 15.894 ;
; b[4]       ; disp2[0]    ; 14.360 ; 14.360 ; 14.360 ; 14.360 ;
; b[4]       ; disp2[1]    ; 14.832 ; 14.832 ; 14.832 ; 14.832 ;
; b[4]       ; disp2[2]    ; 14.843 ; 14.843 ; 14.843 ; 14.843 ;
; b[4]       ; disp2[3]    ; 15.324 ; 15.324 ; 15.324 ; 15.324 ;
; b[4]       ; disp2[4]    ; 15.049 ; 15.049 ; 15.049 ; 15.049 ;
; b[4]       ; disp2[6]    ; 15.324 ; 15.324 ; 15.324 ; 15.324 ;
; b[4]       ; ov          ; 12.948 ; 12.948 ; 12.948 ; 12.948 ;
; b[4]       ; sign        ; 13.237 ; 13.237 ; 13.237 ; 13.237 ;
; sel[0]     ; disp1[0]    ; 11.337 ; 11.235 ; 11.235 ; 11.337 ;
; sel[0]     ; disp1[1]    ; 11.312 ; 11.229 ; 11.229 ; 11.312 ;
; sel[0]     ; disp1[2]    ; 11.338 ; 11.197 ; 11.197 ; 11.338 ;
; sel[0]     ; disp1[3]    ; 11.492 ; 11.492 ; 11.492 ; 11.492 ;
; sel[0]     ; disp1[4]    ; 11.512 ; 11.621 ; 11.621 ; 11.512 ;
; sel[0]     ; disp1[5]    ; 11.224 ; 11.224 ; 11.224 ; 11.224 ;
; sel[0]     ; disp1[6]    ; 11.537 ; 11.537 ; 11.537 ; 11.537 ;
; sel[0]     ; disp2[0]    ; 10.117 ; 10.117 ; 10.117 ; 10.117 ;
; sel[0]     ; disp2[1]    ; 10.559 ; 10.559 ; 10.559 ; 10.559 ;
; sel[0]     ; disp2[2]    ; 10.570 ; 10.570 ; 10.570 ; 10.570 ;
; sel[0]     ; disp2[3]    ; 11.051 ; 11.051 ; 11.051 ; 11.051 ;
; sel[0]     ; disp2[4]    ; 10.776 ; 10.776 ; 10.776 ; 10.776 ;
; sel[0]     ; disp2[6]    ; 11.051 ; 11.051 ; 11.051 ; 11.051 ;
; sel[0]     ; sign        ; 8.964  ; 8.964  ; 8.964  ; 8.964  ;
; sel[1]     ; disp1[0]    ; 10.503 ; 11.117 ; 11.117 ; 10.503 ;
; sel[1]     ; disp1[1]    ; 10.497 ; 11.111 ; 11.111 ; 10.497 ;
; sel[1]     ; disp1[2]    ; 10.465 ; 11.079 ; 11.079 ; 10.465 ;
; sel[1]     ; disp1[3]    ; 10.760 ; 10.760 ; 10.760 ; 10.760 ;
; sel[1]     ; disp1[4]    ; 11.394 ; 10.780 ; 10.780 ; 11.394 ;
; sel[1]     ; disp1[5]    ; 10.492 ; 10.492 ; 10.492 ; 10.492 ;
; sel[1]     ; disp1[6]    ; 10.805 ; 10.805 ; 10.805 ; 10.805 ;
; sel[1]     ; disp2[0]    ; 10.342 ; 10.342 ; 10.342 ; 10.342 ;
; sel[1]     ; disp2[1]    ; 10.784 ; 10.784 ; 10.784 ; 10.784 ;
; sel[1]     ; disp2[2]    ; 10.795 ; 10.795 ; 10.795 ; 10.795 ;
; sel[1]     ; disp2[3]    ; 11.276 ; 11.276 ; 11.276 ; 11.276 ;
; sel[1]     ; disp2[4]    ; 11.001 ; 11.001 ; 11.001 ; 11.001 ;
; sel[1]     ; disp2[6]    ; 11.276 ; 11.276 ; 11.276 ; 11.276 ;
; sel[1]     ; sign        ; 9.189  ; 9.189  ; 9.189  ; 9.189  ;
; sel[2]     ; disp1[0]    ; 13.374 ; 12.887 ; 12.887 ; 13.374 ;
; sel[2]     ; disp1[1]    ; 13.495 ; 12.881 ; 12.881 ; 13.495 ;
; sel[2]     ; disp1[2]    ; 13.375 ; 12.849 ; 12.849 ; 13.375 ;
; sel[2]     ; disp1[3]    ; 13.144 ; 13.144 ; 13.144 ; 13.144 ;
; sel[2]     ; disp1[4]    ; 13.164 ; 13.658 ; 13.658 ; 13.164 ;
; sel[2]     ; disp1[5]    ; 12.876 ; 12.876 ; 12.876 ; 12.876 ;
; sel[2]     ; disp1[6]    ; 13.189 ; 13.189 ; 13.189 ; 13.189 ;
; sel[2]     ; disp2[0]    ; 13.491 ; 13.625 ; 13.625 ; 13.491 ;
; sel[2]     ; disp2[1]    ; 14.067 ; 13.666 ; 13.666 ; 14.067 ;
; sel[2]     ; disp2[2]    ; 14.078 ; 13.676 ; 13.676 ; 14.078 ;
; sel[2]     ; disp2[3]    ; 14.540 ; 14.050 ; 14.050 ; 14.540 ;
; sel[2]     ; disp2[4]    ; 14.154 ; 14.203 ; 14.203 ; 14.154 ;
; sel[2]     ; disp2[6]    ; 14.540 ; 14.050 ; 14.050 ; 14.540 ;
; sel[2]     ; sign        ; 12.472 ; 12.472 ; 12.472 ; 12.472 ;
+------------+-------------+--------+--------+--------+--------+


----------------------------
; Fast Model Setup Summary ;
----------------------------
No paths to report.


---------------------------
; Fast Model Hold Summary ;
---------------------------
No paths to report.


-------------------------------
; Fast Model Recovery Summary ;
-------------------------------
No paths to report.


------------------------------
; Fast Model Removal Summary ;
------------------------------
No paths to report.


------------------------------------------
; Fast Model Minimum Pulse Width Summary ;
------------------------------------------
No paths to report.


+--------------------------------------------------------------+
; Propagation Delay                                            ;
+------------+-------------+--------+--------+--------+--------+
; Input Port ; Output Port ; RR     ; RF     ; FR     ; FF     ;
+------------+-------------+--------+--------+--------+--------+
; a[0]       ; disp1[0]    ; 9.787  ; 9.787  ; 9.787  ; 9.787  ;
; a[0]       ; disp1[1]    ; 9.768  ; 9.768  ; 9.768  ; 9.768  ;
; a[0]       ; disp1[2]    ; 9.789  ; 9.789  ; 9.789  ; 9.789  ;
; a[0]       ; disp1[3]    ; 9.875  ; 9.875  ; 9.875  ; 9.875  ;
; a[0]       ; disp1[4]    ; 9.899  ; 9.899  ; 9.899  ; 9.899  ;
; a[0]       ; disp1[5]    ; 9.781  ; 9.781  ; 9.781  ; 9.781  ;
; a[0]       ; disp1[6]    ; 9.902  ; 9.902  ; 9.902  ; 9.902  ;
; a[0]       ; disp2[0]    ; 9.406  ; 9.406  ; 9.406  ; 9.406  ;
; a[0]       ; disp2[1]    ; 9.877  ; 9.877  ; 9.877  ; 9.877  ;
; a[0]       ; disp2[2]    ; 9.484  ; 9.484  ; 9.484  ; 9.484  ;
; a[0]       ; disp2[3]    ; 9.788  ; 9.788  ; 9.788  ; 9.788  ;
; a[0]       ; disp2[4]    ; 9.846  ; 9.846  ; 9.846  ; 9.846  ;
; a[0]       ; disp2[6]    ; 9.788  ; 9.788  ; 9.788  ; 9.788  ;
; a[0]       ; ov          ; 8.932  ; 8.932  ; 8.932  ; 8.932  ;
; a[0]       ; sign        ; 8.005  ; 8.005  ; 8.005  ; 8.005  ;
; a[1]       ; disp1[0]    ; 9.908  ; 9.908  ; 9.908  ; 9.908  ;
; a[1]       ; disp1[1]    ; 9.889  ; 9.889  ; 9.889  ; 9.889  ;
; a[1]       ; disp1[2]    ; 9.910  ; 9.910  ; 9.910  ; 9.910  ;
; a[1]       ; disp1[3]    ; 9.996  ; 9.996  ; 9.996  ; 9.996  ;
; a[1]       ; disp1[4]    ; 10.020 ; 10.020 ; 10.020 ; 10.020 ;
; a[1]       ; disp1[5]    ; 9.902  ; 9.902  ; 9.902  ; 9.902  ;
; a[1]       ; disp1[6]    ; 10.023 ; 10.023 ; 10.023 ; 10.023 ;
; a[1]       ; disp2[0]    ; 9.527  ; 9.527  ; 9.527  ; 9.527  ;
; a[1]       ; disp2[1]    ; 9.998  ; 9.998  ; 9.998  ; 9.998  ;
; a[1]       ; disp2[2]    ; 9.605  ; 9.605  ; 9.605  ; 9.605  ;
; a[1]       ; disp2[3]    ; 9.909  ; 9.909  ; 9.909  ; 9.909  ;
; a[1]       ; disp2[4]    ; 9.967  ; 9.967  ; 9.967  ; 9.967  ;
; a[1]       ; disp2[6]    ; 9.909  ; 9.909  ; 9.909  ; 9.909  ;
; a[1]       ; ov          ; 9.053  ; 9.053  ; 9.053  ; 9.053  ;
; a[1]       ; sign        ; 8.126  ; 8.126  ; 8.126  ; 8.126  ;
; a[2]       ; disp1[0]    ; 9.889  ; 9.889  ; 9.889  ; 9.889  ;
; a[2]       ; disp1[1]    ; 9.870  ; 9.870  ; 9.870  ; 9.870  ;
; a[2]       ; disp1[2]    ; 9.891  ; 9.891  ; 9.891  ; 9.891  ;
; a[2]       ; disp1[3]    ; 9.977  ; 9.977  ; 9.977  ; 9.977  ;
; a[2]       ; disp1[4]    ; 10.001 ; 10.001 ; 10.001 ; 10.001 ;
; a[2]       ; disp1[5]    ; 9.883  ; 9.883  ; 9.883  ; 9.883  ;
; a[2]       ; disp1[6]    ; 10.004 ; 10.004 ; 10.004 ; 10.004 ;
; a[2]       ; disp2[0]    ; 9.508  ; 9.508  ; 9.508  ; 9.508  ;
; a[2]       ; disp2[1]    ; 9.979  ; 9.979  ; 9.979  ; 9.979  ;
; a[2]       ; disp2[2]    ; 9.586  ; 9.586  ; 9.586  ; 9.586  ;
; a[2]       ; disp2[3]    ; 9.890  ; 9.890  ; 9.890  ; 9.890  ;
; a[2]       ; disp2[4]    ; 9.948  ; 9.948  ; 9.948  ; 9.948  ;
; a[2]       ; disp2[6]    ; 9.890  ; 9.890  ; 9.890  ; 9.890  ;
; a[2]       ; ov          ; 9.034  ; 9.034  ; 9.034  ; 9.034  ;
; a[2]       ; sign        ; 8.107  ; 8.107  ; 8.107  ; 8.107  ;
; a[3]       ; disp1[0]    ; 9.691  ; 9.691  ; 9.691  ; 9.691  ;
; a[3]       ; disp1[1]    ; 9.672  ; 9.672  ; 9.672  ; 9.672  ;
; a[3]       ; disp1[2]    ; 9.693  ; 9.693  ; 9.693  ; 9.693  ;
; a[3]       ; disp1[3]    ; 9.779  ; 9.779  ; 9.779  ; 9.779  ;
; a[3]       ; disp1[4]    ; 9.803  ; 9.803  ; 9.803  ; 9.803  ;
; a[3]       ; disp1[5]    ; 9.685  ; 9.685  ; 9.685  ; 9.685  ;
; a[3]       ; disp1[6]    ; 9.806  ; 9.806  ; 9.806  ; 9.806  ;
; a[3]       ; disp2[0]    ; 9.310  ; 9.310  ; 9.310  ; 9.310  ;
; a[3]       ; disp2[1]    ; 9.781  ; 9.781  ; 9.781  ; 9.781  ;
; a[3]       ; disp2[2]    ; 9.388  ; 9.388  ; 9.388  ; 9.388  ;
; a[3]       ; disp2[3]    ; 9.692  ; 9.692  ; 9.692  ; 9.692  ;
; a[3]       ; disp2[4]    ; 9.750  ; 9.750  ; 9.750  ; 9.750  ;
; a[3]       ; disp2[6]    ; 9.692  ; 9.692  ; 9.692  ; 9.692  ;
; a[3]       ; ov          ; 8.936  ; 8.936  ; 8.936  ; 8.936  ;
; a[3]       ; sign        ; 7.909  ; 7.909  ; 7.909  ; 7.909  ;
; a[4]       ; disp1[0]    ; 9.577  ; 9.577  ; 9.577  ; 9.577  ;
; a[4]       ; disp1[1]    ; 9.558  ; 9.558  ; 9.558  ; 9.558  ;
; a[4]       ; disp1[2]    ; 9.579  ; 9.579  ; 9.579  ; 9.579  ;
; a[4]       ; disp1[3]    ; 9.665  ; 9.665  ; 9.665  ; 9.665  ;
; a[4]       ; disp1[4]    ; 9.689  ; 9.689  ; 9.689  ; 9.689  ;
; a[4]       ; disp1[5]    ; 9.571  ; 9.571  ; 9.571  ; 9.571  ;
; a[4]       ; disp1[6]    ; 9.692  ; 9.692  ; 9.692  ; 9.692  ;
; a[4]       ; disp2[0]    ; 9.196  ; 9.196  ; 9.196  ; 9.196  ;
; a[4]       ; disp2[1]    ; 9.667  ; 9.667  ; 9.667  ; 9.667  ;
; a[4]       ; disp2[2]    ; 9.274  ; 9.274  ; 9.274  ; 9.274  ;
; a[4]       ; disp2[3]    ; 9.578  ; 9.578  ; 9.578  ; 9.578  ;
; a[4]       ; disp2[4]    ; 9.636  ; 9.636  ; 9.636  ; 9.636  ;
; a[4]       ; disp2[6]    ; 9.578  ; 9.578  ; 9.578  ; 9.578  ;
; a[4]       ; ov          ; 8.822  ; 8.822  ; 8.822  ; 8.822  ;
; a[4]       ; sign        ; 7.795  ; 7.795  ; 7.795  ; 7.795  ;
; b[0]       ; disp1[0]    ; 10.009 ; 10.009 ; 10.009 ; 10.009 ;
; b[0]       ; disp1[1]    ; 9.990  ; 9.990  ; 9.990  ; 9.990  ;
; b[0]       ; disp1[2]    ; 10.011 ; 10.011 ; 10.011 ; 10.011 ;
; b[0]       ; disp1[3]    ; 10.097 ; 10.097 ; 10.097 ; 10.097 ;
; b[0]       ; disp1[4]    ; 10.121 ; 10.121 ; 10.121 ; 10.121 ;
; b[0]       ; disp1[5]    ; 10.003 ; 10.003 ; 10.003 ; 10.003 ;
; b[0]       ; disp1[6]    ; 10.124 ; 10.124 ; 10.124 ; 10.124 ;
; b[0]       ; disp2[0]    ; 9.628  ; 9.628  ; 9.628  ; 9.628  ;
; b[0]       ; disp2[1]    ; 10.099 ; 10.099 ; 10.099 ; 10.099 ;
; b[0]       ; disp2[2]    ; 9.706  ; 9.706  ; 9.706  ; 9.706  ;
; b[0]       ; disp2[3]    ; 10.010 ; 10.010 ; 10.010 ; 10.010 ;
; b[0]       ; disp2[4]    ; 10.068 ; 10.068 ; 10.068 ; 10.068 ;
; b[0]       ; disp2[6]    ; 10.010 ; 10.010 ; 10.010 ; 10.010 ;
; b[0]       ; ov          ; 9.154  ; 9.154  ; 9.154  ; 9.154  ;
; b[0]       ; sign        ; 8.227  ; 8.227  ; 8.227  ; 8.227  ;
; b[1]       ; disp1[0]    ; 9.848  ; 9.848  ; 9.848  ; 9.848  ;
; b[1]       ; disp1[1]    ; 9.829  ; 9.829  ; 9.829  ; 9.829  ;
; b[1]       ; disp1[2]    ; 9.850  ; 9.850  ; 9.850  ; 9.850  ;
; b[1]       ; disp1[3]    ; 9.936  ; 9.936  ; 9.936  ; 9.936  ;
; b[1]       ; disp1[4]    ; 9.960  ; 9.960  ; 9.960  ; 9.960  ;
; b[1]       ; disp1[5]    ; 9.842  ; 9.842  ; 9.842  ; 9.842  ;
; b[1]       ; disp1[6]    ; 9.963  ; 9.963  ; 9.963  ; 9.963  ;
; b[1]       ; disp2[0]    ; 9.467  ; 9.467  ; 9.467  ; 9.467  ;
; b[1]       ; disp2[1]    ; 9.938  ; 9.938  ; 9.938  ; 9.938  ;
; b[1]       ; disp2[2]    ; 9.545  ; 9.545  ; 9.545  ; 9.545  ;
; b[1]       ; disp2[3]    ; 9.849  ; 9.849  ; 9.849  ; 9.849  ;
; b[1]       ; disp2[4]    ; 9.907  ; 9.907  ; 9.907  ; 9.907  ;
; b[1]       ; disp2[6]    ; 9.849  ; 9.849  ; 9.849  ; 9.849  ;
; b[1]       ; ov          ; 8.993  ; 8.993  ; 8.993  ; 8.993  ;
; b[1]       ; sign        ; 8.066  ; 8.066  ; 8.066  ; 8.066  ;
; b[2]       ; disp1[0]    ; 9.604  ; 9.604  ; 9.604  ; 9.604  ;
; b[2]       ; disp1[1]    ; 9.585  ; 9.585  ; 9.585  ; 9.585  ;
; b[2]       ; disp1[2]    ; 9.606  ; 9.606  ; 9.606  ; 9.606  ;
; b[2]       ; disp1[3]    ; 9.692  ; 9.692  ; 9.692  ; 9.692  ;
; b[2]       ; disp1[4]    ; 9.716  ; 9.716  ; 9.716  ; 9.716  ;
; b[2]       ; disp1[5]    ; 9.598  ; 9.598  ; 9.598  ; 9.598  ;
; b[2]       ; disp1[6]    ; 9.719  ; 9.719  ; 9.719  ; 9.719  ;
; b[2]       ; disp2[0]    ; 9.223  ; 9.223  ; 9.223  ; 9.223  ;
; b[2]       ; disp2[1]    ; 9.694  ; 9.694  ; 9.694  ; 9.694  ;
; b[2]       ; disp2[2]    ; 9.301  ; 9.301  ; 9.301  ; 9.301  ;
; b[2]       ; disp2[3]    ; 9.605  ; 9.605  ; 9.605  ; 9.605  ;
; b[2]       ; disp2[4]    ; 9.663  ; 9.663  ; 9.663  ; 9.663  ;
; b[2]       ; disp2[6]    ; 9.605  ; 9.605  ; 9.605  ; 9.605  ;
; b[2]       ; ov          ; 8.649  ; 8.649  ; 8.649  ; 8.649  ;
; b[2]       ; sign        ; 7.822  ; 7.822  ; 7.822  ; 7.822  ;
; b[3]       ; disp1[0]    ; 8.764  ; 8.764  ; 8.764  ; 8.764  ;
; b[3]       ; disp1[1]    ; 8.745  ; 8.745  ; 8.745  ; 8.745  ;
; b[3]       ; disp1[2]    ; 8.766  ; 8.766  ; 8.766  ; 8.766  ;
; b[3]       ; disp1[3]    ; 8.852  ; 8.852  ; 8.852  ; 8.852  ;
; b[3]       ; disp1[4]    ; 8.876  ; 8.876  ; 8.876  ; 8.876  ;
; b[3]       ; disp1[5]    ; 8.758  ; 8.758  ; 8.758  ; 8.758  ;
; b[3]       ; disp1[6]    ; 8.879  ; 8.879  ; 8.879  ; 8.879  ;
; b[3]       ; disp2[0]    ; 8.383  ; 8.383  ; 8.383  ; 8.383  ;
; b[3]       ; disp2[1]    ; 8.854  ; 8.854  ; 8.854  ; 8.854  ;
; b[3]       ; disp2[2]    ; 8.461  ; 8.461  ; 8.461  ; 8.461  ;
; b[3]       ; disp2[3]    ; 8.765  ; 8.765  ; 8.765  ; 8.765  ;
; b[3]       ; disp2[4]    ; 8.823  ; 8.823  ; 8.823  ; 8.823  ;
; b[3]       ; disp2[6]    ; 8.765  ; 8.765  ; 8.765  ; 8.765  ;
; b[3]       ; ov          ; 7.829  ; 7.829  ; 7.829  ; 7.829  ;
; b[3]       ; sign        ; 6.982  ; 6.982  ; 6.982  ; 6.982  ;
; b[4]       ; disp1[0]    ; 8.328  ; 8.328  ; 8.328  ; 8.328  ;
; b[4]       ; disp1[1]    ; 8.309  ; 8.309  ; 8.309  ; 8.309  ;
; b[4]       ; disp1[2]    ; 8.330  ; 8.330  ; 8.330  ; 8.330  ;
; b[4]       ; disp1[3]    ; 8.416  ; 8.416  ; 8.416  ; 8.416  ;
; b[4]       ; disp1[4]    ; 8.440  ; 8.440  ; 8.440  ; 8.440  ;
; b[4]       ; disp1[5]    ; 8.322  ; 8.322  ; 8.322  ; 8.322  ;
; b[4]       ; disp1[6]    ; 8.443  ; 8.443  ; 8.443  ; 8.443  ;
; b[4]       ; disp2[0]    ; 7.947  ; 7.947  ; 7.947  ; 7.947  ;
; b[4]       ; disp2[1]    ; 8.418  ; 8.418  ; 8.418  ; 8.418  ;
; b[4]       ; disp2[2]    ; 8.025  ; 8.025  ; 8.025  ; 8.025  ;
; b[4]       ; disp2[3]    ; 8.329  ; 8.329  ; 8.329  ; 8.329  ;
; b[4]       ; disp2[4]    ; 8.387  ; 8.387  ; 8.387  ; 8.387  ;
; b[4]       ; disp2[6]    ; 8.329  ; 8.329  ; 8.329  ; 8.329  ;
; b[4]       ; ov          ; 7.469  ; 7.469  ; 7.469  ; 7.469  ;
; b[4]       ; sign        ; 6.546  ; 6.546  ; 6.546  ; 6.546  ;
; sel[0]     ; disp1[0]    ; 6.825  ; 6.825  ; 6.825  ; 6.825  ;
; sel[0]     ; disp1[1]    ; 6.806  ; 6.806  ; 6.806  ; 6.806  ;
; sel[0]     ; disp1[2]    ; 6.827  ; 6.827  ; 6.827  ; 6.827  ;
; sel[0]     ; disp1[3]    ; 6.913  ; 6.913  ; 6.913  ; 6.913  ;
; sel[0]     ; disp1[4]    ; 6.937  ; 6.937  ; 6.937  ; 6.937  ;
; sel[0]     ; disp1[5]    ; 6.819  ; 6.819  ; 6.819  ; 6.819  ;
; sel[0]     ; disp1[6]    ; 6.940  ; 6.940  ; 6.940  ; 6.940  ;
; sel[0]     ; disp2[0]    ; 6.141  ; 6.141  ; 6.141  ; 6.141  ;
; sel[0]     ; disp2[1]    ; 6.612  ; 6.612  ; 6.612  ; 6.612  ;
; sel[0]     ; disp2[2]    ; 6.339  ; 6.339  ; 6.339  ; 6.339  ;
; sel[0]     ; disp2[3]    ; 6.523  ; 6.523  ; 6.523  ; 6.523  ;
; sel[0]     ; disp2[4]    ; 6.581  ; 6.581  ; 6.581  ; 6.581  ;
; sel[0]     ; disp2[6]    ; 6.523  ; 6.523  ; 6.523  ; 6.523  ;
; sel[0]     ; sign        ; 4.590  ; 4.590  ; 4.590  ; 4.590  ;
; sel[1]     ; disp1[0]    ; 6.900  ; 6.900  ; 6.900  ; 6.900  ;
; sel[1]     ; disp1[1]    ; 6.881  ; 6.881  ; 6.881  ; 6.881  ;
; sel[1]     ; disp1[2]    ; 6.902  ; 6.902  ; 6.902  ; 6.902  ;
; sel[1]     ; disp1[3]    ; 6.988  ; 6.988  ; 6.988  ; 6.988  ;
; sel[1]     ; disp1[4]    ; 7.012  ; 7.012  ; 7.012  ; 7.012  ;
; sel[1]     ; disp1[5]    ; 6.894  ; 6.894  ; 6.894  ; 6.894  ;
; sel[1]     ; disp1[6]    ; 7.015  ; 7.015  ; 7.015  ; 7.015  ;
; sel[1]     ; disp2[0]    ; 6.216  ; 6.216  ; 6.216  ; 6.216  ;
; sel[1]     ; disp2[1]    ; 6.687  ; 6.687  ; 6.687  ; 6.687  ;
; sel[1]     ; disp2[2]    ; 6.414  ; 6.414  ; 6.414  ; 6.414  ;
; sel[1]     ; disp2[3]    ; 6.598  ; 6.598  ; 6.598  ; 6.598  ;
; sel[1]     ; disp2[4]    ; 6.656  ; 6.656  ; 6.656  ; 6.656  ;
; sel[1]     ; disp2[6]    ; 6.598  ; 6.598  ; 6.598  ; 6.598  ;
; sel[1]     ; sign        ; 4.683  ; 4.683  ; 4.683  ; 4.683  ;
; sel[2]     ; disp1[0]    ; 8.864  ; 8.864  ; 8.864  ; 8.864  ;
; sel[2]     ; disp1[1]    ; 8.845  ; 8.845  ; 8.845  ; 8.845  ;
; sel[2]     ; disp1[2]    ; 8.866  ; 8.866  ; 8.866  ; 8.866  ;
; sel[2]     ; disp1[3]    ; 8.952  ; 8.952  ; 8.952  ; 8.952  ;
; sel[2]     ; disp1[4]    ; 8.976  ; 8.976  ; 8.976  ; 8.976  ;
; sel[2]     ; disp1[5]    ; 8.858  ; 8.858  ; 8.858  ; 8.858  ;
; sel[2]     ; disp1[6]    ; 8.979  ; 8.979  ; 8.979  ; 8.979  ;
; sel[2]     ; disp2[0]    ; 8.180  ; 8.180  ; 8.180  ; 8.180  ;
; sel[2]     ; disp2[1]    ; 8.651  ; 8.651  ; 8.651  ; 8.651  ;
; sel[2]     ; disp2[2]    ; 8.378  ; 8.378  ; 8.378  ; 8.378  ;
; sel[2]     ; disp2[3]    ; 8.562  ; 8.562  ; 8.562  ; 8.562  ;
; sel[2]     ; disp2[4]    ; 8.620  ; 8.620  ; 8.620  ; 8.620  ;
; sel[2]     ; disp2[6]    ; 8.562  ; 8.562  ; 8.562  ; 8.562  ;
; sel[2]     ; sign        ; 6.647  ; 6.647  ; 6.647  ; 6.647  ;
+------------+-------------+--------+--------+--------+--------+


+----------------------------------------------------------+
; Minimum Propagation Delay                                ;
+------------+-------------+-------+-------+-------+-------+
; Input Port ; Output Port ; RR    ; RF    ; FR    ; FF    ;
+------------+-------------+-------+-------+-------+-------+
; a[0]       ; disp1[0]    ; 6.551 ; 6.551 ; 6.551 ; 6.551 ;
; a[0]       ; disp1[1]    ; 6.548 ; 6.548 ; 6.548 ; 6.548 ;
; a[0]       ; disp1[2]    ; 6.556 ; 6.556 ; 6.556 ; 6.556 ;
; a[0]       ; disp1[3]    ; 6.638 ; 6.638 ; 6.638 ; 6.638 ;
; a[0]       ; disp1[4]    ; 6.657 ; 6.657 ; 6.657 ; 6.657 ;
; a[0]       ; disp1[5]    ; 6.541 ; 6.541 ; 6.541 ; 6.541 ;
; a[0]       ; disp1[6]    ; 6.683 ; 6.683 ; 6.683 ; 6.683 ;
; a[0]       ; disp2[0]    ; 7.001 ; 7.001 ; 7.001 ; 7.001 ;
; a[0]       ; disp2[1]    ; 7.183 ; 7.183 ; 7.183 ; 7.183 ;
; a[0]       ; disp2[2]    ; 7.187 ; 7.187 ; 7.187 ; 7.187 ;
; a[0]       ; disp2[3]    ; 7.371 ; 7.371 ; 7.371 ; 7.371 ;
; a[0]       ; disp2[4]    ; 7.298 ; 7.298 ; 7.298 ; 7.298 ;
; a[0]       ; disp2[6]    ; 7.371 ; 7.371 ; 7.371 ; 7.371 ;
; a[0]       ; ov          ; 6.330 ; 6.330 ; 6.330 ; 6.330 ;
; a[0]       ; sign        ; 6.601 ; 6.601 ; 6.601 ; 6.601 ;
; a[1]       ; disp1[0]    ; 7.052 ; 7.052 ; 7.052 ; 7.052 ;
; a[1]       ; disp1[1]    ; 7.028 ; 7.028 ; 7.028 ; 7.028 ;
; a[1]       ; disp1[2]    ; 7.054 ; 7.054 ; 7.054 ; 7.054 ;
; a[1]       ; disp1[3]    ; 7.140 ; 7.140 ; 7.140 ; 7.140 ;
; a[1]       ; disp1[4]    ; 7.164 ; 7.164 ; 7.164 ; 7.164 ;
; a[1]       ; disp1[5]    ; 7.046 ; 7.046 ; 7.046 ; 7.046 ;
; a[1]       ; disp1[6]    ; 7.167 ; 7.167 ; 7.167 ; 7.167 ;
; a[1]       ; disp2[0]    ; 7.112 ; 7.112 ; 7.112 ; 7.112 ;
; a[1]       ; disp2[1]    ; 7.184 ; 7.184 ; 7.184 ; 7.184 ;
; a[1]       ; disp2[2]    ; 7.191 ; 7.191 ; 7.191 ; 7.191 ;
; a[1]       ; disp2[3]    ; 7.322 ; 7.322 ; 7.322 ; 7.322 ;
; a[1]       ; disp2[4]    ; 7.364 ; 7.364 ; 7.364 ; 7.364 ;
; a[1]       ; disp2[6]    ; 7.322 ; 7.322 ; 7.322 ; 7.322 ;
; a[1]       ; ov          ; 6.369 ; 6.369 ; 6.369 ; 6.369 ;
; a[1]       ; sign        ; 6.961 ; 6.961 ; 6.961 ; 6.961 ;
; a[2]       ; disp1[0]    ; 7.594 ; 7.594 ; 7.594 ; 7.594 ;
; a[2]       ; disp1[1]    ; 7.583 ; 7.583 ; 7.583 ; 7.583 ;
; a[2]       ; disp1[2]    ; 7.596 ; 7.596 ; 7.596 ; 7.596 ;
; a[2]       ; disp1[3]    ; 7.685 ; 7.685 ; 7.685 ; 7.685 ;
; a[2]       ; disp1[4]    ; 7.705 ; 7.705 ; 7.705 ; 7.705 ;
; a[2]       ; disp1[5]    ; 7.591 ; 7.591 ; 7.591 ; 7.591 ;
; a[2]       ; disp1[6]    ; 7.717 ; 7.717 ; 7.717 ; 7.717 ;
; a[2]       ; disp2[0]    ; 7.387 ; 7.387 ; 7.387 ; 7.387 ;
; a[2]       ; disp2[1]    ; 7.570 ; 7.570 ; 7.570 ; 7.570 ;
; a[2]       ; disp2[2]    ; 7.574 ; 7.574 ; 7.574 ; 7.574 ;
; a[2]       ; disp2[3]    ; 7.758 ; 7.758 ; 7.758 ; 7.758 ;
; a[2]       ; disp2[4]    ; 7.518 ; 7.518 ; 7.518 ; 7.518 ;
; a[2]       ; disp2[6]    ; 7.758 ; 7.758 ; 7.758 ; 7.758 ;
; a[2]       ; ov          ; 6.290 ; 6.290 ; 6.290 ; 6.290 ;
; a[2]       ; sign        ; 6.988 ; 6.988 ; 6.988 ; 6.988 ;
; a[3]       ; disp1[0]    ; 7.251 ; 7.251 ; 7.251 ; 7.251 ;
; a[3]       ; disp1[1]    ; 7.240 ; 7.240 ; 7.240 ; 7.240 ;
; a[3]       ; disp1[2]    ; 7.253 ; 7.253 ; 7.253 ; 7.253 ;
; a[3]       ; disp1[3]    ; 7.342 ; 7.342 ; 7.342 ; 7.342 ;
; a[3]       ; disp1[4]    ; 7.362 ; 7.362 ; 7.362 ; 7.362 ;
; a[3]       ; disp1[5]    ; 7.248 ; 7.248 ; 7.248 ; 7.248 ;
; a[3]       ; disp1[6]    ; 7.380 ; 7.380 ; 7.380 ; 7.380 ;
; a[3]       ; disp2[0]    ; 6.946 ; 6.946 ; 6.946 ; 6.946 ;
; a[3]       ; disp2[1]    ; 7.129 ; 7.129 ; 7.129 ; 7.129 ;
; a[3]       ; disp2[2]    ; 7.133 ; 7.133 ; 7.133 ; 7.133 ;
; a[3]       ; disp2[3]    ; 7.317 ; 7.317 ; 7.317 ; 7.317 ;
; a[3]       ; disp2[4]    ; 7.175 ; 7.175 ; 7.175 ; 7.175 ;
; a[3]       ; disp2[6]    ; 7.317 ; 7.317 ; 7.317 ; 7.317 ;
; a[3]       ; ov          ; 5.849 ; 5.849 ; 5.849 ; 5.849 ;
; a[3]       ; sign        ; 6.547 ; 6.547 ; 6.547 ; 6.547 ;
; a[4]       ; disp1[0]    ; 7.207 ; 7.207 ; 7.207 ; 7.207 ;
; a[4]       ; disp1[1]    ; 7.183 ; 7.183 ; 7.183 ; 7.183 ;
; a[4]       ; disp1[2]    ; 7.209 ; 7.209 ; 7.209 ; 7.209 ;
; a[4]       ; disp1[3]    ; 7.295 ; 7.295 ; 7.295 ; 7.295 ;
; a[4]       ; disp1[4]    ; 7.319 ; 7.319 ; 7.319 ; 7.319 ;
; a[4]       ; disp1[5]    ; 7.201 ; 7.201 ; 7.201 ; 7.201 ;
; a[4]       ; disp1[6]    ; 7.322 ; 7.322 ; 7.322 ; 7.322 ;
; a[4]       ; disp2[0]    ; 6.748 ; 6.748 ; 6.748 ; 6.748 ;
; a[4]       ; disp2[1]    ; 6.931 ; 6.931 ; 6.931 ; 6.931 ;
; a[4]       ; disp2[2]    ; 6.935 ; 6.935 ; 6.935 ; 6.935 ;
; a[4]       ; disp2[3]    ; 7.119 ; 7.119 ; 7.119 ; 7.119 ;
; a[4]       ; disp2[4]    ; 7.046 ; 7.046 ; 7.046 ; 7.046 ;
; a[4]       ; disp2[6]    ; 7.119 ; 7.119 ; 7.119 ; 7.119 ;
; a[4]       ; ov          ; 6.080 ; 6.080 ; 6.080 ; 6.080 ;
; a[4]       ; sign        ; 6.349 ; 6.349 ; 6.349 ; 6.349 ;
; b[0]       ; disp1[0]    ; 6.715 ; 6.722 ; 6.722 ; 6.715 ;
; b[0]       ; disp1[1]    ; 6.712 ; 6.719 ; 6.719 ; 6.712 ;
; b[0]       ; disp1[2]    ; 6.720 ; 6.727 ; 6.727 ; 6.720 ;
; b[0]       ; disp1[3]    ; 6.802 ; 6.802 ; 6.802 ; 6.802 ;
; b[0]       ; disp1[4]    ; 6.828 ; 6.821 ; 6.821 ; 6.828 ;
; b[0]       ; disp1[5]    ; 6.705 ; 6.705 ; 6.705 ; 6.705 ;
; b[0]       ; disp1[6]    ; 6.847 ; 6.847 ; 6.847 ; 6.847 ;
; b[0]       ; disp2[0]    ; 7.350 ; 7.350 ; 7.350 ; 7.350 ;
; b[0]       ; disp2[1]    ; 7.452 ; 7.452 ; 7.452 ; 7.452 ;
; b[0]       ; disp2[2]    ; 7.456 ; 7.456 ; 7.456 ; 7.456 ;
; b[0]       ; disp2[3]    ; 7.641 ; 7.641 ; 7.641 ; 7.641 ;
; b[0]       ; disp2[4]    ; 7.495 ; 7.495 ; 7.495 ; 7.495 ;
; b[0]       ; disp2[6]    ; 7.641 ; 7.641 ; 7.641 ; 7.641 ;
; b[0]       ; ov          ; 6.773 ; 6.773 ; 6.773 ; 6.773 ;
; b[0]       ; sign        ; 7.578 ; 7.578 ; 7.578 ; 7.578 ;
; b[1]       ; disp1[0]    ; 7.021 ; 7.021 ; 7.021 ; 7.021 ;
; b[1]       ; disp1[1]    ; 6.997 ; 6.997 ; 6.997 ; 6.997 ;
; b[1]       ; disp1[2]    ; 7.023 ; 7.023 ; 7.023 ; 7.023 ;
; b[1]       ; disp1[3]    ; 7.109 ; 7.109 ; 7.109 ; 7.109 ;
; b[1]       ; disp1[4]    ; 7.133 ; 7.133 ; 7.133 ; 7.133 ;
; b[1]       ; disp1[5]    ; 7.015 ; 7.015 ; 7.015 ; 7.015 ;
; b[1]       ; disp1[6]    ; 7.136 ; 7.136 ; 7.136 ; 7.136 ;
; b[1]       ; disp2[0]    ; 7.081 ; 7.081 ; 7.081 ; 7.081 ;
; b[1]       ; disp2[1]    ; 7.153 ; 7.153 ; 7.153 ; 7.153 ;
; b[1]       ; disp2[2]    ; 7.160 ; 7.160 ; 7.160 ; 7.160 ;
; b[1]       ; disp2[3]    ; 7.291 ; 7.291 ; 7.291 ; 7.291 ;
; b[1]       ; disp2[4]    ; 7.333 ; 7.333 ; 7.333 ; 7.333 ;
; b[1]       ; disp2[6]    ; 7.291 ; 7.291 ; 7.291 ; 7.291 ;
; b[1]       ; ov          ; 6.382 ; 6.382 ; 6.382 ; 6.382 ;
; b[1]       ; sign        ; 7.080 ; 7.080 ; 7.080 ; 7.080 ;
; b[2]       ; disp1[0]    ; 7.585 ; 7.585 ; 7.585 ; 7.585 ;
; b[2]       ; disp1[1]    ; 7.566 ; 7.566 ; 7.566 ; 7.566 ;
; b[2]       ; disp1[2]    ; 7.587 ; 7.587 ; 7.587 ; 7.587 ;
; b[2]       ; disp1[3]    ; 7.673 ; 7.673 ; 7.673 ; 7.673 ;
; b[2]       ; disp1[4]    ; 7.697 ; 7.697 ; 7.697 ; 7.697 ;
; b[2]       ; disp1[5]    ; 7.579 ; 7.579 ; 7.579 ; 7.579 ;
; b[2]       ; disp1[6]    ; 7.700 ; 7.700 ; 7.700 ; 7.700 ;
; b[2]       ; disp2[0]    ; 7.377 ; 7.377 ; 7.377 ; 7.377 ;
; b[2]       ; disp2[1]    ; 7.629 ; 7.629 ; 7.629 ; 7.629 ;
; b[2]       ; disp2[2]    ; 7.633 ; 7.633 ; 7.633 ; 7.633 ;
; b[2]       ; disp2[3]    ; 7.759 ; 7.759 ; 7.759 ; 7.759 ;
; b[2]       ; disp2[4]    ; 7.647 ; 7.647 ; 7.647 ; 7.647 ;
; b[2]       ; disp2[6]    ; 7.759 ; 7.759 ; 7.759 ; 7.759 ;
; b[2]       ; ov          ; 6.421 ; 6.421 ; 6.421 ; 6.421 ;
; b[2]       ; sign        ; 7.119 ; 7.119 ; 7.119 ; 7.119 ;
; b[3]       ; disp1[0]    ; 7.350 ; 7.350 ; 7.350 ; 7.350 ;
; b[3]       ; disp1[1]    ; 7.339 ; 7.339 ; 7.339 ; 7.339 ;
; b[3]       ; disp1[2]    ; 7.352 ; 7.352 ; 7.352 ; 7.352 ;
; b[3]       ; disp1[3]    ; 7.441 ; 7.441 ; 7.441 ; 7.441 ;
; b[3]       ; disp1[4]    ; 7.461 ; 7.461 ; 7.461 ; 7.461 ;
; b[3]       ; disp1[5]    ; 7.347 ; 7.347 ; 7.347 ; 7.347 ;
; b[3]       ; disp1[6]    ; 7.479 ; 7.479 ; 7.479 ; 7.479 ;
; b[3]       ; disp2[0]    ; 7.089 ; 7.089 ; 7.089 ; 7.089 ;
; b[3]       ; disp2[1]    ; 7.272 ; 7.272 ; 7.272 ; 7.272 ;
; b[3]       ; disp2[2]    ; 7.276 ; 7.276 ; 7.276 ; 7.276 ;
; b[3]       ; disp2[3]    ; 7.460 ; 7.460 ; 7.460 ; 7.460 ;
; b[3]       ; disp2[4]    ; 7.274 ; 7.274 ; 7.274 ; 7.274 ;
; b[3]       ; disp2[6]    ; 7.460 ; 7.460 ; 7.460 ; 7.460 ;
; b[3]       ; ov          ; 5.992 ; 5.992 ; 5.992 ; 5.992 ;
; b[3]       ; sign        ; 6.690 ; 6.690 ; 6.690 ; 6.690 ;
; b[4]       ; disp1[0]    ; 7.300 ; 7.300 ; 7.300 ; 7.300 ;
; b[4]       ; disp1[1]    ; 7.276 ; 7.276 ; 7.276 ; 7.276 ;
; b[4]       ; disp1[2]    ; 7.302 ; 7.302 ; 7.302 ; 7.302 ;
; b[4]       ; disp1[3]    ; 7.388 ; 7.388 ; 7.388 ; 7.388 ;
; b[4]       ; disp1[4]    ; 7.412 ; 7.412 ; 7.412 ; 7.412 ;
; b[4]       ; disp1[5]    ; 7.294 ; 7.294 ; 7.294 ; 7.294 ;
; b[4]       ; disp1[6]    ; 7.415 ; 7.415 ; 7.415 ; 7.415 ;
; b[4]       ; disp2[0]    ; 6.841 ; 6.841 ; 6.841 ; 6.841 ;
; b[4]       ; disp2[1]    ; 7.024 ; 7.024 ; 7.024 ; 7.024 ;
; b[4]       ; disp2[2]    ; 7.028 ; 7.028 ; 7.028 ; 7.028 ;
; b[4]       ; disp2[3]    ; 7.212 ; 7.212 ; 7.212 ; 7.212 ;
; b[4]       ; disp2[4]    ; 7.139 ; 7.139 ; 7.139 ; 7.139 ;
; b[4]       ; disp2[6]    ; 7.212 ; 7.212 ; 7.212 ; 7.212 ;
; b[4]       ; ov          ; 6.243 ; 6.243 ; 6.243 ; 6.243 ;
; b[4]       ; sign        ; 6.442 ; 6.442 ; 6.442 ; 6.442 ;
; sel[0]     ; disp1[0]    ; 4.945 ; 4.871 ; 4.871 ; 4.945 ;
; sel[0]     ; disp1[1]    ; 4.921 ; 4.868 ; 4.868 ; 4.921 ;
; sel[0]     ; disp1[2]    ; 4.947 ; 4.876 ; 4.876 ; 4.947 ;
; sel[0]     ; disp1[3]    ; 4.958 ; 4.958 ; 4.958 ; 4.958 ;
; sel[0]     ; disp1[4]    ; 4.977 ; 5.057 ; 5.057 ; 4.977 ;
; sel[0]     ; disp1[5]    ; 4.861 ; 4.861 ; 4.861 ; 4.861 ;
; sel[0]     ; disp1[6]    ; 5.003 ; 5.003 ; 5.003 ; 5.003 ;
; sel[0]     ; disp2[0]    ; 4.486 ; 4.486 ; 4.486 ; 4.486 ;
; sel[0]     ; disp2[1]    ; 4.669 ; 4.669 ; 4.669 ; 4.669 ;
; sel[0]     ; disp2[2]    ; 4.673 ; 4.673 ; 4.673 ; 4.673 ;
; sel[0]     ; disp2[3]    ; 4.857 ; 4.857 ; 4.857 ; 4.857 ;
; sel[0]     ; disp2[4]    ; 4.784 ; 4.784 ; 4.784 ; 4.784 ;
; sel[0]     ; disp2[6]    ; 4.857 ; 4.857 ; 4.857 ; 4.857 ;
; sel[0]     ; sign        ; 4.087 ; 4.087 ; 4.087 ; 4.087 ;
; sel[1]     ; disp1[0]    ; 4.632 ; 4.849 ; 4.849 ; 4.632 ;
; sel[1]     ; disp1[1]    ; 4.629 ; 4.846 ; 4.846 ; 4.629 ;
; sel[1]     ; disp1[2]    ; 4.637 ; 4.854 ; 4.854 ; 4.637 ;
; sel[1]     ; disp1[3]    ; 4.719 ; 4.719 ; 4.719 ; 4.719 ;
; sel[1]     ; disp1[4]    ; 4.955 ; 4.738 ; 4.738 ; 4.955 ;
; sel[1]     ; disp1[5]    ; 4.622 ; 4.622 ; 4.622 ; 4.622 ;
; sel[1]     ; disp1[6]    ; 4.764 ; 4.764 ; 4.764 ; 4.764 ;
; sel[1]     ; disp2[0]    ; 4.579 ; 4.579 ; 4.579 ; 4.579 ;
; sel[1]     ; disp2[1]    ; 4.762 ; 4.762 ; 4.762 ; 4.762 ;
; sel[1]     ; disp2[2]    ; 4.766 ; 4.766 ; 4.766 ; 4.766 ;
; sel[1]     ; disp2[3]    ; 4.950 ; 4.950 ; 4.950 ; 4.950 ;
; sel[1]     ; disp2[4]    ; 4.877 ; 4.877 ; 4.877 ; 4.877 ;
; sel[1]     ; disp2[6]    ; 4.950 ; 4.950 ; 4.950 ; 4.950 ;
; sel[1]     ; sign        ; 4.180 ; 4.180 ; 4.180 ; 4.180 ;
; sel[2]     ; disp1[0]    ; 6.400 ; 6.243 ; 6.243 ; 6.400 ;
; sel[2]     ; disp1[1]    ; 6.457 ; 6.240 ; 6.240 ; 6.457 ;
; sel[2]     ; disp1[2]    ; 6.402 ; 6.248 ; 6.248 ; 6.402 ;
; sel[2]     ; disp1[3]    ; 6.330 ; 6.330 ; 6.330 ; 6.330 ;
; sel[2]     ; disp1[4]    ; 6.349 ; 6.512 ; 6.512 ; 6.349 ;
; sel[2]     ; disp1[5]    ; 6.233 ; 6.233 ; 6.233 ; 6.233 ;
; sel[2]     ; disp1[6]    ; 6.375 ; 6.375 ; 6.375 ; 6.375 ;
; sel[2]     ; disp2[0]    ; 6.460 ; 6.538 ; 6.538 ; 6.460 ;
; sel[2]     ; disp2[1]    ; 6.700 ; 6.532 ; 6.532 ; 6.700 ;
; sel[2]     ; disp2[2]    ; 6.704 ; 6.539 ; 6.539 ; 6.704 ;
; sel[2]     ; disp2[3]    ; 6.842 ; 6.670 ; 6.670 ; 6.842 ;
; sel[2]     ; disp2[4]    ; 6.712 ; 6.743 ; 6.743 ; 6.712 ;
; sel[2]     ; disp2[6]    ; 6.842 ; 6.670 ; 6.670 ; 6.842 ;
; sel[2]     ; sign        ; 6.139 ; 6.139 ; 6.139 ; 6.139 ;
+------------+-------------+-------+-------+-------+-------+


+----------------------------------------------------------------------------+
; Multicorner Timing Analysis Summary                                        ;
+------------------+-------+------+----------+---------+---------------------+
; Clock            ; Setup ; Hold ; Recovery ; Removal ; Minimum Pulse Width ;
+------------------+-------+------+----------+---------+---------------------+
; Worst-case Slack ; N/A   ; N/A  ; N/A      ; N/A     ; N/A                 ;
; Design-wide TNS  ; 0.0   ; 0.0  ; 0.0      ; 0.0     ; 0.0                 ;
+------------------+-------+------+----------+---------+---------------------+


+--------------------------------------------------------------+
; Progagation Delay                                            ;
+------------+-------------+--------+--------+--------+--------+
; Input Port ; Output Port ; RR     ; RF     ; FR     ; FF     ;
+------------+-------------+--------+--------+--------+--------+
; a[0]       ; disp1[0]    ; 22.824 ; 22.824 ; 22.824 ; 22.824 ;
; a[0]       ; disp1[1]    ; 22.800 ; 22.800 ; 22.800 ; 22.800 ;
; a[0]       ; disp1[2]    ; 22.825 ; 22.825 ; 22.825 ; 22.825 ;
; a[0]       ; disp1[3]    ; 23.082 ; 23.082 ; 23.082 ; 23.082 ;
; a[0]       ; disp1[4]    ; 23.106 ; 23.106 ; 23.106 ; 23.106 ;
; a[0]       ; disp1[5]    ; 22.818 ; 22.818 ; 22.818 ; 22.818 ;
; a[0]       ; disp1[6]    ; 23.104 ; 23.104 ; 23.104 ; 23.104 ;
; a[0]       ; disp2[0]    ; 21.613 ; 21.613 ; 21.613 ; 21.613 ;
; a[0]       ; disp2[1]    ; 22.950 ; 22.950 ; 22.950 ; 22.950 ;
; a[0]       ; disp2[2]    ; 21.849 ; 21.849 ; 21.849 ; 21.849 ;
; a[0]       ; disp2[3]    ; 22.662 ; 22.662 ; 22.662 ; 22.662 ;
; a[0]       ; disp2[4]    ; 22.763 ; 22.763 ; 22.763 ; 22.763 ;
; a[0]       ; disp2[6]    ; 22.662 ; 22.662 ; 22.662 ; 22.662 ;
; a[0]       ; ov          ; 20.648 ; 20.648 ; 20.648 ; 20.648 ;
; a[0]       ; sign        ; 17.871 ; 17.871 ; 17.871 ; 17.871 ;
; a[1]       ; disp1[0]    ; 23.111 ; 23.111 ; 23.111 ; 23.111 ;
; a[1]       ; disp1[1]    ; 23.087 ; 23.087 ; 23.087 ; 23.087 ;
; a[1]       ; disp1[2]    ; 23.112 ; 23.112 ; 23.112 ; 23.112 ;
; a[1]       ; disp1[3]    ; 23.369 ; 23.369 ; 23.369 ; 23.369 ;
; a[1]       ; disp1[4]    ; 23.393 ; 23.393 ; 23.393 ; 23.393 ;
; a[1]       ; disp1[5]    ; 23.105 ; 23.105 ; 23.105 ; 23.105 ;
; a[1]       ; disp1[6]    ; 23.391 ; 23.391 ; 23.391 ; 23.391 ;
; a[1]       ; disp2[0]    ; 21.900 ; 21.900 ; 21.900 ; 21.900 ;
; a[1]       ; disp2[1]    ; 23.237 ; 23.237 ; 23.237 ; 23.237 ;
; a[1]       ; disp2[2]    ; 22.136 ; 22.136 ; 22.136 ; 22.136 ;
; a[1]       ; disp2[3]    ; 22.949 ; 22.949 ; 22.949 ; 22.949 ;
; a[1]       ; disp2[4]    ; 23.050 ; 23.050 ; 23.050 ; 23.050 ;
; a[1]       ; disp2[6]    ; 22.949 ; 22.949 ; 22.949 ; 22.949 ;
; a[1]       ; ov          ; 21.001 ; 21.001 ; 21.001 ; 21.001 ;
; a[1]       ; sign        ; 18.158 ; 18.158 ; 18.158 ; 18.158 ;
; a[2]       ; disp1[0]    ; 23.186 ; 23.186 ; 23.186 ; 23.186 ;
; a[2]       ; disp1[1]    ; 23.162 ; 23.162 ; 23.162 ; 23.162 ;
; a[2]       ; disp1[2]    ; 23.187 ; 23.187 ; 23.187 ; 23.187 ;
; a[2]       ; disp1[3]    ; 23.444 ; 23.444 ; 23.444 ; 23.444 ;
; a[2]       ; disp1[4]    ; 23.468 ; 23.468 ; 23.468 ; 23.468 ;
; a[2]       ; disp1[5]    ; 23.180 ; 23.180 ; 23.180 ; 23.180 ;
; a[2]       ; disp1[6]    ; 23.466 ; 23.466 ; 23.466 ; 23.466 ;
; a[2]       ; disp2[0]    ; 21.975 ; 21.975 ; 21.975 ; 21.975 ;
; a[2]       ; disp2[1]    ; 23.312 ; 23.312 ; 23.312 ; 23.312 ;
; a[2]       ; disp2[2]    ; 22.211 ; 22.211 ; 22.211 ; 22.211 ;
; a[2]       ; disp2[3]    ; 23.024 ; 23.024 ; 23.024 ; 23.024 ;
; a[2]       ; disp2[4]    ; 23.125 ; 23.125 ; 23.125 ; 23.125 ;
; a[2]       ; disp2[6]    ; 23.024 ; 23.024 ; 23.024 ; 23.024 ;
; a[2]       ; ov          ; 21.076 ; 21.076 ; 21.076 ; 21.076 ;
; a[2]       ; sign        ; 18.233 ; 18.233 ; 18.233 ; 18.233 ;
; a[3]       ; disp1[0]    ; 22.446 ; 22.446 ; 22.446 ; 22.446 ;
; a[3]       ; disp1[1]    ; 22.422 ; 22.422 ; 22.422 ; 22.422 ;
; a[3]       ; disp1[2]    ; 22.447 ; 22.447 ; 22.447 ; 22.447 ;
; a[3]       ; disp1[3]    ; 22.704 ; 22.704 ; 22.704 ; 22.704 ;
; a[3]       ; disp1[4]    ; 22.728 ; 22.728 ; 22.728 ; 22.728 ;
; a[3]       ; disp1[5]    ; 22.440 ; 22.440 ; 22.440 ; 22.440 ;
; a[3]       ; disp1[6]    ; 22.726 ; 22.726 ; 22.726 ; 22.726 ;
; a[3]       ; disp2[0]    ; 21.235 ; 21.235 ; 21.235 ; 21.235 ;
; a[3]       ; disp2[1]    ; 22.572 ; 22.572 ; 22.572 ; 22.572 ;
; a[3]       ; disp2[2]    ; 21.471 ; 21.471 ; 21.471 ; 21.471 ;
; a[3]       ; disp2[3]    ; 22.284 ; 22.284 ; 22.284 ; 22.284 ;
; a[3]       ; disp2[4]    ; 22.385 ; 22.385 ; 22.385 ; 22.385 ;
; a[3]       ; disp2[6]    ; 22.284 ; 22.284 ; 22.284 ; 22.284 ;
; a[3]       ; ov          ; 20.667 ; 20.667 ; 20.667 ; 20.667 ;
; a[3]       ; sign        ; 17.493 ; 17.493 ; 17.493 ; 17.493 ;
; a[4]       ; disp1[0]    ; 22.076 ; 22.076 ; 22.076 ; 22.076 ;
; a[4]       ; disp1[1]    ; 22.052 ; 22.052 ; 22.052 ; 22.052 ;
; a[4]       ; disp1[2]    ; 22.077 ; 22.077 ; 22.077 ; 22.077 ;
; a[4]       ; disp1[3]    ; 22.334 ; 22.334 ; 22.334 ; 22.334 ;
; a[4]       ; disp1[4]    ; 22.358 ; 22.358 ; 22.358 ; 22.358 ;
; a[4]       ; disp1[5]    ; 22.070 ; 22.070 ; 22.070 ; 22.070 ;
; a[4]       ; disp1[6]    ; 22.356 ; 22.356 ; 22.356 ; 22.356 ;
; a[4]       ; disp2[0]    ; 20.865 ; 20.865 ; 20.865 ; 20.865 ;
; a[4]       ; disp2[1]    ; 22.202 ; 22.202 ; 22.202 ; 22.202 ;
; a[4]       ; disp2[2]    ; 21.101 ; 21.101 ; 21.101 ; 21.101 ;
; a[4]       ; disp2[3]    ; 21.914 ; 21.914 ; 21.914 ; 21.914 ;
; a[4]       ; disp2[4]    ; 22.015 ; 22.015 ; 22.015 ; 22.015 ;
; a[4]       ; disp2[6]    ; 21.914 ; 21.914 ; 21.914 ; 21.914 ;
; a[4]       ; ov          ; 20.297 ; 20.297 ; 20.297 ; 20.297 ;
; a[4]       ; sign        ; 17.123 ; 17.123 ; 17.123 ; 17.123 ;
; b[0]       ; disp1[0]    ; 23.499 ; 23.499 ; 23.499 ; 23.499 ;
; b[0]       ; disp1[1]    ; 23.475 ; 23.475 ; 23.475 ; 23.475 ;
; b[0]       ; disp1[2]    ; 23.500 ; 23.500 ; 23.500 ; 23.500 ;
; b[0]       ; disp1[3]    ; 23.757 ; 23.757 ; 23.757 ; 23.757 ;
; b[0]       ; disp1[4]    ; 23.781 ; 23.781 ; 23.781 ; 23.781 ;
; b[0]       ; disp1[5]    ; 23.493 ; 23.493 ; 23.493 ; 23.493 ;
; b[0]       ; disp1[6]    ; 23.779 ; 23.779 ; 23.779 ; 23.779 ;
; b[0]       ; disp2[0]    ; 22.288 ; 22.288 ; 22.288 ; 22.288 ;
; b[0]       ; disp2[1]    ; 23.625 ; 23.625 ; 23.625 ; 23.625 ;
; b[0]       ; disp2[2]    ; 22.524 ; 22.524 ; 22.524 ; 22.524 ;
; b[0]       ; disp2[3]    ; 23.337 ; 23.337 ; 23.337 ; 23.337 ;
; b[0]       ; disp2[4]    ; 23.438 ; 23.438 ; 23.438 ; 23.438 ;
; b[0]       ; disp2[6]    ; 23.337 ; 23.337 ; 23.337 ; 23.337 ;
; b[0]       ; ov          ; 21.389 ; 21.389 ; 21.389 ; 21.389 ;
; b[0]       ; sign        ; 18.546 ; 18.546 ; 18.546 ; 18.546 ;
; b[1]       ; disp1[0]    ; 23.001 ; 23.001 ; 23.001 ; 23.001 ;
; b[1]       ; disp1[1]    ; 22.977 ; 22.977 ; 22.977 ; 22.977 ;
; b[1]       ; disp1[2]    ; 23.002 ; 23.002 ; 23.002 ; 23.002 ;
; b[1]       ; disp1[3]    ; 23.259 ; 23.259 ; 23.259 ; 23.259 ;
; b[1]       ; disp1[4]    ; 23.283 ; 23.283 ; 23.283 ; 23.283 ;
; b[1]       ; disp1[5]    ; 22.995 ; 22.995 ; 22.995 ; 22.995 ;
; b[1]       ; disp1[6]    ; 23.281 ; 23.281 ; 23.281 ; 23.281 ;
; b[1]       ; disp2[0]    ; 21.790 ; 21.790 ; 21.790 ; 21.790 ;
; b[1]       ; disp2[1]    ; 23.127 ; 23.127 ; 23.127 ; 23.127 ;
; b[1]       ; disp2[2]    ; 22.026 ; 22.026 ; 22.026 ; 22.026 ;
; b[1]       ; disp2[3]    ; 22.839 ; 22.839 ; 22.839 ; 22.839 ;
; b[1]       ; disp2[4]    ; 22.940 ; 22.940 ; 22.940 ; 22.940 ;
; b[1]       ; disp2[6]    ; 22.839 ; 22.839 ; 22.839 ; 22.839 ;
; b[1]       ; ov          ; 20.825 ; 20.825 ; 20.825 ; 20.825 ;
; b[1]       ; sign        ; 18.048 ; 18.048 ; 18.048 ; 18.048 ;
; b[2]       ; disp1[0]    ; 22.116 ; 22.116 ; 22.116 ; 22.116 ;
; b[2]       ; disp1[1]    ; 22.092 ; 22.092 ; 22.092 ; 22.092 ;
; b[2]       ; disp1[2]    ; 22.117 ; 22.117 ; 22.117 ; 22.117 ;
; b[2]       ; disp1[3]    ; 22.374 ; 22.374 ; 22.374 ; 22.374 ;
; b[2]       ; disp1[4]    ; 22.398 ; 22.398 ; 22.398 ; 22.398 ;
; b[2]       ; disp1[5]    ; 22.110 ; 22.110 ; 22.110 ; 22.110 ;
; b[2]       ; disp1[6]    ; 22.396 ; 22.396 ; 22.396 ; 22.396 ;
; b[2]       ; disp2[0]    ; 20.905 ; 20.905 ; 20.905 ; 20.905 ;
; b[2]       ; disp2[1]    ; 22.242 ; 22.242 ; 22.242 ; 22.242 ;
; b[2]       ; disp2[2]    ; 21.141 ; 21.141 ; 21.141 ; 21.141 ;
; b[2]       ; disp2[3]    ; 21.954 ; 21.954 ; 21.954 ; 21.954 ;
; b[2]       ; disp2[4]    ; 22.055 ; 22.055 ; 22.055 ; 22.055 ;
; b[2]       ; disp2[6]    ; 21.954 ; 21.954 ; 21.954 ; 21.954 ;
; b[2]       ; ov          ; 19.674 ; 19.674 ; 19.674 ; 19.674 ;
; b[2]       ; sign        ; 17.163 ; 17.163 ; 17.163 ; 17.163 ;
; b[3]       ; disp1[0]    ; 19.784 ; 19.784 ; 19.784 ; 19.784 ;
; b[3]       ; disp1[1]    ; 19.760 ; 19.760 ; 19.760 ; 19.760 ;
; b[3]       ; disp1[2]    ; 19.785 ; 19.785 ; 19.785 ; 19.785 ;
; b[3]       ; disp1[3]    ; 20.042 ; 20.042 ; 20.042 ; 20.042 ;
; b[3]       ; disp1[4]    ; 20.066 ; 20.066 ; 20.066 ; 20.066 ;
; b[3]       ; disp1[5]    ; 19.778 ; 19.778 ; 19.778 ; 19.778 ;
; b[3]       ; disp1[6]    ; 20.064 ; 20.064 ; 20.064 ; 20.064 ;
; b[3]       ; disp2[0]    ; 18.573 ; 18.573 ; 18.573 ; 18.573 ;
; b[3]       ; disp2[1]    ; 19.910 ; 19.910 ; 19.910 ; 19.910 ;
; b[3]       ; disp2[2]    ; 18.809 ; 18.809 ; 18.809 ; 18.809 ;
; b[3]       ; disp2[3]    ; 19.622 ; 19.622 ; 19.622 ; 19.622 ;
; b[3]       ; disp2[4]    ; 19.723 ; 19.723 ; 19.723 ; 19.723 ;
; b[3]       ; disp2[6]    ; 19.622 ; 19.622 ; 19.622 ; 19.622 ;
; b[3]       ; ov          ; 17.473 ; 17.473 ; 17.473 ; 17.473 ;
; b[3]       ; sign        ; 14.831 ; 14.831 ; 14.831 ; 14.831 ;
; b[4]       ; disp1[0]    ; 18.490 ; 18.490 ; 18.490 ; 18.490 ;
; b[4]       ; disp1[1]    ; 18.466 ; 18.466 ; 18.466 ; 18.466 ;
; b[4]       ; disp1[2]    ; 18.491 ; 18.491 ; 18.491 ; 18.491 ;
; b[4]       ; disp1[3]    ; 18.748 ; 18.748 ; 18.748 ; 18.748 ;
; b[4]       ; disp1[4]    ; 18.772 ; 18.772 ; 18.772 ; 18.772 ;
; b[4]       ; disp1[5]    ; 18.484 ; 18.484 ; 18.484 ; 18.484 ;
; b[4]       ; disp1[6]    ; 18.770 ; 18.770 ; 18.770 ; 18.770 ;
; b[4]       ; disp2[0]    ; 17.279 ; 17.279 ; 17.279 ; 17.279 ;
; b[4]       ; disp2[1]    ; 18.616 ; 18.616 ; 18.616 ; 18.616 ;
; b[4]       ; disp2[2]    ; 17.515 ; 17.515 ; 17.515 ; 17.515 ;
; b[4]       ; disp2[3]    ; 18.328 ; 18.328 ; 18.328 ; 18.328 ;
; b[4]       ; disp2[4]    ; 18.429 ; 18.429 ; 18.429 ; 18.429 ;
; b[4]       ; disp2[6]    ; 18.328 ; 18.328 ; 18.328 ; 18.328 ;
; b[4]       ; ov          ; 16.364 ; 16.364 ; 16.364 ; 16.364 ;
; b[4]       ; sign        ; 13.537 ; 13.537 ; 13.537 ; 13.537 ;
; sel[0]     ; disp1[0]    ; 16.664 ; 16.664 ; 16.664 ; 16.664 ;
; sel[0]     ; disp1[1]    ; 16.640 ; 16.640 ; 16.640 ; 16.640 ;
; sel[0]     ; disp1[2]    ; 16.665 ; 16.665 ; 16.665 ; 16.665 ;
; sel[0]     ; disp1[3]    ; 16.922 ; 16.922 ; 16.922 ; 16.922 ;
; sel[0]     ; disp1[4]    ; 16.946 ; 16.946 ; 16.946 ; 16.946 ;
; sel[0]     ; disp1[5]    ; 16.658 ; 16.658 ; 16.658 ; 16.658 ;
; sel[0]     ; disp1[6]    ; 16.944 ; 16.944 ; 16.944 ; 16.944 ;
; sel[0]     ; disp2[0]    ; 14.583 ; 14.583 ; 14.583 ; 14.583 ;
; sel[0]     ; disp2[1]    ; 15.920 ; 15.920 ; 15.920 ; 15.920 ;
; sel[0]     ; disp2[2]    ; 15.390 ; 15.390 ; 15.390 ; 15.390 ;
; sel[0]     ; disp2[3]    ; 15.641 ; 15.641 ; 15.641 ; 15.641 ;
; sel[0]     ; disp2[4]    ; 15.868 ; 15.868 ; 15.868 ; 15.868 ;
; sel[0]     ; disp2[6]    ; 15.641 ; 15.641 ; 15.641 ; 15.641 ;
; sel[0]     ; sign        ; 10.396 ; 10.396 ; 10.396 ; 10.396 ;
; sel[1]     ; disp1[0]    ; 16.886 ; 16.886 ; 16.886 ; 16.886 ;
; sel[1]     ; disp1[1]    ; 16.862 ; 16.862 ; 16.862 ; 16.862 ;
; sel[1]     ; disp1[2]    ; 16.887 ; 16.887 ; 16.887 ; 16.887 ;
; sel[1]     ; disp1[3]    ; 17.144 ; 17.144 ; 17.144 ; 17.144 ;
; sel[1]     ; disp1[4]    ; 17.168 ; 17.168 ; 17.168 ; 17.168 ;
; sel[1]     ; disp1[5]    ; 16.880 ; 16.880 ; 16.880 ; 16.880 ;
; sel[1]     ; disp1[6]    ; 17.166 ; 17.166 ; 17.166 ; 17.166 ;
; sel[1]     ; disp2[0]    ; 14.805 ; 14.805 ; 14.805 ; 14.805 ;
; sel[1]     ; disp2[1]    ; 16.142 ; 16.142 ; 16.142 ; 16.142 ;
; sel[1]     ; disp2[2]    ; 15.612 ; 15.612 ; 15.612 ; 15.612 ;
; sel[1]     ; disp2[3]    ; 15.863 ; 15.863 ; 15.863 ; 15.863 ;
; sel[1]     ; disp2[4]    ; 16.090 ; 16.090 ; 16.090 ; 16.090 ;
; sel[1]     ; disp2[6]    ; 15.863 ; 15.863 ; 15.863 ; 15.863 ;
; sel[1]     ; sign        ; 10.618 ; 10.618 ; 10.618 ; 10.618 ;
; sel[2]     ; disp1[0]    ; 20.173 ; 20.173 ; 20.173 ; 20.173 ;
; sel[2]     ; disp1[1]    ; 20.149 ; 20.149 ; 20.149 ; 20.149 ;
; sel[2]     ; disp1[2]    ; 20.174 ; 20.174 ; 20.174 ; 20.174 ;
; sel[2]     ; disp1[3]    ; 20.431 ; 20.431 ; 20.431 ; 20.431 ;
; sel[2]     ; disp1[4]    ; 20.455 ; 20.455 ; 20.455 ; 20.455 ;
; sel[2]     ; disp1[5]    ; 20.167 ; 20.167 ; 20.167 ; 20.167 ;
; sel[2]     ; disp1[6]    ; 20.453 ; 20.453 ; 20.453 ; 20.453 ;
; sel[2]     ; disp2[0]    ; 18.092 ; 18.092 ; 18.092 ; 18.092 ;
; sel[2]     ; disp2[1]    ; 19.429 ; 19.429 ; 19.429 ; 19.429 ;
; sel[2]     ; disp2[2]    ; 18.899 ; 18.899 ; 18.899 ; 18.899 ;
; sel[2]     ; disp2[3]    ; 19.150 ; 19.150 ; 19.150 ; 19.150 ;
; sel[2]     ; disp2[4]    ; 19.377 ; 19.377 ; 19.377 ; 19.377 ;
; sel[2]     ; disp2[6]    ; 19.150 ; 19.150 ; 19.150 ; 19.150 ;
; sel[2]     ; sign        ; 13.905 ; 13.905 ; 13.905 ; 13.905 ;
+------------+-------------+--------+--------+--------+--------+


+----------------------------------------------------------+
; Minimum Progagation Delay                                ;
+------------+-------------+-------+-------+-------+-------+
; Input Port ; Output Port ; RR    ; RF    ; FR    ; FF    ;
+------------+-------------+-------+-------+-------+-------+
; a[0]       ; disp1[0]    ; 6.551 ; 6.551 ; 6.551 ; 6.551 ;
; a[0]       ; disp1[1]    ; 6.548 ; 6.548 ; 6.548 ; 6.548 ;
; a[0]       ; disp1[2]    ; 6.556 ; 6.556 ; 6.556 ; 6.556 ;
; a[0]       ; disp1[3]    ; 6.638 ; 6.638 ; 6.638 ; 6.638 ;
; a[0]       ; disp1[4]    ; 6.657 ; 6.657 ; 6.657 ; 6.657 ;
; a[0]       ; disp1[5]    ; 6.541 ; 6.541 ; 6.541 ; 6.541 ;
; a[0]       ; disp1[6]    ; 6.683 ; 6.683 ; 6.683 ; 6.683 ;
; a[0]       ; disp2[0]    ; 7.001 ; 7.001 ; 7.001 ; 7.001 ;
; a[0]       ; disp2[1]    ; 7.183 ; 7.183 ; 7.183 ; 7.183 ;
; a[0]       ; disp2[2]    ; 7.187 ; 7.187 ; 7.187 ; 7.187 ;
; a[0]       ; disp2[3]    ; 7.371 ; 7.371 ; 7.371 ; 7.371 ;
; a[0]       ; disp2[4]    ; 7.298 ; 7.298 ; 7.298 ; 7.298 ;
; a[0]       ; disp2[6]    ; 7.371 ; 7.371 ; 7.371 ; 7.371 ;
; a[0]       ; ov          ; 6.330 ; 6.330 ; 6.330 ; 6.330 ;
; a[0]       ; sign        ; 6.601 ; 6.601 ; 6.601 ; 6.601 ;
; a[1]       ; disp1[0]    ; 7.052 ; 7.052 ; 7.052 ; 7.052 ;
; a[1]       ; disp1[1]    ; 7.028 ; 7.028 ; 7.028 ; 7.028 ;
; a[1]       ; disp1[2]    ; 7.054 ; 7.054 ; 7.054 ; 7.054 ;
; a[1]       ; disp1[3]    ; 7.140 ; 7.140 ; 7.140 ; 7.140 ;
; a[1]       ; disp1[4]    ; 7.164 ; 7.164 ; 7.164 ; 7.164 ;
; a[1]       ; disp1[5]    ; 7.046 ; 7.046 ; 7.046 ; 7.046 ;
; a[1]       ; disp1[6]    ; 7.167 ; 7.167 ; 7.167 ; 7.167 ;
; a[1]       ; disp2[0]    ; 7.112 ; 7.112 ; 7.112 ; 7.112 ;
; a[1]       ; disp2[1]    ; 7.184 ; 7.184 ; 7.184 ; 7.184 ;
; a[1]       ; disp2[2]    ; 7.191 ; 7.191 ; 7.191 ; 7.191 ;
; a[1]       ; disp2[3]    ; 7.322 ; 7.322 ; 7.322 ; 7.322 ;
; a[1]       ; disp2[4]    ; 7.364 ; 7.364 ; 7.364 ; 7.364 ;
; a[1]       ; disp2[6]    ; 7.322 ; 7.322 ; 7.322 ; 7.322 ;
; a[1]       ; ov          ; 6.369 ; 6.369 ; 6.369 ; 6.369 ;
; a[1]       ; sign        ; 6.961 ; 6.961 ; 6.961 ; 6.961 ;
; a[2]       ; disp1[0]    ; 7.594 ; 7.594 ; 7.594 ; 7.594 ;
; a[2]       ; disp1[1]    ; 7.583 ; 7.583 ; 7.583 ; 7.583 ;
; a[2]       ; disp1[2]    ; 7.596 ; 7.596 ; 7.596 ; 7.596 ;
; a[2]       ; disp1[3]    ; 7.685 ; 7.685 ; 7.685 ; 7.685 ;
; a[2]       ; disp1[4]    ; 7.705 ; 7.705 ; 7.705 ; 7.705 ;
; a[2]       ; disp1[5]    ; 7.591 ; 7.591 ; 7.591 ; 7.591 ;
; a[2]       ; disp1[6]    ; 7.717 ; 7.717 ; 7.717 ; 7.717 ;
; a[2]       ; disp2[0]    ; 7.387 ; 7.387 ; 7.387 ; 7.387 ;
; a[2]       ; disp2[1]    ; 7.570 ; 7.570 ; 7.570 ; 7.570 ;
; a[2]       ; disp2[2]    ; 7.574 ; 7.574 ; 7.574 ; 7.574 ;
; a[2]       ; disp2[3]    ; 7.758 ; 7.758 ; 7.758 ; 7.758 ;
; a[2]       ; disp2[4]    ; 7.518 ; 7.518 ; 7.518 ; 7.518 ;
; a[2]       ; disp2[6]    ; 7.758 ; 7.758 ; 7.758 ; 7.758 ;
; a[2]       ; ov          ; 6.290 ; 6.290 ; 6.290 ; 6.290 ;
; a[2]       ; sign        ; 6.988 ; 6.988 ; 6.988 ; 6.988 ;
; a[3]       ; disp1[0]    ; 7.251 ; 7.251 ; 7.251 ; 7.251 ;
; a[3]       ; disp1[1]    ; 7.240 ; 7.240 ; 7.240 ; 7.240 ;
; a[3]       ; disp1[2]    ; 7.253 ; 7.253 ; 7.253 ; 7.253 ;
; a[3]       ; disp1[3]    ; 7.342 ; 7.342 ; 7.342 ; 7.342 ;
; a[3]       ; disp1[4]    ; 7.362 ; 7.362 ; 7.362 ; 7.362 ;
; a[3]       ; disp1[5]    ; 7.248 ; 7.248 ; 7.248 ; 7.248 ;
; a[3]       ; disp1[6]    ; 7.380 ; 7.380 ; 7.380 ; 7.380 ;
; a[3]       ; disp2[0]    ; 6.946 ; 6.946 ; 6.946 ; 6.946 ;
; a[3]       ; disp2[1]    ; 7.129 ; 7.129 ; 7.129 ; 7.129 ;
; a[3]       ; disp2[2]    ; 7.133 ; 7.133 ; 7.133 ; 7.133 ;
; a[3]       ; disp2[3]    ; 7.317 ; 7.317 ; 7.317 ; 7.317 ;
; a[3]       ; disp2[4]    ; 7.175 ; 7.175 ; 7.175 ; 7.175 ;
; a[3]       ; disp2[6]    ; 7.317 ; 7.317 ; 7.317 ; 7.317 ;
; a[3]       ; ov          ; 5.849 ; 5.849 ; 5.849 ; 5.849 ;
; a[3]       ; sign        ; 6.547 ; 6.547 ; 6.547 ; 6.547 ;
; a[4]       ; disp1[0]    ; 7.207 ; 7.207 ; 7.207 ; 7.207 ;
; a[4]       ; disp1[1]    ; 7.183 ; 7.183 ; 7.183 ; 7.183 ;
; a[4]       ; disp1[2]    ; 7.209 ; 7.209 ; 7.209 ; 7.209 ;
; a[4]       ; disp1[3]    ; 7.295 ; 7.295 ; 7.295 ; 7.295 ;
; a[4]       ; disp1[4]    ; 7.319 ; 7.319 ; 7.319 ; 7.319 ;
; a[4]       ; disp1[5]    ; 7.201 ; 7.201 ; 7.201 ; 7.201 ;
; a[4]       ; disp1[6]    ; 7.322 ; 7.322 ; 7.322 ; 7.322 ;
; a[4]       ; disp2[0]    ; 6.748 ; 6.748 ; 6.748 ; 6.748 ;
; a[4]       ; disp2[1]    ; 6.931 ; 6.931 ; 6.931 ; 6.931 ;
; a[4]       ; disp2[2]    ; 6.935 ; 6.935 ; 6.935 ; 6.935 ;
; a[4]       ; disp2[3]    ; 7.119 ; 7.119 ; 7.119 ; 7.119 ;
; a[4]       ; disp2[4]    ; 7.046 ; 7.046 ; 7.046 ; 7.046 ;
; a[4]       ; disp2[6]    ; 7.119 ; 7.119 ; 7.119 ; 7.119 ;
; a[4]       ; ov          ; 6.080 ; 6.080 ; 6.080 ; 6.080 ;
; a[4]       ; sign        ; 6.349 ; 6.349 ; 6.349 ; 6.349 ;
; b[0]       ; disp1[0]    ; 6.715 ; 6.722 ; 6.722 ; 6.715 ;
; b[0]       ; disp1[1]    ; 6.712 ; 6.719 ; 6.719 ; 6.712 ;
; b[0]       ; disp1[2]    ; 6.720 ; 6.727 ; 6.727 ; 6.720 ;
; b[0]       ; disp1[3]    ; 6.802 ; 6.802 ; 6.802 ; 6.802 ;
; b[0]       ; disp1[4]    ; 6.828 ; 6.821 ; 6.821 ; 6.828 ;
; b[0]       ; disp1[5]    ; 6.705 ; 6.705 ; 6.705 ; 6.705 ;
; b[0]       ; disp1[6]    ; 6.847 ; 6.847 ; 6.847 ; 6.847 ;
; b[0]       ; disp2[0]    ; 7.350 ; 7.350 ; 7.350 ; 7.350 ;
; b[0]       ; disp2[1]    ; 7.452 ; 7.452 ; 7.452 ; 7.452 ;
; b[0]       ; disp2[2]    ; 7.456 ; 7.456 ; 7.456 ; 7.456 ;
; b[0]       ; disp2[3]    ; 7.641 ; 7.641 ; 7.641 ; 7.641 ;
; b[0]       ; disp2[4]    ; 7.495 ; 7.495 ; 7.495 ; 7.495 ;
; b[0]       ; disp2[6]    ; 7.641 ; 7.641 ; 7.641 ; 7.641 ;
; b[0]       ; ov          ; 6.773 ; 6.773 ; 6.773 ; 6.773 ;
; b[0]       ; sign        ; 7.578 ; 7.578 ; 7.578 ; 7.578 ;
; b[1]       ; disp1[0]    ; 7.021 ; 7.021 ; 7.021 ; 7.021 ;
; b[1]       ; disp1[1]    ; 6.997 ; 6.997 ; 6.997 ; 6.997 ;
; b[1]       ; disp1[2]    ; 7.023 ; 7.023 ; 7.023 ; 7.023 ;
; b[1]       ; disp1[3]    ; 7.109 ; 7.109 ; 7.109 ; 7.109 ;
; b[1]       ; disp1[4]    ; 7.133 ; 7.133 ; 7.133 ; 7.133 ;
; b[1]       ; disp1[5]    ; 7.015 ; 7.015 ; 7.015 ; 7.015 ;
; b[1]       ; disp1[6]    ; 7.136 ; 7.136 ; 7.136 ; 7.136 ;
; b[1]       ; disp2[0]    ; 7.081 ; 7.081 ; 7.081 ; 7.081 ;
; b[1]       ; disp2[1]    ; 7.153 ; 7.153 ; 7.153 ; 7.153 ;
; b[1]       ; disp2[2]    ; 7.160 ; 7.160 ; 7.160 ; 7.160 ;
; b[1]       ; disp2[3]    ; 7.291 ; 7.291 ; 7.291 ; 7.291 ;
; b[1]       ; disp2[4]    ; 7.333 ; 7.333 ; 7.333 ; 7.333 ;
; b[1]       ; disp2[6]    ; 7.291 ; 7.291 ; 7.291 ; 7.291 ;
; b[1]       ; ov          ; 6.382 ; 6.382 ; 6.382 ; 6.382 ;
; b[1]       ; sign        ; 7.080 ; 7.080 ; 7.080 ; 7.080 ;
; b[2]       ; disp1[0]    ; 7.585 ; 7.585 ; 7.585 ; 7.585 ;
; b[2]       ; disp1[1]    ; 7.566 ; 7.566 ; 7.566 ; 7.566 ;
; b[2]       ; disp1[2]    ; 7.587 ; 7.587 ; 7.587 ; 7.587 ;
; b[2]       ; disp1[3]    ; 7.673 ; 7.673 ; 7.673 ; 7.673 ;
; b[2]       ; disp1[4]    ; 7.697 ; 7.697 ; 7.697 ; 7.697 ;
; b[2]       ; disp1[5]    ; 7.579 ; 7.579 ; 7.579 ; 7.579 ;
; b[2]       ; disp1[6]    ; 7.700 ; 7.700 ; 7.700 ; 7.700 ;
; b[2]       ; disp2[0]    ; 7.377 ; 7.377 ; 7.377 ; 7.377 ;
; b[2]       ; disp2[1]    ; 7.629 ; 7.629 ; 7.629 ; 7.629 ;
; b[2]       ; disp2[2]    ; 7.633 ; 7.633 ; 7.633 ; 7.633 ;
; b[2]       ; disp2[3]    ; 7.759 ; 7.759 ; 7.759 ; 7.759 ;
; b[2]       ; disp2[4]    ; 7.647 ; 7.647 ; 7.647 ; 7.647 ;
; b[2]       ; disp2[6]    ; 7.759 ; 7.759 ; 7.759 ; 7.759 ;
; b[2]       ; ov          ; 6.421 ; 6.421 ; 6.421 ; 6.421 ;
; b[2]       ; sign        ; 7.119 ; 7.119 ; 7.119 ; 7.119 ;
; b[3]       ; disp1[0]    ; 7.350 ; 7.350 ; 7.350 ; 7.350 ;
; b[3]       ; disp1[1]    ; 7.339 ; 7.339 ; 7.339 ; 7.339 ;
; b[3]       ; disp1[2]    ; 7.352 ; 7.352 ; 7.352 ; 7.352 ;
; b[3]       ; disp1[3]    ; 7.441 ; 7.441 ; 7.441 ; 7.441 ;
; b[3]       ; disp1[4]    ; 7.461 ; 7.461 ; 7.461 ; 7.461 ;
; b[3]       ; disp1[5]    ; 7.347 ; 7.347 ; 7.347 ; 7.347 ;
; b[3]       ; disp1[6]    ; 7.479 ; 7.479 ; 7.479 ; 7.479 ;
; b[3]       ; disp2[0]    ; 7.089 ; 7.089 ; 7.089 ; 7.089 ;
; b[3]       ; disp2[1]    ; 7.272 ; 7.272 ; 7.272 ; 7.272 ;
; b[3]       ; disp2[2]    ; 7.276 ; 7.276 ; 7.276 ; 7.276 ;
; b[3]       ; disp2[3]    ; 7.460 ; 7.460 ; 7.460 ; 7.460 ;
; b[3]       ; disp2[4]    ; 7.274 ; 7.274 ; 7.274 ; 7.274 ;
; b[3]       ; disp2[6]    ; 7.460 ; 7.460 ; 7.460 ; 7.460 ;
; b[3]       ; ov          ; 5.992 ; 5.992 ; 5.992 ; 5.992 ;
; b[3]       ; sign        ; 6.690 ; 6.690 ; 6.690 ; 6.690 ;
; b[4]       ; disp1[0]    ; 7.300 ; 7.300 ; 7.300 ; 7.300 ;
; b[4]       ; disp1[1]    ; 7.276 ; 7.276 ; 7.276 ; 7.276 ;
; b[4]       ; disp1[2]    ; 7.302 ; 7.302 ; 7.302 ; 7.302 ;
; b[4]       ; disp1[3]    ; 7.388 ; 7.388 ; 7.388 ; 7.388 ;
; b[4]       ; disp1[4]    ; 7.412 ; 7.412 ; 7.412 ; 7.412 ;
; b[4]       ; disp1[5]    ; 7.294 ; 7.294 ; 7.294 ; 7.294 ;
; b[4]       ; disp1[6]    ; 7.415 ; 7.415 ; 7.415 ; 7.415 ;
; b[4]       ; disp2[0]    ; 6.841 ; 6.841 ; 6.841 ; 6.841 ;
; b[4]       ; disp2[1]    ; 7.024 ; 7.024 ; 7.024 ; 7.024 ;
; b[4]       ; disp2[2]    ; 7.028 ; 7.028 ; 7.028 ; 7.028 ;
; b[4]       ; disp2[3]    ; 7.212 ; 7.212 ; 7.212 ; 7.212 ;
; b[4]       ; disp2[4]    ; 7.139 ; 7.139 ; 7.139 ; 7.139 ;
; b[4]       ; disp2[6]    ; 7.212 ; 7.212 ; 7.212 ; 7.212 ;
; b[4]       ; ov          ; 6.243 ; 6.243 ; 6.243 ; 6.243 ;
; b[4]       ; sign        ; 6.442 ; 6.442 ; 6.442 ; 6.442 ;
; sel[0]     ; disp1[0]    ; 4.945 ; 4.871 ; 4.871 ; 4.945 ;
; sel[0]     ; disp1[1]    ; 4.921 ; 4.868 ; 4.868 ; 4.921 ;
; sel[0]     ; disp1[2]    ; 4.947 ; 4.876 ; 4.876 ; 4.947 ;
; sel[0]     ; disp1[3]    ; 4.958 ; 4.958 ; 4.958 ; 4.958 ;
; sel[0]     ; disp1[4]    ; 4.977 ; 5.057 ; 5.057 ; 4.977 ;
; sel[0]     ; disp1[5]    ; 4.861 ; 4.861 ; 4.861 ; 4.861 ;
; sel[0]     ; disp1[6]    ; 5.003 ; 5.003 ; 5.003 ; 5.003 ;
; sel[0]     ; disp2[0]    ; 4.486 ; 4.486 ; 4.486 ; 4.486 ;
; sel[0]     ; disp2[1]    ; 4.669 ; 4.669 ; 4.669 ; 4.669 ;
; sel[0]     ; disp2[2]    ; 4.673 ; 4.673 ; 4.673 ; 4.673 ;
; sel[0]     ; disp2[3]    ; 4.857 ; 4.857 ; 4.857 ; 4.857 ;
; sel[0]     ; disp2[4]    ; 4.784 ; 4.784 ; 4.784 ; 4.784 ;
; sel[0]     ; disp2[6]    ; 4.857 ; 4.857 ; 4.857 ; 4.857 ;
; sel[0]     ; sign        ; 4.087 ; 4.087 ; 4.087 ; 4.087 ;
; sel[1]     ; disp1[0]    ; 4.632 ; 4.849 ; 4.849 ; 4.632 ;
; sel[1]     ; disp1[1]    ; 4.629 ; 4.846 ; 4.846 ; 4.629 ;
; sel[1]     ; disp1[2]    ; 4.637 ; 4.854 ; 4.854 ; 4.637 ;
; sel[1]     ; disp1[3]    ; 4.719 ; 4.719 ; 4.719 ; 4.719 ;
; sel[1]     ; disp1[4]    ; 4.955 ; 4.738 ; 4.738 ; 4.955 ;
; sel[1]     ; disp1[5]    ; 4.622 ; 4.622 ; 4.622 ; 4.622 ;
; sel[1]     ; disp1[6]    ; 4.764 ; 4.764 ; 4.764 ; 4.764 ;
; sel[1]     ; disp2[0]    ; 4.579 ; 4.579 ; 4.579 ; 4.579 ;
; sel[1]     ; disp2[1]    ; 4.762 ; 4.762 ; 4.762 ; 4.762 ;
; sel[1]     ; disp2[2]    ; 4.766 ; 4.766 ; 4.766 ; 4.766 ;
; sel[1]     ; disp2[3]    ; 4.950 ; 4.950 ; 4.950 ; 4.950 ;
; sel[1]     ; disp2[4]    ; 4.877 ; 4.877 ; 4.877 ; 4.877 ;
; sel[1]     ; disp2[6]    ; 4.950 ; 4.950 ; 4.950 ; 4.950 ;
; sel[1]     ; sign        ; 4.180 ; 4.180 ; 4.180 ; 4.180 ;
; sel[2]     ; disp1[0]    ; 6.400 ; 6.243 ; 6.243 ; 6.400 ;
; sel[2]     ; disp1[1]    ; 6.457 ; 6.240 ; 6.240 ; 6.457 ;
; sel[2]     ; disp1[2]    ; 6.402 ; 6.248 ; 6.248 ; 6.402 ;
; sel[2]     ; disp1[3]    ; 6.330 ; 6.330 ; 6.330 ; 6.330 ;
; sel[2]     ; disp1[4]    ; 6.349 ; 6.512 ; 6.512 ; 6.349 ;
; sel[2]     ; disp1[5]    ; 6.233 ; 6.233 ; 6.233 ; 6.233 ;
; sel[2]     ; disp1[6]    ; 6.375 ; 6.375 ; 6.375 ; 6.375 ;
; sel[2]     ; disp2[0]    ; 6.460 ; 6.538 ; 6.538 ; 6.460 ;
; sel[2]     ; disp2[1]    ; 6.700 ; 6.532 ; 6.532 ; 6.700 ;
; sel[2]     ; disp2[2]    ; 6.704 ; 6.539 ; 6.539 ; 6.704 ;
; sel[2]     ; disp2[3]    ; 6.842 ; 6.670 ; 6.670 ; 6.842 ;
; sel[2]     ; disp2[4]    ; 6.712 ; 6.743 ; 6.743 ; 6.712 ;
; sel[2]     ; disp2[6]    ; 6.842 ; 6.670 ; 6.670 ; 6.842 ;
; sel[2]     ; sign        ; 6.139 ; 6.139 ; 6.139 ; 6.139 ;
+------------+-------------+-------+-------+-------+-------+


-------------------
; Clock Transfers ;
-------------------
Nothing to report.


---------------
; Report TCCS ;
---------------
No dedicated SERDES Transmitter circuitry present in device or used in design


---------------
; Report RSKM ;
---------------
No dedicated SERDES Receiver circuitry present in device or used in design


+------------------------------------------------+
; Unconstrained Paths                            ;
+---------------------------------+-------+------+
; Property                        ; Setup ; Hold ;
+---------------------------------+-------+------+
; Illegal Clocks                  ; 0     ; 0    ;
; Unconstrained Clocks            ; 0     ; 0    ;
; Unconstrained Input Ports       ; 13    ; 13   ;
; Unconstrained Input Port Paths  ; 257   ; 257  ;
; Unconstrained Output Ports      ; 15    ; 15   ;
; Unconstrained Output Port Paths ; 279   ; 279  ;
+---------------------------------+-------+------+


+------------------------------------+
; TimeQuest Timing Analyzer Messages ;
+------------------------------------+
Info: *******************************************************************
Info: Running Quartus II 64-Bit TimeQuest Timing Analyzer
    Info: Version 13.0.1 Build 232 06/12/2013 Service Pack 1 SJ Web Edition
    Info: Processing started: Tue Mar 16 20:22:23 2021
Info: Command: quartus_sta pr7 -c pr7
Info: qsta_default_script.tcl version: #1
Warning (20028): Parallel compilation is not licensed and has been disabled
Info (21077): Low junction temperature is 0 degrees C
Info (21077): High junction temperature is 85 degrees C
Warning (335093): TimeQuest Timing Analyzer is analyzing 9 combinational loops as latches.
Critical Warning (332012): Synopsys Design Constraints File file not found: 'pr7.sdc'. A Synopsys Design Constraints File is required by the TimeQuest Timing Analyzer to get proper timing constraints. Without it, the Compiler will not properly optimize the design.
Info (332142): No user constrained base clocks found in the design. Calling "derive_clocks -period 1.0"
Info (332096): The command derive_clocks did not find any clocks to derive.  No clocks were created or changed.
Warning (332068): No clocks defined in design.
Info: Found TIMEQUEST_REPORT_SCRIPT_INCLUDE_DEFAULT_ANALYSIS = ON
Info (332159): No clocks to report
Info: Analyzing Slow Model
Info (332140): No fmax paths to report
Info (332140): No Setup paths to report
Info (332140): No Hold paths to report
Info (332140): No Recovery paths to report
Info (332140): No Removal paths to report
Info (332140): No Minimum Pulse Width paths to report
Info (332001): The selected device family is not supported by the report_metastability command.
Info: Analyzing Fast Model
Info (332142): No user constrained base clocks found in the design. Calling "derive_clocks -period 1.0"
Info (332096): The command derive_clocks did not find any clocks to derive.  No clocks were created or changed.
Warning (332068): No clocks defined in design.
Info (332140): No Setup paths to report
Info (332140): No Hold paths to report
Info (332140): No Recovery paths to report
Info (332140): No Removal paths to report
Info (332140): No Minimum Pulse Width paths to report
Info (332001): The selected device family is not supported by the report_metastability command.
Info (332102): Design is not fully constrained for setup requirements
Info (332102): Design is not fully constrained for hold requirements
Info: Quartus II 64-Bit TimeQuest Timing Analyzer was successful. 0 errors, 5 warnings
    Info: Peak virtual memory: 4535 megabytes
    Info: Processing ended: Tue Mar 16 20:22:25 2021
    Info: Elapsed time: 00:00:02
    Info: Total CPU time (on all processors): 00:00:02


